[2023-07-25 23:22:44] dev.ERROR: PDOException: SQLSTATE[HY000] [1045] Access denied for user 'dealix_site_novo'@'localhost' (using password: YES) in C:\wamp64\www\httpdocs\vendor\doctrine\dbal\lib\Doctrine\DBAL\Driver\PDOConnection.php:40
Stack trace:
#0 C:\wamp64\www\httpdocs\vendor\doctrine\dbal\lib\Doctrine\DBAL\Driver\PDOConnection.php(40): PDO->__construct('mysql:host=127....', 'dealix_site_nov...', '84%Fl3go', Array)
#1 C:\wamp64\www\httpdocs\vendor\laravel\framework\src\Illuminate\Database\Connectors\Connector.php(67): Doctrine\DBAL\Driver\PDOConnection->__construct('mysql:host=127....', 'dealix_site_nov...', '84%Fl3go', Array)
#2 C:\wamp64\www\httpdocs\vendor\laravel\framework\src\Illuminate\Database\Connectors\Connector.php(46): Illuminate\Database\Connectors\Connector->createPdoConnection('mysql:host=127....', 'dealix_site_nov...', '84%Fl3go', Array)
#3 C:\wamp64\www\httpdocs\vendor\laravel\framework\src\Illuminate\Database\Connectors\MySqlConnector.php(24): Illuminate\Database\Connectors\Connector->createConnection('mysql:host=127....', Array, Array)
#4 C:\wamp64\www\httpdocs\vendor\october\rain\src\Database\Connectors\ConnectionFactory.php(29): Illuminate\Database\Connectors\MySqlConnector->connect(Array)
#5 [internal function]: October\Rain\Database\Connectors\ConnectionFactory->October\Rain\Database\Connectors\{closure}()
#6 C:\wamp64\www\httpdocs\vendor\laravel\framework\src\Illuminate\Database\Connection.php(924): call_user_func(Object(Closure))
#7 C:\wamp64\www\httpdocs\vendor\laravel\framework\src\Illuminate\Database\Connection.php(959): Illuminate\Database\Connection->getPdo()
#8 C:\wamp64\www\httpdocs\vendor\laravel\framework\src\Illuminate\Database\Connection.php(404): Illuminate\Database\Connection->getReadPdo()
#9 C:\wamp64\www\httpdocs\vendor\laravel\framework\src\Illuminate\Database\Connection.php(330): Illuminate\Database\Connection->getPdoForSelect(true)
#10 C:\wamp64\www\httpdocs\vendor\laravel\framework\src\Illuminate\Database\Connection.php(662): Illuminate\Database\Connection->Illuminate\Database\{closure}('select * from `...', Array)
#11 C:\wamp64\www\httpdocs\vendor\laravel\framework\src\Illuminate\Database\Connection.php(629): Illuminate\Database\Connection->runQueryCallback('select * from `...', Array, Object(Closure))
#12 C:\wamp64\www\httpdocs\vendor\laravel\framework\src\Illuminate\Database\Connection.php(338): Illuminate\Database\Connection->run('select * from `...', Array, Object(Closure))
#13 C:\wamp64\www\httpdocs\vendor\laravel\framework\src\Illuminate\Database\Query\Builder.php(2159): Illuminate\Database\Connection->select('select * from `...', Array, true)
#14 C:\wamp64\www\httpdocs\vendor\laravel\framework\src\Illuminate\Database\Query\Builder.php(2147): Illuminate\Database\Query\Builder->runSelect()
#15 C:\wamp64\www\httpdocs\vendor\laravel\framework\src\Illuminate\Database\Query\Builder.php(2619): Illuminate\Database\Query\Builder->Illuminate\Database\Query\{closure}()
#16 C:\wamp64\www\httpdocs\vendor\laravel\framework\src\Illuminate\Database\Query\Builder.php(2148): Illuminate\Database\Query\Builder->onceWithColumns(Array, Object(Closure))
#17 C:\wamp64\www\httpdocs\vendor\october\rain\src\Database\QueryBuilder.php(230): Illuminate\Database\Query\Builder->get(Array)
#18 C:\wamp64\www\httpdocs\vendor\laravel\framework\src\Illuminate\Cache\Repository.php(383): October\Rain\Database\QueryBuilder->October\Rain\Database\{closure}()
#19 C:\wamp64\www\httpdocs\vendor\laravel\framework\src\Illuminate\Cache\CacheManager.php(390): Illuminate\Cache\Repository->remember('system::setting...', Object(Illuminate\Support\Carbon), Object(Closure))
#20 C:\wamp64\www\httpdocs\vendor\october\rain\src\Database\QueryBuilder.php(171): Illuminate\Cache\CacheManager->__call('remember', Array)
#21 C:\wamp64\www\httpdocs\vendor\october\rain\src\Database\QueryBuilder.php(129): October\Rain\Database\QueryBuilder->getCached(Array)
#22 C:\wamp64\www\httpdocs\vendor\october\rain\src\Database\QueryBuilder.php(100): October\Rain\Database\QueryBuilder->getDuplicateCached(Array)
#23 C:\wamp64\www\httpdocs\vendor\laravel\framework\src\Illuminate\Database\Eloquent\Builder.php(546): October\Rain\Database\QueryBuilder->get(Array)
#24 C:\wamp64\www\httpdocs\vendor\laravel\framework\src\Illuminate\Database\Eloquent\Builder.php(530): Illuminate\Database\Eloquent\Builder->getModels(Array)
#25 C:\wamp64\www\httpdocs\vendor\laravel\framework\src\Illuminate\Database\Concerns\BuildsQueries.php(143): Illuminate\Database\Eloquent\Builder->get(Array)
#26 C:\wamp64\www\httpdocs\modules\system\behaviors\SettingsModel.php(114): Illuminate\Database\Eloquent\Builder->first()
#27 C:\wamp64\www\httpdocs\modules\system\behaviors\SettingsModel.php(76): System\Behaviors\SettingsModel->getSettingsRecord()
#28 C:\wamp64\www\httpdocs\modules\system\behaviors\SettingsModel.php(135): System\Behaviors\SettingsModel->instance()
#29 [internal function]: System\Behaviors\SettingsModel->get('ignore_debug_mo...', false)
#30 C:\wamp64\www\httpdocs\vendor\october\rain\src\Extension\ExtendableTrait.php(414): call_user_func_array(Array, Array)
#31 C:\wamp64\www\httpdocs\vendor\october\rain\src\Database\Model.php(681): October\Rain\Database\Model->extendableCall('get', Array)
#32 C:\wamp64\www\httpdocs\vendor\laravel\framework\src\Illuminate\Database\Eloquent\Model.php(1634): October\Rain\Database\Model->__call('get', Array)
#33 C:\wamp64\www\httpdocs\plugins\offline\sentry\Plugin.php(223): Illuminate\Database\Eloquent\Model::__callStatic('get', Array)
#34 C:\wamp64\www\httpdocs\plugins\offline\sentry\Plugin.php(213): OFFLINE\Sentry\Plugin->ignoreDebugMode()
#35 C:\wamp64\www\httpdocs\plugins\offline\sentry\Plugin.php(43): OFFLINE\Sentry\Plugin->useSentryExceptionHandler()
#36 C:\wamp64\www\httpdocs\modules\system\classes\PluginManager.php(317): OFFLINE\Sentry\Plugin->boot()
#37 C:\wamp64\www\httpdocs\modules\system\classes\PluginManager.php(299): System\Classes\PluginManager->bootPlugin(Object(OFFLINE\Sentry\Plugin))
#38 C:\wamp64\www\httpdocs\modules\system\ServiceProvider.php(113): System\Classes\PluginManager->bootAll()
#39 C:\wamp64\www\httpdocs\vendor\laravel\framework\src\Illuminate\Container\BoundMethod.php(36): System\ServiceProvider->boot()
#40 C:\wamp64\www\httpdocs\vendor\laravel\framework\src\Illuminate\Container\Util.php(37): Illuminate\Container\BoundMethod::Illuminate\Container\{closure}()
#41 C:\wamp64\www\httpdocs\vendor\laravel\framework\src\Illuminate\Container\BoundMethod.php(93): Illuminate\Container\Util::unwrapIfClosure(Object(Closure))
#42 C:\wamp64\www\httpdocs\vendor\laravel\framework\src\Illuminate\Container\BoundMethod.php(37): Illuminate\Container\BoundMethod::callBoundMethod(Object(October\Rain\Foundation\Application), Array, Object(Closure))
#43 C:\wamp64\www\httpdocs\vendor\laravel\framework\src\Illuminate\Container\Container.php(590): Illuminate\Container\BoundMethod::call(Object(October\Rain\Foundation\Application), Array, Array, NULL)
#44 C:\wamp64\www\httpdocs\vendor\laravel\framework\src\Illuminate\Foundation\Application.php(856): Illuminate\Container\Container->call(Array)
#45 C:\wamp64\www\httpdocs\vendor\laravel\framework\src\Illuminate\Foundation\Application.php(839): Illuminate\Foundation\Application->bootProvider(Object(System\ServiceProvider))
#46 [internal function]: Illuminate\Foundation\Application->Illuminate\Foundation\{closure}(Object(System\ServiceProvider), 23)
#47 C:\wamp64\www\httpdocs\vendor\laravel\framework\src\Illuminate\Foundation\Application.php(840): array_walk(Array, Object(Closure))
#48 C:\wamp64\www\httpdocs\vendor\laravel\framework\src\Illuminate\Foundation\Bootstrap\BootProviders.php(17): Illuminate\Foundation\Application->boot()
#49 C:\wamp64\www\httpdocs\vendor\october\rain\src\Foundation\Application.php(127): Illuminate\Foundation\Bootstrap\BootProviders->bootstrap(Object(October\Rain\Foundation\Application))
#50 C:\wamp64\www\httpdocs\vendor\laravel\framework\src\Illuminate\Foundation\Http\Kernel.php(156): October\Rain\Foundation\Application->bootstrapWith(Array)
#51 C:\wamp64\www\httpdocs\vendor\laravel\framework\src\Illuminate\Foundation\Http\Kernel.php(140): Illuminate\Foundation\Http\Kernel->bootstrap()
#52 C:\wamp64\www\httpdocs\vendor\laravel\framework\src\Illuminate\Foundation\Http\Kernel.php(110): Illuminate\Foundation\Http\Kernel->sendRequestThroughRouter(Object(Illuminate\Http\Request))
#53 C:\wamp64\www\httpdocs\index.php(43): Illuminate\Foundation\Http\Kernel->handle(Object(Illuminate\Http\Request))
#54 {main}

Next Doctrine\DBAL\Driver\PDO\Exception: SQLSTATE[HY000] [1045] Access denied for user 'dealix_site_novo'@'localhost' (using password: YES) in C:\wamp64\www\httpdocs\vendor\doctrine\dbal\lib\Doctrine\DBAL\Driver\PDO\Exception.php:18
Stack trace:
#0 C:\wamp64\www\httpdocs\vendor\doctrine\dbal\lib\Doctrine\DBAL\Driver\PDOConnection.php(44): Doctrine\DBAL\Driver\PDO\Exception::new(Object(PDOException))
#1 C:\wamp64\www\httpdocs\vendor\laravel\framework\src\Illuminate\Database\Connectors\Connector.php(67): Doctrine\DBAL\Driver\PDOConnection->__construct('mysql:host=127....', 'dealix_site_nov...', '84%Fl3go', Array)
#2 C:\wamp64\www\httpdocs\vendor\laravel\framework\src\Illuminate\Database\Connectors\Connector.php(46): Illuminate\Database\Connectors\Connector->createPdoConnection('mysql:host=127....', 'dealix_site_nov...', '84%Fl3go', Array)
#3 C:\wamp64\www\httpdocs\vendor\laravel\framework\src\Illuminate\Database\Connectors\MySqlConnector.php(24): Illuminate\Database\Connectors\Connector->createConnection('mysql:host=127....', Array, Array)
#4 C:\wamp64\www\httpdocs\vendor\october\rain\src\Database\Connectors\ConnectionFactory.php(29): Illuminate\Database\Connectors\MySqlConnector->connect(Array)
#5 [internal function]: October\Rain\Database\Connectors\ConnectionFactory->October\Rain\Database\Connectors\{closure}()
#6 C:\wamp64\www\httpdocs\vendor\laravel\framework\src\Illuminate\Database\Connection.php(924): call_user_func(Object(Closure))
#7 C:\wamp64\www\httpdocs\vendor\laravel\framework\src\Illuminate\Database\Connection.php(959): Illuminate\Database\Connection->getPdo()
#8 C:\wamp64\www\httpdocs\vendor\laravel\framework\src\Illuminate\Database\Connection.php(404): Illuminate\Database\Connection->getReadPdo()
#9 C:\wamp64\www\httpdocs\vendor\laravel\framework\src\Illuminate\Database\Connection.php(330): Illuminate\Database\Connection->getPdoForSelect(true)
#10 C:\wamp64\www\httpdocs\vendor\laravel\framework\src\Illuminate\Database\Connection.php(662): Illuminate\Database\Connection->Illuminate\Database\{closure}('select * from `...', Array)
#11 C:\wamp64\www\httpdocs\vendor\laravel\framework\src\Illuminate\Database\Connection.php(629): Illuminate\Database\Connection->runQueryCallback('select * from `...', Array, Object(Closure))
#12 C:\wamp64\www\httpdocs\vendor\laravel\framework\src\Illuminate\Database\Connection.php(338): Illuminate\Database\Connection->run('select * from `...', Array, Object(Closure))
#13 C:\wamp64\www\httpdocs\vendor\laravel\framework\src\Illuminate\Database\Query\Builder.php(2159): Illuminate\Database\Connection->select('select * from `...', Array, true)
#14 C:\wamp64\www\httpdocs\vendor\laravel\framework\src\Illuminate\Database\Query\Builder.php(2147): Illuminate\Database\Query\Builder->runSelect()
#15 C:\wamp64\www\httpdocs\vendor\laravel\framework\src\Illuminate\Database\Query\Builder.php(2619): Illuminate\Database\Query\Builder->Illuminate\Database\Query\{closure}()
#16 C:\wamp64\www\httpdocs\vendor\laravel\framework\src\Illuminate\Database\Query\Builder.php(2148): Illuminate\Database\Query\Builder->onceWithColumns(Array, Object(Closure))
#17 C:\wamp64\www\httpdocs\vendor\october\rain\src\Database\QueryBuilder.php(230): Illuminate\Database\Query\Builder->get(Array)
#18 C:\wamp64\www\httpdocs\vendor\laravel\framework\src\Illuminate\Cache\Repository.php(383): October\Rain\Database\QueryBuilder->October\Rain\Database\{closure}()
#19 C:\wamp64\www\httpdocs\vendor\laravel\framework\src\Illuminate\Cache\CacheManager.php(390): Illuminate\Cache\Repository->remember('system::setting...', Object(Illuminate\Support\Carbon), Object(Closure))
#20 C:\wamp64\www\httpdocs\vendor\october\rain\src\Database\QueryBuilder.php(171): Illuminate\Cache\CacheManager->__call('remember', Array)
#21 C:\wamp64\www\httpdocs\vendor\october\rain\src\Database\QueryBuilder.php(129): October\Rain\Database\QueryBuilder->getCached(Array)
#22 C:\wamp64\www\httpdocs\vendor\october\rain\src\Database\QueryBuilder.php(100): October\Rain\Database\QueryBuilder->getDuplicateCached(Array)
#23 C:\wamp64\www\httpdocs\vendor\laravel\framework\src\Illuminate\Database\Eloquent\Builder.php(546): October\Rain\Database\QueryBuilder->get(Array)
#24 C:\wamp64\www\httpdocs\vendor\laravel\framework\src\Illuminate\Database\Eloquent\Builder.php(530): Illuminate\Database\Eloquent\Builder->getModels(Array)
#25 C:\wamp64\www\httpdocs\vendor\laravel\framework\src\Illuminate\Database\Concerns\BuildsQueries.php(143): Illuminate\Database\Eloquent\Builder->get(Array)
#26 C:\wamp64\www\httpdocs\modules\system\behaviors\SettingsModel.php(114): Illuminate\Database\Eloquent\Builder->first()
#27 C:\wamp64\www\httpdocs\modules\system\behaviors\SettingsModel.php(76): System\Behaviors\SettingsModel->getSettingsRecord()
#28 C:\wamp64\www\httpdocs\modules\system\behaviors\SettingsModel.php(135): System\Behaviors\SettingsModel->instance()
#29 [internal function]: System\Behaviors\SettingsModel->get('ignore_debug_mo...', false)
#30 C:\wamp64\www\httpdocs\vendor\october\rain\src\Extension\ExtendableTrait.php(414): call_user_func_array(Array, Array)
#31 C:\wamp64\www\httpdocs\vendor\october\rain\src\Database\Model.php(681): October\Rain\Database\Model->extendableCall('get', Array)
#32 C:\wamp64\www\httpdocs\vendor\laravel\framework\src\Illuminate\Database\Eloquent\Model.php(1634): October\Rain\Database\Model->__call('get', Array)
#33 C:\wamp64\www\httpdocs\plugins\offline\sentry\Plugin.php(223): Illuminate\Database\Eloquent\Model::__callStatic('get', Array)
#34 C:\wamp64\www\httpdocs\plugins\offline\sentry\Plugin.php(213): OFFLINE\Sentry\Plugin->ignoreDebugMode()
#35 C:\wamp64\www\httpdocs\plugins\offline\sentry\Plugin.php(43): OFFLINE\Sentry\Plugin->useSentryExceptionHandler()
#36 C:\wamp64\www\httpdocs\modules\system\classes\PluginManager.php(317): OFFLINE\Sentry\Plugin->boot()
#37 C:\wamp64\www\httpdocs\modules\system\classes\PluginManager.php(299): System\Classes\PluginManager->bootPlugin(Object(OFFLINE\Sentry\Plugin))
#38 C:\wamp64\www\httpdocs\modules\system\ServiceProvider.php(113): System\Classes\PluginManager->bootAll()
#39 C:\wamp64\www\httpdocs\vendor\laravel\framework\src\Illuminate\Container\BoundMethod.php(36): System\ServiceProvider->boot()
#40 C:\wamp64\www\httpdocs\vendor\laravel\framework\src\Illuminate\Container\Util.php(37): Illuminate\Container\BoundMethod::Illuminate\Container\{closure}()
#41 C:\wamp64\www\httpdocs\vendor\laravel\framework\src\Illuminate\Container\BoundMethod.php(93): Illuminate\Container\Util::unwrapIfClosure(Object(Closure))
#42 C:\wamp64\www\httpdocs\vendor\laravel\framework\src\Illuminate\Container\BoundMethod.php(37): Illuminate\Container\BoundMethod::callBoundMethod(Object(October\Rain\Foundation\Application), Array, Object(Closure))
#43 C:\wamp64\www\httpdocs\vendor\laravel\framework\src\Illuminate\Container\Container.php(590): Illuminate\Container\BoundMethod::call(Object(October\Rain\Foundation\Application), Array, Array, NULL)
#44 C:\wamp64\www\httpdocs\vendor\laravel\framework\src\Illuminate\Foundation\Application.php(856): Illuminate\Container\Container->call(Array)
#45 C:\wamp64\www\httpdocs\vendor\laravel\framework\src\Illuminate\Foundation\Application.php(839): Illuminate\Foundation\Application->bootProvider(Object(System\ServiceProvider))
#46 [internal function]: Illuminate\Foundation\Application->Illuminate\Foundation\{closure}(Object(System\ServiceProvider), 23)
#47 C:\wamp64\www\httpdocs\vendor\laravel\framework\src\Illuminate\Foundation\Application.php(840): array_walk(Array, Object(Closure))
#48 C:\wamp64\www\httpdocs\vendor\laravel\framework\src\Illuminate\Foundation\Bootstrap\BootProviders.php(17): Illuminate\Foundation\Application->boot()
#49 C:\wamp64\www\httpdocs\vendor\october\rain\src\Foundation\Application.php(127): Illuminate\Foundation\Bootstrap\BootProviders->bootstrap(Object(October\Rain\Foundation\Application))
#50 C:\wamp64\www\httpdocs\vendor\laravel\framework\src\Illuminate\Foundation\Http\Kernel.php(156): October\Rain\Foundation\Application->bootstrapWith(Array)
#51 C:\wamp64\www\httpdocs\vendor\laravel\framework\src\Illuminate\Foundation\Http\Kernel.php(140): Illuminate\Foundation\Http\Kernel->bootstrap()
#52 C:\wamp64\www\httpdocs\vendor\laravel\framework\src\Illuminate\Foundation\Http\Kernel.php(110): Illuminate\Foundation\Http\Kernel->sendRequestThroughRouter(Object(Illuminate\Http\Request))
#53 C:\wamp64\www\httpdocs\index.php(43): Illuminate\Foundation\Http\Kernel->handle(Object(Illuminate\Http\Request))
#54 {main}

Next Illuminate\Database\QueryException: SQLSTATE[HY000] [1045] Access denied for user 'dealix_site_novo'@'localhost' (using password: YES) (SQL: select * from `system_settings` where `item` = offline_sentry_settings limit 1) in C:\wamp64\www\httpdocs\vendor\laravel\framework\src\Illuminate\Database\Connection.php:669
Stack trace:
#0 C:\wamp64\www\httpdocs\vendor\laravel\framework\src\Illuminate\Database\Connection.php(629): Illuminate\Database\Connection->runQueryCallback('select * from `...', Array, Object(Closure))
#1 C:\wamp64\www\httpdocs\vendor\laravel\framework\src\Illuminate\Database\Connection.php(338): Illuminate\Database\Connection->run('select * from `...', Array, Object(Closure))
#2 C:\wamp64\www\httpdocs\vendor\laravel\framework\src\Illuminate\Database\Query\Builder.php(2159): Illuminate\Database\Connection->select('select * from `...', Array, true)
#3 C:\wamp64\www\httpdocs\vendor\laravel\framework\src\Illuminate\Database\Query\Builder.php(2147): Illuminate\Database\Query\Builder->runSelect()
#4 C:\wamp64\www\httpdocs\vendor\laravel\framework\src\Illuminate\Database\Query\Builder.php(2619): Illuminate\Database\Query\Builder->Illuminate\Database\Query\{closure}()
#5 C:\wamp64\www\httpdocs\vendor\laravel\framework\src\Illuminate\Database\Query\Builder.php(2148): Illuminate\Database\Query\Builder->onceWithColumns(Array, Object(Closure))
#6 C:\wamp64\www\httpdocs\vendor\october\rain\src\Database\QueryBuilder.php(230): Illuminate\Database\Query\Builder->get(Array)
#7 C:\wamp64\www\httpdocs\vendor\laravel\framework\src\Illuminate\Cache\Repository.php(383): October\Rain\Database\QueryBuilder->October\Rain\Database\{closure}()
#8 C:\wamp64\www\httpdocs\vendor\laravel\framework\src\Illuminate\Cache\CacheManager.php(390): Illuminate\Cache\Repository->remember('system::setting...', Object(Illuminate\Support\Carbon), Object(Closure))
#9 C:\wamp64\www\httpdocs\vendor\october\rain\src\Database\QueryBuilder.php(171): Illuminate\Cache\CacheManager->__call('remember', Array)
#10 C:\wamp64\www\httpdocs\vendor\october\rain\src\Database\QueryBuilder.php(129): October\Rain\Database\QueryBuilder->getCached(Array)
#11 C:\wamp64\www\httpdocs\vendor\october\rain\src\Database\QueryBuilder.php(100): October\Rain\Database\QueryBuilder->getDuplicateCached(Array)
#12 C:\wamp64\www\httpdocs\vendor\laravel\framework\src\Illuminate\Database\Eloquent\Builder.php(546): October\Rain\Database\QueryBuilder->get(Array)
#13 C:\wamp64\www\httpdocs\vendor\laravel\framework\src\Illuminate\Database\Eloquent\Builder.php(530): Illuminate\Database\Eloquent\Builder->getModels(Array)
#14 C:\wamp64\www\httpdocs\vendor\laravel\framework\src\Illuminate\Database\Concerns\BuildsQueries.php(143): Illuminate\Database\Eloquent\Builder->get(Array)
#15 C:\wamp64\www\httpdocs\modules\system\behaviors\SettingsModel.php(114): Illuminate\Database\Eloquent\Builder->first()
#16 C:\wamp64\www\httpdocs\modules\system\behaviors\SettingsModel.php(76): System\Behaviors\SettingsModel->getSettingsRecord()
#17 C:\wamp64\www\httpdocs\modules\system\behaviors\SettingsModel.php(135): System\Behaviors\SettingsModel->instance()
#18 [internal function]: System\Behaviors\SettingsModel->get('ignore_debug_mo...', false)
#19 C:\wamp64\www\httpdocs\vendor\october\rain\src\Extension\ExtendableTrait.php(414): call_user_func_array(Array, Array)
#20 C:\wamp64\www\httpdocs\vendor\october\rain\src\Database\Model.php(681): October\Rain\Database\Model->extendableCall('get', Array)
#21 C:\wamp64\www\httpdocs\vendor\laravel\framework\src\Illuminate\Database\Eloquent\Model.php(1634): October\Rain\Database\Model->__call('get', Array)
#22 C:\wamp64\www\httpdocs\plugins\offline\sentry\Plugin.php(223): Illuminate\Database\Eloquent\Model::__callStatic('get', Array)
#23 C:\wamp64\www\httpdocs\plugins\offline\sentry\Plugin.php(213): OFFLINE\Sentry\Plugin->ignoreDebugMode()
#24 C:\wamp64\www\httpdocs\plugins\offline\sentry\Plugin.php(43): OFFLINE\Sentry\Plugin->useSentryExceptionHandler()
#25 C:\wamp64\www\httpdocs\modules\system\classes\PluginManager.php(317): OFFLINE\Sentry\Plugin->boot()
#26 C:\wamp64\www\httpdocs\modules\system\classes\PluginManager.php(299): System\Classes\PluginManager->bootPlugin(Object(OFFLINE\Sentry\Plugin))
#27 C:\wamp64\www\httpdocs\modules\system\ServiceProvider.php(113): System\Classes\PluginManager->bootAll()
#28 C:\wamp64\www\httpdocs\vendor\laravel\framework\src\Illuminate\Container\BoundMethod.php(36): System\ServiceProvider->boot()
#29 C:\wamp64\www\httpdocs\vendor\laravel\framework\src\Illuminate\Container\Util.php(37): Illuminate\Container\BoundMethod::Illuminate\Container\{closure}()
#30 C:\wamp64\www\httpdocs\vendor\laravel\framework\src\Illuminate\Container\BoundMethod.php(93): Illuminate\Container\Util::unwrapIfClosure(Object(Closure))
#31 C:\wamp64\www\httpdocs\vendor\laravel\framework\src\Illuminate\Container\BoundMethod.php(37): Illuminate\Container\BoundMethod::callBoundMethod(Object(October\Rain\Foundation\Application), Array, Object(Closure))
#32 C:\wamp64\www\httpdocs\vendor\laravel\framework\src\Illuminate\Container\Container.php(590): Illuminate\Container\BoundMethod::call(Object(October\Rain\Foundation\Application), Array, Array, NULL)
#33 C:\wamp64\www\httpdocs\vendor\laravel\framework\src\Illuminate\Foundation\Application.php(856): Illuminate\Container\Container->call(Array)
#34 C:\wamp64\www\httpdocs\vendor\laravel\framework\src\Illuminate\Foundation\Application.php(839): Illuminate\Foundation\Application->bootProvider(Object(System\ServiceProvider))
#35 [internal function]: Illuminate\Foundation\Application->Illuminate\Foundation\{closure}(Object(System\ServiceProvider), 23)
#36 C:\wamp64\www\httpdocs\vendor\laravel\framework\src\Illuminate\Foundation\Application.php(840): array_walk(Array, Object(Closure))
#37 C:\wamp64\www\httpdocs\vendor\laravel\framework\src\Illuminate\Foundation\Bootstrap\BootProviders.php(17): Illuminate\Foundation\Application->boot()
#38 C:\wamp64\www\httpdocs\vendor\october\rain\src\Foundation\Application.php(127): Illuminate\Foundation\Bootstrap\BootProviders->bootstrap(Object(October\Rain\Foundation\Application))
#39 C:\wamp64\www\httpdocs\vendor\laravel\framework\src\Illuminate\Foundation\Http\Kernel.php(156): October\Rain\Foundation\Application->bootstrapWith(Array)
#40 C:\wamp64\www\httpdocs\vendor\laravel\framework\src\Illuminate\Foundation\Http\Kernel.php(140): Illuminate\Foundation\Http\Kernel->bootstrap()
#41 C:\wamp64\www\httpdocs\vendor\laravel\framework\src\Illuminate\Foundation\Http\Kernel.php(110): Illuminate\Foundation\Http\Kernel->sendRequestThroughRouter(Object(Illuminate\Http\Request))
#42 C:\wamp64\www\httpdocs\index.php(43): Illuminate\Foundation\Http\Kernel->handle(Object(Illuminate\Http\Request))
#43 {main}  
[2023-07-25 23:29:29] dev.ERROR: PDOException: SQLSTATE[HY000] [1045] Access denied for user 'dealix_site_novo'@'localhost' (using password: YES) in C:\wamp64\www\httpdocs\vendor\doctrine\dbal\lib\Doctrine\DBAL\Driver\PDOConnection.php:40
Stack trace:
#0 C:\wamp64\www\httpdocs\vendor\doctrine\dbal\lib\Doctrine\DBAL\Driver\PDOConnection.php(40): PDO->__construct('mysql:host=127....', 'dealix_site_nov...', '84%Fl3go', Array)
#1 C:\wamp64\www\httpdocs\vendor\laravel\framework\src\Illuminate\Database\Connectors\Connector.php(67): Doctrine\DBAL\Driver\PDOConnection->__construct('mysql:host=127....', 'dealix_site_nov...', '84%Fl3go', Array)
#2 C:\wamp64\www\httpdocs\vendor\laravel\framework\src\Illuminate\Database\Connectors\Connector.php(46): Illuminate\Database\Connectors\Connector->createPdoConnection('mysql:host=127....', 'dealix_site_nov...', '84%Fl3go', Array)
#3 C:\wamp64\www\httpdocs\vendor\laravel\framework\src\Illuminate\Database\Connectors\MySqlConnector.php(24): Illuminate\Database\Connectors\Connector->createConnection('mysql:host=127....', Array, Array)
#4 C:\wamp64\www\httpdocs\vendor\october\rain\src\Database\Connectors\ConnectionFactory.php(29): Illuminate\Database\Connectors\MySqlConnector->connect(Array)
#5 [internal function]: October\Rain\Database\Connectors\ConnectionFactory->October\Rain\Database\Connectors\{closure}()
#6 C:\wamp64\www\httpdocs\vendor\laravel\framework\src\Illuminate\Database\Connection.php(924): call_user_func(Object(Closure))
#7 C:\wamp64\www\httpdocs\vendor\laravel\framework\src\Illuminate\Database\Connection.php(959): Illuminate\Database\Connection->getPdo()
#8 C:\wamp64\www\httpdocs\vendor\laravel\framework\src\Illuminate\Database\Connection.php(404): Illuminate\Database\Connection->getReadPdo()
#9 C:\wamp64\www\httpdocs\vendor\laravel\framework\src\Illuminate\Database\Connection.php(330): Illuminate\Database\Connection->getPdoForSelect(true)
#10 C:\wamp64\www\httpdocs\vendor\laravel\framework\src\Illuminate\Database\Connection.php(662): Illuminate\Database\Connection->Illuminate\Database\{closure}('select * from `...', Array)
#11 C:\wamp64\www\httpdocs\vendor\laravel\framework\src\Illuminate\Database\Connection.php(629): Illuminate\Database\Connection->runQueryCallback('select * from `...', Array, Object(Closure))
#12 C:\wamp64\www\httpdocs\vendor\laravel\framework\src\Illuminate\Database\Connection.php(338): Illuminate\Database\Connection->run('select * from `...', Array, Object(Closure))
#13 C:\wamp64\www\httpdocs\vendor\laravel\framework\src\Illuminate\Database\Query\Builder.php(2159): Illuminate\Database\Connection->select('select * from `...', Array, true)
#14 C:\wamp64\www\httpdocs\vendor\laravel\framework\src\Illuminate\Database\Query\Builder.php(2147): Illuminate\Database\Query\Builder->runSelect()
#15 C:\wamp64\www\httpdocs\vendor\laravel\framework\src\Illuminate\Database\Query\Builder.php(2619): Illuminate\Database\Query\Builder->Illuminate\Database\Query\{closure}()
#16 C:\wamp64\www\httpdocs\vendor\laravel\framework\src\Illuminate\Database\Query\Builder.php(2148): Illuminate\Database\Query\Builder->onceWithColumns(Array, Object(Closure))
#17 C:\wamp64\www\httpdocs\vendor\october\rain\src\Database\QueryBuilder.php(230): Illuminate\Database\Query\Builder->get(Array)
#18 C:\wamp64\www\httpdocs\vendor\laravel\framework\src\Illuminate\Cache\Repository.php(383): October\Rain\Database\QueryBuilder->October\Rain\Database\{closure}()
#19 C:\wamp64\www\httpdocs\vendor\laravel\framework\src\Illuminate\Cache\CacheManager.php(390): Illuminate\Cache\Repository->remember('system::setting...', Object(Illuminate\Support\Carbon), Object(Closure))
#20 C:\wamp64\www\httpdocs\vendor\october\rain\src\Database\QueryBuilder.php(171): Illuminate\Cache\CacheManager->__call('remember', Array)
#21 C:\wamp64\www\httpdocs\vendor\october\rain\src\Database\QueryBuilder.php(129): October\Rain\Database\QueryBuilder->getCached(Array)
#22 C:\wamp64\www\httpdocs\vendor\october\rain\src\Database\QueryBuilder.php(100): October\Rain\Database\QueryBuilder->getDuplicateCached(Array)
#23 C:\wamp64\www\httpdocs\vendor\laravel\framework\src\Illuminate\Database\Eloquent\Builder.php(546): October\Rain\Database\QueryBuilder->get(Array)
#24 C:\wamp64\www\httpdocs\vendor\laravel\framework\src\Illuminate\Database\Eloquent\Builder.php(530): Illuminate\Database\Eloquent\Builder->getModels(Array)
#25 C:\wamp64\www\httpdocs\vendor\laravel\framework\src\Illuminate\Database\Concerns\BuildsQueries.php(143): Illuminate\Database\Eloquent\Builder->get(Array)
#26 C:\wamp64\www\httpdocs\modules\system\behaviors\SettingsModel.php(114): Illuminate\Database\Eloquent\Builder->first()
#27 C:\wamp64\www\httpdocs\modules\system\behaviors\SettingsModel.php(76): System\Behaviors\SettingsModel->getSettingsRecord()
#28 C:\wamp64\www\httpdocs\modules\system\behaviors\SettingsModel.php(135): System\Behaviors\SettingsModel->instance()
#29 [internal function]: System\Behaviors\SettingsModel->get('ignore_debug_mo...', false)
#30 C:\wamp64\www\httpdocs\vendor\october\rain\src\Extension\ExtendableTrait.php(414): call_user_func_array(Array, Array)
#31 C:\wamp64\www\httpdocs\vendor\october\rain\src\Database\Model.php(681): October\Rain\Database\Model->extendableCall('get', Array)
#32 C:\wamp64\www\httpdocs\vendor\laravel\framework\src\Illuminate\Database\Eloquent\Model.php(1634): October\Rain\Database\Model->__call('get', Array)
#33 C:\wamp64\www\httpdocs\plugins\offline\sentry\Plugin.php(223): Illuminate\Database\Eloquent\Model::__callStatic('get', Array)
#34 C:\wamp64\www\httpdocs\plugins\offline\sentry\Plugin.php(213): OFFLINE\Sentry\Plugin->ignoreDebugMode()
#35 C:\wamp64\www\httpdocs\plugins\offline\sentry\Plugin.php(43): OFFLINE\Sentry\Plugin->useSentryExceptionHandler()
#36 C:\wamp64\www\httpdocs\modules\system\classes\PluginManager.php(317): OFFLINE\Sentry\Plugin->boot()
#37 C:\wamp64\www\httpdocs\modules\system\classes\PluginManager.php(299): System\Classes\PluginManager->bootPlugin(Object(OFFLINE\Sentry\Plugin))
#38 C:\wamp64\www\httpdocs\modules\system\ServiceProvider.php(113): System\Classes\PluginManager->bootAll()
#39 C:\wamp64\www\httpdocs\vendor\laravel\framework\src\Illuminate\Container\BoundMethod.php(36): System\ServiceProvider->boot()
#40 C:\wamp64\www\httpdocs\vendor\laravel\framework\src\Illuminate\Container\Util.php(37): Illuminate\Container\BoundMethod::Illuminate\Container\{closure}()
#41 C:\wamp64\www\httpdocs\vendor\laravel\framework\src\Illuminate\Container\BoundMethod.php(93): Illuminate\Container\Util::unwrapIfClosure(Object(Closure))
#42 C:\wamp64\www\httpdocs\vendor\laravel\framework\src\Illuminate\Container\BoundMethod.php(37): Illuminate\Container\BoundMethod::callBoundMethod(Object(October\Rain\Foundation\Application), Array, Object(Closure))
#43 C:\wamp64\www\httpdocs\vendor\laravel\framework\src\Illuminate\Container\Container.php(590): Illuminate\Container\BoundMethod::call(Object(October\Rain\Foundation\Application), Array, Array, NULL)
#44 C:\wamp64\www\httpdocs\vendor\laravel\framework\src\Illuminate\Foundation\Application.php(856): Illuminate\Container\Container->call(Array)
#45 C:\wamp64\www\httpdocs\vendor\laravel\framework\src\Illuminate\Foundation\Application.php(839): Illuminate\Foundation\Application->bootProvider(Object(System\ServiceProvider))
#46 [internal function]: Illuminate\Foundation\Application->Illuminate\Foundation\{closure}(Object(System\ServiceProvider), 23)
#47 C:\wamp64\www\httpdocs\vendor\laravel\framework\src\Illuminate\Foundation\Application.php(840): array_walk(Array, Object(Closure))
#48 C:\wamp64\www\httpdocs\vendor\laravel\framework\src\Illuminate\Foundation\Bootstrap\BootProviders.php(17): Illuminate\Foundation\Application->boot()
#49 C:\wamp64\www\httpdocs\vendor\october\rain\src\Foundation\Application.php(127): Illuminate\Foundation\Bootstrap\BootProviders->bootstrap(Object(October\Rain\Foundation\Application))
#50 C:\wamp64\www\httpdocs\vendor\laravel\framework\src\Illuminate\Foundation\Http\Kernel.php(156): October\Rain\Foundation\Application->bootstrapWith(Array)
#51 C:\wamp64\www\httpdocs\vendor\laravel\framework\src\Illuminate\Foundation\Http\Kernel.php(140): Illuminate\Foundation\Http\Kernel->bootstrap()
#52 C:\wamp64\www\httpdocs\vendor\laravel\framework\src\Illuminate\Foundation\Http\Kernel.php(110): Illuminate\Foundation\Http\Kernel->sendRequestThroughRouter(Object(Illuminate\Http\Request))
#53 C:\wamp64\www\httpdocs\index.php(43): Illuminate\Foundation\Http\Kernel->handle(Object(Illuminate\Http\Request))
#54 {main}

Next Doctrine\DBAL\Driver\PDO\Exception: SQLSTATE[HY000] [1045] Access denied for user 'dealix_site_novo'@'localhost' (using password: YES) in C:\wamp64\www\httpdocs\vendor\doctrine\dbal\lib\Doctrine\DBAL\Driver\PDO\Exception.php:18
Stack trace:
#0 C:\wamp64\www\httpdocs\vendor\doctrine\dbal\lib\Doctrine\DBAL\Driver\PDOConnection.php(44): Doctrine\DBAL\Driver\PDO\Exception::new(Object(PDOException))
#1 C:\wamp64\www\httpdocs\vendor\laravel\framework\src\Illuminate\Database\Connectors\Connector.php(67): Doctrine\DBAL\Driver\PDOConnection->__construct('mysql:host=127....', 'dealix_site_nov...', '84%Fl3go', Array)
#2 C:\wamp64\www\httpdocs\vendor\laravel\framework\src\Illuminate\Database\Connectors\Connector.php(46): Illuminate\Database\Connectors\Connector->createPdoConnection('mysql:host=127....', 'dealix_site_nov...', '84%Fl3go', Array)
#3 C:\wamp64\www\httpdocs\vendor\laravel\framework\src\Illuminate\Database\Connectors\MySqlConnector.php(24): Illuminate\Database\Connectors\Connector->createConnection('mysql:host=127....', Array, Array)
#4 C:\wamp64\www\httpdocs\vendor\october\rain\src\Database\Connectors\ConnectionFactory.php(29): Illuminate\Database\Connectors\MySqlConnector->connect(Array)
#5 [internal function]: October\Rain\Database\Connectors\ConnectionFactory->October\Rain\Database\Connectors\{closure}()
#6 C:\wamp64\www\httpdocs\vendor\laravel\framework\src\Illuminate\Database\Connection.php(924): call_user_func(Object(Closure))
#7 C:\wamp64\www\httpdocs\vendor\laravel\framework\src\Illuminate\Database\Connection.php(959): Illuminate\Database\Connection->getPdo()
#8 C:\wamp64\www\httpdocs\vendor\laravel\framework\src\Illuminate\Database\Connection.php(404): Illuminate\Database\Connection->getReadPdo()
#9 C:\wamp64\www\httpdocs\vendor\laravel\framework\src\Illuminate\Database\Connection.php(330): Illuminate\Database\Connection->getPdoForSelect(true)
#10 C:\wamp64\www\httpdocs\vendor\laravel\framework\src\Illuminate\Database\Connection.php(662): Illuminate\Database\Connection->Illuminate\Database\{closure}('select * from `...', Array)
#11 C:\wamp64\www\httpdocs\vendor\laravel\framework\src\Illuminate\Database\Connection.php(629): Illuminate\Database\Connection->runQueryCallback('select * from `...', Array, Object(Closure))
#12 C:\wamp64\www\httpdocs\vendor\laravel\framework\src\Illuminate\Database\Connection.php(338): Illuminate\Database\Connection->run('select * from `...', Array, Object(Closure))
#13 C:\wamp64\www\httpdocs\vendor\laravel\framework\src\Illuminate\Database\Query\Builder.php(2159): Illuminate\Database\Connection->select('select * from `...', Array, true)
#14 C:\wamp64\www\httpdocs\vendor\laravel\framework\src\Illuminate\Database\Query\Builder.php(2147): Illuminate\Database\Query\Builder->runSelect()
#15 C:\wamp64\www\httpdocs\vendor\laravel\framework\src\Illuminate\Database\Query\Builder.php(2619): Illuminate\Database\Query\Builder->Illuminate\Database\Query\{closure}()
#16 C:\wamp64\www\httpdocs\vendor\laravel\framework\src\Illuminate\Database\Query\Builder.php(2148): Illuminate\Database\Query\Builder->onceWithColumns(Array, Object(Closure))
#17 C:\wamp64\www\httpdocs\vendor\october\rain\src\Database\QueryBuilder.php(230): Illuminate\Database\Query\Builder->get(Array)
#18 C:\wamp64\www\httpdocs\vendor\laravel\framework\src\Illuminate\Cache\Repository.php(383): October\Rain\Database\QueryBuilder->October\Rain\Database\{closure}()
#19 C:\wamp64\www\httpdocs\vendor\laravel\framework\src\Illuminate\Cache\CacheManager.php(390): Illuminate\Cache\Repository->remember('system::setting...', Object(Illuminate\Support\Carbon), Object(Closure))
#20 C:\wamp64\www\httpdocs\vendor\october\rain\src\Database\QueryBuilder.php(171): Illuminate\Cache\CacheManager->__call('remember', Array)
#21 C:\wamp64\www\httpdocs\vendor\october\rain\src\Database\QueryBuilder.php(129): October\Rain\Database\QueryBuilder->getCached(Array)
#22 C:\wamp64\www\httpdocs\vendor\october\rain\src\Database\QueryBuilder.php(100): October\Rain\Database\QueryBuilder->getDuplicateCached(Array)
#23 C:\wamp64\www\httpdocs\vendor\laravel\framework\src\Illuminate\Database\Eloquent\Builder.php(546): October\Rain\Database\QueryBuilder->get(Array)
#24 C:\wamp64\www\httpdocs\vendor\laravel\framework\src\Illuminate\Database\Eloquent\Builder.php(530): Illuminate\Database\Eloquent\Builder->getModels(Array)
#25 C:\wamp64\www\httpdocs\vendor\laravel\framework\src\Illuminate\Database\Concerns\BuildsQueries.php(143): Illuminate\Database\Eloquent\Builder->get(Array)
#26 C:\wamp64\www\httpdocs\modules\system\behaviors\SettingsModel.php(114): Illuminate\Database\Eloquent\Builder->first()
#27 C:\wamp64\www\httpdocs\modules\system\behaviors\SettingsModel.php(76): System\Behaviors\SettingsModel->getSettingsRecord()
#28 C:\wamp64\www\httpdocs\modules\system\behaviors\SettingsModel.php(135): System\Behaviors\SettingsModel->instance()
#29 [internal function]: System\Behaviors\SettingsModel->get('ignore_debug_mo...', false)
#30 C:\wamp64\www\httpdocs\vendor\october\rain\src\Extension\ExtendableTrait.php(414): call_user_func_array(Array, Array)
#31 C:\wamp64\www\httpdocs\vendor\october\rain\src\Database\Model.php(681): October\Rain\Database\Model->extendableCall('get', Array)
#32 C:\wamp64\www\httpdocs\vendor\laravel\framework\src\Illuminate\Database\Eloquent\Model.php(1634): October\Rain\Database\Model->__call('get', Array)
#33 C:\wamp64\www\httpdocs\plugins\offline\sentry\Plugin.php(223): Illuminate\Database\Eloquent\Model::__callStatic('get', Array)
#34 C:\wamp64\www\httpdocs\plugins\offline\sentry\Plugin.php(213): OFFLINE\Sentry\Plugin->ignoreDebugMode()
#35 C:\wamp64\www\httpdocs\plugins\offline\sentry\Plugin.php(43): OFFLINE\Sentry\Plugin->useSentryExceptionHandler()
#36 C:\wamp64\www\httpdocs\modules\system\classes\PluginManager.php(317): OFFLINE\Sentry\Plugin->boot()
#37 C:\wamp64\www\httpdocs\modules\system\classes\PluginManager.php(299): System\Classes\PluginManager->bootPlugin(Object(OFFLINE\Sentry\Plugin))
#38 C:\wamp64\www\httpdocs\modules\system\ServiceProvider.php(113): System\Classes\PluginManager->bootAll()
#39 C:\wamp64\www\httpdocs\vendor\laravel\framework\src\Illuminate\Container\BoundMethod.php(36): System\ServiceProvider->boot()
#40 C:\wamp64\www\httpdocs\vendor\laravel\framework\src\Illuminate\Container\Util.php(37): Illuminate\Container\BoundMethod::Illuminate\Container\{closure}()
#41 C:\wamp64\www\httpdocs\vendor\laravel\framework\src\Illuminate\Container\BoundMethod.php(93): Illuminate\Container\Util::unwrapIfClosure(Object(Closure))
#42 C:\wamp64\www\httpdocs\vendor\laravel\framework\src\Illuminate\Container\BoundMethod.php(37): Illuminate\Container\BoundMethod::callBoundMethod(Object(October\Rain\Foundation\Application), Array, Object(Closure))
#43 C:\wamp64\www\httpdocs\vendor\laravel\framework\src\Illuminate\Container\Container.php(590): Illuminate\Container\BoundMethod::call(Object(October\Rain\Foundation\Application), Array, Array, NULL)
#44 C:\wamp64\www\httpdocs\vendor\laravel\framework\src\Illuminate\Foundation\Application.php(856): Illuminate\Container\Container->call(Array)
#45 C:\wamp64\www\httpdocs\vendor\laravel\framework\src\Illuminate\Foundation\Application.php(839): Illuminate\Foundation\Application->bootProvider(Object(System\ServiceProvider))
#46 [internal function]: Illuminate\Foundation\Application->Illuminate\Foundation\{closure}(Object(System\ServiceProvider), 23)
#47 C:\wamp64\www\httpdocs\vendor\laravel\framework\src\Illuminate\Foundation\Application.php(840): array_walk(Array, Object(Closure))
#48 C:\wamp64\www\httpdocs\vendor\laravel\framework\src\Illuminate\Foundation\Bootstrap\BootProviders.php(17): Illuminate\Foundation\Application->boot()
#49 C:\wamp64\www\httpdocs\vendor\october\rain\src\Foundation\Application.php(127): Illuminate\Foundation\Bootstrap\BootProviders->bootstrap(Object(October\Rain\Foundation\Application))
#50 C:\wamp64\www\httpdocs\vendor\laravel\framework\src\Illuminate\Foundation\Http\Kernel.php(156): October\Rain\Foundation\Application->bootstrapWith(Array)
#51 C:\wamp64\www\httpdocs\vendor\laravel\framework\src\Illuminate\Foundation\Http\Kernel.php(140): Illuminate\Foundation\Http\Kernel->bootstrap()
#52 C:\wamp64\www\httpdocs\vendor\laravel\framework\src\Illuminate\Foundation\Http\Kernel.php(110): Illuminate\Foundation\Http\Kernel->sendRequestThroughRouter(Object(Illuminate\Http\Request))
#53 C:\wamp64\www\httpdocs\index.php(43): Illuminate\Foundation\Http\Kernel->handle(Object(Illuminate\Http\Request))
#54 {main}

Next Illuminate\Database\QueryException: SQLSTATE[HY000] [1045] Access denied for user 'dealix_site_novo'@'localhost' (using password: YES) (SQL: select * from `system_settings` where `item` = offline_sentry_settings limit 1) in C:\wamp64\www\httpdocs\vendor\laravel\framework\src\Illuminate\Database\Connection.php:669
Stack trace:
#0 C:\wamp64\www\httpdocs\vendor\laravel\framework\src\Illuminate\Database\Connection.php(629): Illuminate\Database\Connection->runQueryCallback('select * from `...', Array, Object(Closure))
#1 C:\wamp64\www\httpdocs\vendor\laravel\framework\src\Illuminate\Database\Connection.php(338): Illuminate\Database\Connection->run('select * from `...', Array, Object(Closure))
#2 C:\wamp64\www\httpdocs\vendor\laravel\framework\src\Illuminate\Database\Query\Builder.php(2159): Illuminate\Database\Connection->select('select * from `...', Array, true)
#3 C:\wamp64\www\httpdocs\vendor\laravel\framework\src\Illuminate\Database\Query\Builder.php(2147): Illuminate\Database\Query\Builder->runSelect()
#4 C:\wamp64\www\httpdocs\vendor\laravel\framework\src\Illuminate\Database\Query\Builder.php(2619): Illuminate\Database\Query\Builder->Illuminate\Database\Query\{closure}()
#5 C:\wamp64\www\httpdocs\vendor\laravel\framework\src\Illuminate\Database\Query\Builder.php(2148): Illuminate\Database\Query\Builder->onceWithColumns(Array, Object(Closure))
#6 C:\wamp64\www\httpdocs\vendor\october\rain\src\Database\QueryBuilder.php(230): Illuminate\Database\Query\Builder->get(Array)
#7 C:\wamp64\www\httpdocs\vendor\laravel\framework\src\Illuminate\Cache\Repository.php(383): October\Rain\Database\QueryBuilder->October\Rain\Database\{closure}()
#8 C:\wamp64\www\httpdocs\vendor\laravel\framework\src\Illuminate\Cache\CacheManager.php(390): Illuminate\Cache\Repository->remember('system::setting...', Object(Illuminate\Support\Carbon), Object(Closure))
#9 C:\wamp64\www\httpdocs\vendor\october\rain\src\Database\QueryBuilder.php(171): Illuminate\Cache\CacheManager->__call('remember', Array)
#10 C:\wamp64\www\httpdocs\vendor\october\rain\src\Database\QueryBuilder.php(129): October\Rain\Database\QueryBuilder->getCached(Array)
#11 C:\wamp64\www\httpdocs\vendor\october\rain\src\Database\QueryBuilder.php(100): October\Rain\Database\QueryBuilder->getDuplicateCached(Array)
#12 C:\wamp64\www\httpdocs\vendor\laravel\framework\src\Illuminate\Database\Eloquent\Builder.php(546): October\Rain\Database\QueryBuilder->get(Array)
#13 C:\wamp64\www\httpdocs\vendor\laravel\framework\src\Illuminate\Database\Eloquent\Builder.php(530): Illuminate\Database\Eloquent\Builder->getModels(Array)
#14 C:\wamp64\www\httpdocs\vendor\laravel\framework\src\Illuminate\Database\Concerns\BuildsQueries.php(143): Illuminate\Database\Eloquent\Builder->get(Array)
#15 C:\wamp64\www\httpdocs\modules\system\behaviors\SettingsModel.php(114): Illuminate\Database\Eloquent\Builder->first()
#16 C:\wamp64\www\httpdocs\modules\system\behaviors\SettingsModel.php(76): System\Behaviors\SettingsModel->getSettingsRecord()
#17 C:\wamp64\www\httpdocs\modules\system\behaviors\SettingsModel.php(135): System\Behaviors\SettingsModel->instance()
#18 [internal function]: System\Behaviors\SettingsModel->get('ignore_debug_mo...', false)
#19 C:\wamp64\www\httpdocs\vendor\october\rain\src\Extension\ExtendableTrait.php(414): call_user_func_array(Array, Array)
#20 C:\wamp64\www\httpdocs\vendor\october\rain\src\Database\Model.php(681): October\Rain\Database\Model->extendableCall('get', Array)
#21 C:\wamp64\www\httpdocs\vendor\laravel\framework\src\Illuminate\Database\Eloquent\Model.php(1634): October\Rain\Database\Model->__call('get', Array)
#22 C:\wamp64\www\httpdocs\plugins\offline\sentry\Plugin.php(223): Illuminate\Database\Eloquent\Model::__callStatic('get', Array)
#23 C:\wamp64\www\httpdocs\plugins\offline\sentry\Plugin.php(213): OFFLINE\Sentry\Plugin->ignoreDebugMode()
#24 C:\wamp64\www\httpdocs\plugins\offline\sentry\Plugin.php(43): OFFLINE\Sentry\Plugin->useSentryExceptionHandler()
#25 C:\wamp64\www\httpdocs\modules\system\classes\PluginManager.php(317): OFFLINE\Sentry\Plugin->boot()
#26 C:\wamp64\www\httpdocs\modules\system\classes\PluginManager.php(299): System\Classes\PluginManager->bootPlugin(Object(OFFLINE\Sentry\Plugin))
#27 C:\wamp64\www\httpdocs\modules\system\ServiceProvider.php(113): System\Classes\PluginManager->bootAll()
#28 C:\wamp64\www\httpdocs\vendor\laravel\framework\src\Illuminate\Container\BoundMethod.php(36): System\ServiceProvider->boot()
#29 C:\wamp64\www\httpdocs\vendor\laravel\framework\src\Illuminate\Container\Util.php(37): Illuminate\Container\BoundMethod::Illuminate\Container\{closure}()
#30 C:\wamp64\www\httpdocs\vendor\laravel\framework\src\Illuminate\Container\BoundMethod.php(93): Illuminate\Container\Util::unwrapIfClosure(Object(Closure))
#31 C:\wamp64\www\httpdocs\vendor\laravel\framework\src\Illuminate\Container\BoundMethod.php(37): Illuminate\Container\BoundMethod::callBoundMethod(Object(October\Rain\Foundation\Application), Array, Object(Closure))
#32 C:\wamp64\www\httpdocs\vendor\laravel\framework\src\Illuminate\Container\Container.php(590): Illuminate\Container\BoundMethod::call(Object(October\Rain\Foundation\Application), Array, Array, NULL)
#33 C:\wamp64\www\httpdocs\vendor\laravel\framework\src\Illuminate\Foundation\Application.php(856): Illuminate\Container\Container->call(Array)
#34 C:\wamp64\www\httpdocs\vendor\laravel\framework\src\Illuminate\Foundation\Application.php(839): Illuminate\Foundation\Application->bootProvider(Object(System\ServiceProvider))
#35 [internal function]: Illuminate\Foundation\Application->Illuminate\Foundation\{closure}(Object(System\ServiceProvider), 23)
#36 C:\wamp64\www\httpdocs\vendor\laravel\framework\src\Illuminate\Foundation\Application.php(840): array_walk(Array, Object(Closure))
#37 C:\wamp64\www\httpdocs\vendor\laravel\framework\src\Illuminate\Foundation\Bootstrap\BootProviders.php(17): Illuminate\Foundation\Application->boot()
#38 C:\wamp64\www\httpdocs\vendor\october\rain\src\Foundation\Application.php(127): Illuminate\Foundation\Bootstrap\BootProviders->bootstrap(Object(October\Rain\Foundation\Application))
#39 C:\wamp64\www\httpdocs\vendor\laravel\framework\src\Illuminate\Foundation\Http\Kernel.php(156): October\Rain\Foundation\Application->bootstrapWith(Array)
#40 C:\wamp64\www\httpdocs\vendor\laravel\framework\src\Illuminate\Foundation\Http\Kernel.php(140): Illuminate\Foundation\Http\Kernel->bootstrap()
#41 C:\wamp64\www\httpdocs\vendor\laravel\framework\src\Illuminate\Foundation\Http\Kernel.php(110): Illuminate\Foundation\Http\Kernel->sendRequestThroughRouter(Object(Illuminate\Http\Request))
#42 C:\wamp64\www\httpdocs\index.php(43): Illuminate\Foundation\Http\Kernel->handle(Object(Illuminate\Http\Request))
#43 {main}  
[2023-07-25 23:34:28] development.ERROR: PDOException: SQLSTATE[HY000] [1045] Access denied for user 'dealix_site_novo'@'localhost' (using password: YES) in C:\wamp64\www\httpdocs\vendor\doctrine\dbal\lib\Doctrine\DBAL\Driver\PDOConnection.php:40
Stack trace:
#0 C:\wamp64\www\httpdocs\vendor\doctrine\dbal\lib\Doctrine\DBAL\Driver\PDOConnection.php(40): PDO->__construct('mysql:host=127....', 'dealix_site_nov...', '84%Fl3go', Array)
#1 C:\wamp64\www\httpdocs\vendor\laravel\framework\src\Illuminate\Database\Connectors\Connector.php(67): Doctrine\DBAL\Driver\PDOConnection->__construct('mysql:host=127....', 'dealix_site_nov...', '84%Fl3go', Array)
#2 C:\wamp64\www\httpdocs\vendor\laravel\framework\src\Illuminate\Database\Connectors\Connector.php(46): Illuminate\Database\Connectors\Connector->createPdoConnection('mysql:host=127....', 'dealix_site_nov...', '84%Fl3go', Array)
#3 C:\wamp64\www\httpdocs\vendor\laravel\framework\src\Illuminate\Database\Connectors\MySqlConnector.php(24): Illuminate\Database\Connectors\Connector->createConnection('mysql:host=127....', Array, Array)
#4 C:\wamp64\www\httpdocs\vendor\october\rain\src\Database\Connectors\ConnectionFactory.php(29): Illuminate\Database\Connectors\MySqlConnector->connect(Array)
#5 [internal function]: October\Rain\Database\Connectors\ConnectionFactory->October\Rain\Database\Connectors\{closure}()
#6 C:\wamp64\www\httpdocs\vendor\laravel\framework\src\Illuminate\Database\Connection.php(924): call_user_func(Object(Closure))
#7 C:\wamp64\www\httpdocs\vendor\laravel\framework\src\Illuminate\Database\Connection.php(959): Illuminate\Database\Connection->getPdo()
#8 C:\wamp64\www\httpdocs\vendor\laravel\framework\src\Illuminate\Database\Connection.php(404): Illuminate\Database\Connection->getReadPdo()
#9 C:\wamp64\www\httpdocs\vendor\laravel\framework\src\Illuminate\Database\Connection.php(330): Illuminate\Database\Connection->getPdoForSelect(true)
#10 C:\wamp64\www\httpdocs\vendor\laravel\framework\src\Illuminate\Database\Connection.php(662): Illuminate\Database\Connection->Illuminate\Database\{closure}('select * from `...', Array)
#11 C:\wamp64\www\httpdocs\vendor\laravel\framework\src\Illuminate\Database\Connection.php(629): Illuminate\Database\Connection->runQueryCallback('select * from `...', Array, Object(Closure))
#12 C:\wamp64\www\httpdocs\vendor\laravel\framework\src\Illuminate\Database\Connection.php(338): Illuminate\Database\Connection->run('select * from `...', Array, Object(Closure))
#13 C:\wamp64\www\httpdocs\vendor\laravel\framework\src\Illuminate\Database\Query\Builder.php(2159): Illuminate\Database\Connection->select('select * from `...', Array, true)
#14 C:\wamp64\www\httpdocs\vendor\laravel\framework\src\Illuminate\Database\Query\Builder.php(2147): Illuminate\Database\Query\Builder->runSelect()
#15 C:\wamp64\www\httpdocs\vendor\laravel\framework\src\Illuminate\Database\Query\Builder.php(2619): Illuminate\Database\Query\Builder->Illuminate\Database\Query\{closure}()
#16 C:\wamp64\www\httpdocs\vendor\laravel\framework\src\Illuminate\Database\Query\Builder.php(2148): Illuminate\Database\Query\Builder->onceWithColumns(Array, Object(Closure))
#17 C:\wamp64\www\httpdocs\vendor\october\rain\src\Database\QueryBuilder.php(230): Illuminate\Database\Query\Builder->get(Array)
#18 C:\wamp64\www\httpdocs\vendor\laravel\framework\src\Illuminate\Cache\Repository.php(383): October\Rain\Database\QueryBuilder->October\Rain\Database\{closure}()
#19 C:\wamp64\www\httpdocs\vendor\laravel\framework\src\Illuminate\Cache\CacheManager.php(390): Illuminate\Cache\Repository->remember('system::setting...', Object(Illuminate\Support\Carbon), Object(Closure))
#20 C:\wamp64\www\httpdocs\vendor\october\rain\src\Database\QueryBuilder.php(171): Illuminate\Cache\CacheManager->__call('remember', Array)
#21 C:\wamp64\www\httpdocs\vendor\october\rain\src\Database\QueryBuilder.php(129): October\Rain\Database\QueryBuilder->getCached(Array)
#22 C:\wamp64\www\httpdocs\vendor\october\rain\src\Database\QueryBuilder.php(100): October\Rain\Database\QueryBuilder->getDuplicateCached(Array)
#23 C:\wamp64\www\httpdocs\vendor\laravel\framework\src\Illuminate\Database\Eloquent\Builder.php(546): October\Rain\Database\QueryBuilder->get(Array)
#24 C:\wamp64\www\httpdocs\vendor\laravel\framework\src\Illuminate\Database\Eloquent\Builder.php(530): Illuminate\Database\Eloquent\Builder->getModels(Array)
#25 C:\wamp64\www\httpdocs\vendor\laravel\framework\src\Illuminate\Database\Concerns\BuildsQueries.php(143): Illuminate\Database\Eloquent\Builder->get(Array)
#26 C:\wamp64\www\httpdocs\modules\system\behaviors\SettingsModel.php(114): Illuminate\Database\Eloquent\Builder->first()
#27 C:\wamp64\www\httpdocs\modules\system\behaviors\SettingsModel.php(76): System\Behaviors\SettingsModel->getSettingsRecord()
#28 C:\wamp64\www\httpdocs\modules\system\behaviors\SettingsModel.php(135): System\Behaviors\SettingsModel->instance()
#29 [internal function]: System\Behaviors\SettingsModel->get('ignore_debug_mo...', false)
#30 C:\wamp64\www\httpdocs\vendor\october\rain\src\Extension\ExtendableTrait.php(414): call_user_func_array(Array, Array)
#31 C:\wamp64\www\httpdocs\vendor\october\rain\src\Database\Model.php(681): October\Rain\Database\Model->extendableCall('get', Array)
#32 C:\wamp64\www\httpdocs\vendor\laravel\framework\src\Illuminate\Database\Eloquent\Model.php(1634): October\Rain\Database\Model->__call('get', Array)
#33 C:\wamp64\www\httpdocs\plugins\offline\sentry\Plugin.php(223): Illuminate\Database\Eloquent\Model::__callStatic('get', Array)
#34 C:\wamp64\www\httpdocs\plugins\offline\sentry\Plugin.php(213): OFFLINE\Sentry\Plugin->ignoreDebugMode()
#35 C:\wamp64\www\httpdocs\plugins\offline\sentry\Plugin.php(43): OFFLINE\Sentry\Plugin->useSentryExceptionHandler()
#36 C:\wamp64\www\httpdocs\modules\system\classes\PluginManager.php(317): OFFLINE\Sentry\Plugin->boot()
#37 C:\wamp64\www\httpdocs\modules\system\classes\PluginManager.php(299): System\Classes\PluginManager->bootPlugin(Object(OFFLINE\Sentry\Plugin))
#38 C:\wamp64\www\httpdocs\modules\system\ServiceProvider.php(113): System\Classes\PluginManager->bootAll()
#39 C:\wamp64\www\httpdocs\vendor\laravel\framework\src\Illuminate\Container\BoundMethod.php(36): System\ServiceProvider->boot()
#40 C:\wamp64\www\httpdocs\vendor\laravel\framework\src\Illuminate\Container\Util.php(37): Illuminate\Container\BoundMethod::Illuminate\Container\{closure}()
#41 C:\wamp64\www\httpdocs\vendor\laravel\framework\src\Illuminate\Container\BoundMethod.php(93): Illuminate\Container\Util::unwrapIfClosure(Object(Closure))
#42 C:\wamp64\www\httpdocs\vendor\laravel\framework\src\Illuminate\Container\BoundMethod.php(37): Illuminate\Container\BoundMethod::callBoundMethod(Object(October\Rain\Foundation\Application), Array, Object(Closure))
#43 C:\wamp64\www\httpdocs\vendor\laravel\framework\src\Illuminate\Container\Container.php(590): Illuminate\Container\BoundMethod::call(Object(October\Rain\Foundation\Application), Array, Array, NULL)
#44 C:\wamp64\www\httpdocs\vendor\laravel\framework\src\Illuminate\Foundation\Application.php(856): Illuminate\Container\Container->call(Array)
#45 C:\wamp64\www\httpdocs\vendor\laravel\framework\src\Illuminate\Foundation\Application.php(839): Illuminate\Foundation\Application->bootProvider(Object(System\ServiceProvider))
#46 [internal function]: Illuminate\Foundation\Application->Illuminate\Foundation\{closure}(Object(System\ServiceProvider), 23)
#47 C:\wamp64\www\httpdocs\vendor\laravel\framework\src\Illuminate\Foundation\Application.php(840): array_walk(Array, Object(Closure))
#48 C:\wamp64\www\httpdocs\vendor\laravel\framework\src\Illuminate\Foundation\Bootstrap\BootProviders.php(17): Illuminate\Foundation\Application->boot()
#49 C:\wamp64\www\httpdocs\vendor\october\rain\src\Foundation\Application.php(127): Illuminate\Foundation\Bootstrap\BootProviders->bootstrap(Object(October\Rain\Foundation\Application))
#50 C:\wamp64\www\httpdocs\vendor\laravel\framework\src\Illuminate\Foundation\Console\Kernel.php(320): October\Rain\Foundation\Application->bootstrapWith(Array)
#51 C:\wamp64\www\httpdocs\vendor\laravel\framework\src\Illuminate\Foundation\Console\Kernel.php(129): Illuminate\Foundation\Console\Kernel->bootstrap()
#52 C:\wamp64\www\httpdocs\artisan(35): Illuminate\Foundation\Console\Kernel->handle(Object(Symfony\Component\Console\Input\ArgvInput), Object(Symfony\Component\Console\Output\ConsoleOutput))
#53 {main}

Next Doctrine\DBAL\Driver\PDO\Exception: SQLSTATE[HY000] [1045] Access denied for user 'dealix_site_novo'@'localhost' (using password: YES) in C:\wamp64\www\httpdocs\vendor\doctrine\dbal\lib\Doctrine\DBAL\Driver\PDO\Exception.php:18
Stack trace:
#0 C:\wamp64\www\httpdocs\vendor\doctrine\dbal\lib\Doctrine\DBAL\Driver\PDOConnection.php(44): Doctrine\DBAL\Driver\PDO\Exception::new(Object(PDOException))
#1 C:\wamp64\www\httpdocs\vendor\laravel\framework\src\Illuminate\Database\Connectors\Connector.php(67): Doctrine\DBAL\Driver\PDOConnection->__construct('mysql:host=127....', 'dealix_site_nov...', '84%Fl3go', Array)
#2 C:\wamp64\www\httpdocs\vendor\laravel\framework\src\Illuminate\Database\Connectors\Connector.php(46): Illuminate\Database\Connectors\Connector->createPdoConnection('mysql:host=127....', 'dealix_site_nov...', '84%Fl3go', Array)
#3 C:\wamp64\www\httpdocs\vendor\laravel\framework\src\Illuminate\Database\Connectors\MySqlConnector.php(24): Illuminate\Database\Connectors\Connector->createConnection('mysql:host=127....', Array, Array)
#4 C:\wamp64\www\httpdocs\vendor\october\rain\src\Database\Connectors\ConnectionFactory.php(29): Illuminate\Database\Connectors\MySqlConnector->connect(Array)
#5 [internal function]: October\Rain\Database\Connectors\ConnectionFactory->October\Rain\Database\Connectors\{closure}()
#6 C:\wamp64\www\httpdocs\vendor\laravel\framework\src\Illuminate\Database\Connection.php(924): call_user_func(Object(Closure))
#7 C:\wamp64\www\httpdocs\vendor\laravel\framework\src\Illuminate\Database\Connection.php(959): Illuminate\Database\Connection->getPdo()
#8 C:\wamp64\www\httpdocs\vendor\laravel\framework\src\Illuminate\Database\Connection.php(404): Illuminate\Database\Connection->getReadPdo()
#9 C:\wamp64\www\httpdocs\vendor\laravel\framework\src\Illuminate\Database\Connection.php(330): Illuminate\Database\Connection->getPdoForSelect(true)
#10 C:\wamp64\www\httpdocs\vendor\laravel\framework\src\Illuminate\Database\Connection.php(662): Illuminate\Database\Connection->Illuminate\Database\{closure}('select * from `...', Array)
#11 C:\wamp64\www\httpdocs\vendor\laravel\framework\src\Illuminate\Database\Connection.php(629): Illuminate\Database\Connection->runQueryCallback('select * from `...', Array, Object(Closure))
#12 C:\wamp64\www\httpdocs\vendor\laravel\framework\src\Illuminate\Database\Connection.php(338): Illuminate\Database\Connection->run('select * from `...', Array, Object(Closure))
#13 C:\wamp64\www\httpdocs\vendor\laravel\framework\src\Illuminate\Database\Query\Builder.php(2159): Illuminate\Database\Connection->select('select * from `...', Array, true)
#14 C:\wamp64\www\httpdocs\vendor\laravel\framework\src\Illuminate\Database\Query\Builder.php(2147): Illuminate\Database\Query\Builder->runSelect()
#15 C:\wamp64\www\httpdocs\vendor\laravel\framework\src\Illuminate\Database\Query\Builder.php(2619): Illuminate\Database\Query\Builder->Illuminate\Database\Query\{closure}()
#16 C:\wamp64\www\httpdocs\vendor\laravel\framework\src\Illuminate\Database\Query\Builder.php(2148): Illuminate\Database\Query\Builder->onceWithColumns(Array, Object(Closure))
#17 C:\wamp64\www\httpdocs\vendor\october\rain\src\Database\QueryBuilder.php(230): Illuminate\Database\Query\Builder->get(Array)
#18 C:\wamp64\www\httpdocs\vendor\laravel\framework\src\Illuminate\Cache\Repository.php(383): October\Rain\Database\QueryBuilder->October\Rain\Database\{closure}()
#19 C:\wamp64\www\httpdocs\vendor\laravel\framework\src\Illuminate\Cache\CacheManager.php(390): Illuminate\Cache\Repository->remember('system::setting...', Object(Illuminate\Support\Carbon), Object(Closure))
#20 C:\wamp64\www\httpdocs\vendor\october\rain\src\Database\QueryBuilder.php(171): Illuminate\Cache\CacheManager->__call('remember', Array)
#21 C:\wamp64\www\httpdocs\vendor\october\rain\src\Database\QueryBuilder.php(129): October\Rain\Database\QueryBuilder->getCached(Array)
#22 C:\wamp64\www\httpdocs\vendor\october\rain\src\Database\QueryBuilder.php(100): October\Rain\Database\QueryBuilder->getDuplicateCached(Array)
#23 C:\wamp64\www\httpdocs\vendor\laravel\framework\src\Illuminate\Database\Eloquent\Builder.php(546): October\Rain\Database\QueryBuilder->get(Array)
#24 C:\wamp64\www\httpdocs\vendor\laravel\framework\src\Illuminate\Database\Eloquent\Builder.php(530): Illuminate\Database\Eloquent\Builder->getModels(Array)
#25 C:\wamp64\www\httpdocs\vendor\laravel\framework\src\Illuminate\Database\Concerns\BuildsQueries.php(143): Illuminate\Database\Eloquent\Builder->get(Array)
#26 C:\wamp64\www\httpdocs\modules\system\behaviors\SettingsModel.php(114): Illuminate\Database\Eloquent\Builder->first()
#27 C:\wamp64\www\httpdocs\modules\system\behaviors\SettingsModel.php(76): System\Behaviors\SettingsModel->getSettingsRecord()
#28 C:\wamp64\www\httpdocs\modules\system\behaviors\SettingsModel.php(135): System\Behaviors\SettingsModel->instance()
#29 [internal function]: System\Behaviors\SettingsModel->get('ignore_debug_mo...', false)
#30 C:\wamp64\www\httpdocs\vendor\october\rain\src\Extension\ExtendableTrait.php(414): call_user_func_array(Array, Array)
#31 C:\wamp64\www\httpdocs\vendor\october\rain\src\Database\Model.php(681): October\Rain\Database\Model->extendableCall('get', Array)
#32 C:\wamp64\www\httpdocs\vendor\laravel\framework\src\Illuminate\Database\Eloquent\Model.php(1634): October\Rain\Database\Model->__call('get', Array)
#33 C:\wamp64\www\httpdocs\plugins\offline\sentry\Plugin.php(223): Illuminate\Database\Eloquent\Model::__callStatic('get', Array)
#34 C:\wamp64\www\httpdocs\plugins\offline\sentry\Plugin.php(213): OFFLINE\Sentry\Plugin->ignoreDebugMode()
#35 C:\wamp64\www\httpdocs\plugins\offline\sentry\Plugin.php(43): OFFLINE\Sentry\Plugin->useSentryExceptionHandler()
#36 C:\wamp64\www\httpdocs\modules\system\classes\PluginManager.php(317): OFFLINE\Sentry\Plugin->boot()
#37 C:\wamp64\www\httpdocs\modules\system\classes\PluginManager.php(299): System\Classes\PluginManager->bootPlugin(Object(OFFLINE\Sentry\Plugin))
#38 C:\wamp64\www\httpdocs\modules\system\ServiceProvider.php(113): System\Classes\PluginManager->bootAll()
#39 C:\wamp64\www\httpdocs\vendor\laravel\framework\src\Illuminate\Container\BoundMethod.php(36): System\ServiceProvider->boot()
#40 C:\wamp64\www\httpdocs\vendor\laravel\framework\src\Illuminate\Container\Util.php(37): Illuminate\Container\BoundMethod::Illuminate\Container\{closure}()
#41 C:\wamp64\www\httpdocs\vendor\laravel\framework\src\Illuminate\Container\BoundMethod.php(93): Illuminate\Container\Util::unwrapIfClosure(Object(Closure))
#42 C:\wamp64\www\httpdocs\vendor\laravel\framework\src\Illuminate\Container\BoundMethod.php(37): Illuminate\Container\BoundMethod::callBoundMethod(Object(October\Rain\Foundation\Application), Array, Object(Closure))
#43 C:\wamp64\www\httpdocs\vendor\laravel\framework\src\Illuminate\Container\Container.php(590): Illuminate\Container\BoundMethod::call(Object(October\Rain\Foundation\Application), Array, Array, NULL)
#44 C:\wamp64\www\httpdocs\vendor\laravel\framework\src\Illuminate\Foundation\Application.php(856): Illuminate\Container\Container->call(Array)
#45 C:\wamp64\www\httpdocs\vendor\laravel\framework\src\Illuminate\Foundation\Application.php(839): Illuminate\Foundation\Application->bootProvider(Object(System\ServiceProvider))
#46 [internal function]: Illuminate\Foundation\Application->Illuminate\Foundation\{closure}(Object(System\ServiceProvider), 23)
#47 C:\wamp64\www\httpdocs\vendor\laravel\framework\src\Illuminate\Foundation\Application.php(840): array_walk(Array, Object(Closure))
#48 C:\wamp64\www\httpdocs\vendor\laravel\framework\src\Illuminate\Foundation\Bootstrap\BootProviders.php(17): Illuminate\Foundation\Application->boot()
#49 C:\wamp64\www\httpdocs\vendor\october\rain\src\Foundation\Application.php(127): Illuminate\Foundation\Bootstrap\BootProviders->bootstrap(Object(October\Rain\Foundation\Application))
#50 C:\wamp64\www\httpdocs\vendor\laravel\framework\src\Illuminate\Foundation\Console\Kernel.php(320): October\Rain\Foundation\Application->bootstrapWith(Array)
#51 C:\wamp64\www\httpdocs\vendor\laravel\framework\src\Illuminate\Foundation\Console\Kernel.php(129): Illuminate\Foundation\Console\Kernel->bootstrap()
#52 C:\wamp64\www\httpdocs\artisan(35): Illuminate\Foundation\Console\Kernel->handle(Object(Symfony\Component\Console\Input\ArgvInput), Object(Symfony\Component\Console\Output\ConsoleOutput))
#53 {main}

Next Illuminate\Database\QueryException: SQLSTATE[HY000] [1045] Access denied for user 'dealix_site_novo'@'localhost' (using password: YES) (SQL: select * from `system_settings` where `item` = offline_sentry_settings limit 1) in C:\wamp64\www\httpdocs\vendor\laravel\framework\src\Illuminate\Database\Connection.php:669
Stack trace:
#0 C:\wamp64\www\httpdocs\vendor\laravel\framework\src\Illuminate\Database\Connection.php(629): Illuminate\Database\Connection->runQueryCallback('select * from `...', Array, Object(Closure))
#1 C:\wamp64\www\httpdocs\vendor\laravel\framework\src\Illuminate\Database\Connection.php(338): Illuminate\Database\Connection->run('select * from `...', Array, Object(Closure))
#2 C:\wamp64\www\httpdocs\vendor\laravel\framework\src\Illuminate\Database\Query\Builder.php(2159): Illuminate\Database\Connection->select('select * from `...', Array, true)
#3 C:\wamp64\www\httpdocs\vendor\laravel\framework\src\Illuminate\Database\Query\Builder.php(2147): Illuminate\Database\Query\Builder->runSelect()
#4 C:\wamp64\www\httpdocs\vendor\laravel\framework\src\Illuminate\Database\Query\Builder.php(2619): Illuminate\Database\Query\Builder->Illuminate\Database\Query\{closure}()
#5 C:\wamp64\www\httpdocs\vendor\laravel\framework\src\Illuminate\Database\Query\Builder.php(2148): Illuminate\Database\Query\Builder->onceWithColumns(Array, Object(Closure))
#6 C:\wamp64\www\httpdocs\vendor\october\rain\src\Database\QueryBuilder.php(230): Illuminate\Database\Query\Builder->get(Array)
#7 C:\wamp64\www\httpdocs\vendor\laravel\framework\src\Illuminate\Cache\Repository.php(383): October\Rain\Database\QueryBuilder->October\Rain\Database\{closure}()
#8 C:\wamp64\www\httpdocs\vendor\laravel\framework\src\Illuminate\Cache\CacheManager.php(390): Illuminate\Cache\Repository->remember('system::setting...', Object(Illuminate\Support\Carbon), Object(Closure))
#9 C:\wamp64\www\httpdocs\vendor\october\rain\src\Database\QueryBuilder.php(171): Illuminate\Cache\CacheManager->__call('remember', Array)
#10 C:\wamp64\www\httpdocs\vendor\october\rain\src\Database\QueryBuilder.php(129): October\Rain\Database\QueryBuilder->getCached(Array)
#11 C:\wamp64\www\httpdocs\vendor\october\rain\src\Database\QueryBuilder.php(100): October\Rain\Database\QueryBuilder->getDuplicateCached(Array)
#12 C:\wamp64\www\httpdocs\vendor\laravel\framework\src\Illuminate\Database\Eloquent\Builder.php(546): October\Rain\Database\QueryBuilder->get(Array)
#13 C:\wamp64\www\httpdocs\vendor\laravel\framework\src\Illuminate\Database\Eloquent\Builder.php(530): Illuminate\Database\Eloquent\Builder->getModels(Array)
#14 C:\wamp64\www\httpdocs\vendor\laravel\framework\src\Illuminate\Database\Concerns\BuildsQueries.php(143): Illuminate\Database\Eloquent\Builder->get(Array)
#15 C:\wamp64\www\httpdocs\modules\system\behaviors\SettingsModel.php(114): Illuminate\Database\Eloquent\Builder->first()
#16 C:\wamp64\www\httpdocs\modules\system\behaviors\SettingsModel.php(76): System\Behaviors\SettingsModel->getSettingsRecord()
#17 C:\wamp64\www\httpdocs\modules\system\behaviors\SettingsModel.php(135): System\Behaviors\SettingsModel->instance()
#18 [internal function]: System\Behaviors\SettingsModel->get('ignore_debug_mo...', false)
#19 C:\wamp64\www\httpdocs\vendor\october\rain\src\Extension\ExtendableTrait.php(414): call_user_func_array(Array, Array)
#20 C:\wamp64\www\httpdocs\vendor\october\rain\src\Database\Model.php(681): October\Rain\Database\Model->extendableCall('get', Array)
#21 C:\wamp64\www\httpdocs\vendor\laravel\framework\src\Illuminate\Database\Eloquent\Model.php(1634): October\Rain\Database\Model->__call('get', Array)
#22 C:\wamp64\www\httpdocs\plugins\offline\sentry\Plugin.php(223): Illuminate\Database\Eloquent\Model::__callStatic('get', Array)
#23 C:\wamp64\www\httpdocs\plugins\offline\sentry\Plugin.php(213): OFFLINE\Sentry\Plugin->ignoreDebugMode()
#24 C:\wamp64\www\httpdocs\plugins\offline\sentry\Plugin.php(43): OFFLINE\Sentry\Plugin->useSentryExceptionHandler()
#25 C:\wamp64\www\httpdocs\modules\system\classes\PluginManager.php(317): OFFLINE\Sentry\Plugin->boot()
#26 C:\wamp64\www\httpdocs\modules\system\classes\PluginManager.php(299): System\Classes\PluginManager->bootPlugin(Object(OFFLINE\Sentry\Plugin))
#27 C:\wamp64\www\httpdocs\modules\system\ServiceProvider.php(113): System\Classes\PluginManager->bootAll()
#28 C:\wamp64\www\httpdocs\vendor\laravel\framework\src\Illuminate\Container\BoundMethod.php(36): System\ServiceProvider->boot()
#29 C:\wamp64\www\httpdocs\vendor\laravel\framework\src\Illuminate\Container\Util.php(37): Illuminate\Container\BoundMethod::Illuminate\Container\{closure}()
#30 C:\wamp64\www\httpdocs\vendor\laravel\framework\src\Illuminate\Container\BoundMethod.php(93): Illuminate\Container\Util::unwrapIfClosure(Object(Closure))
#31 C:\wamp64\www\httpdocs\vendor\laravel\framework\src\Illuminate\Container\BoundMethod.php(37): Illuminate\Container\BoundMethod::callBoundMethod(Object(October\Rain\Foundation\Application), Array, Object(Closure))
#32 C:\wamp64\www\httpdocs\vendor\laravel\framework\src\Illuminate\Container\Container.php(590): Illuminate\Container\BoundMethod::call(Object(October\Rain\Foundation\Application), Array, Array, NULL)
#33 C:\wamp64\www\httpdocs\vendor\laravel\framework\src\Illuminate\Foundation\Application.php(856): Illuminate\Container\Container->call(Array)
#34 C:\wamp64\www\httpdocs\vendor\laravel\framework\src\Illuminate\Foundation\Application.php(839): Illuminate\Foundation\Application->bootProvider(Object(System\ServiceProvider))
#35 [internal function]: Illuminate\Foundation\Application->Illuminate\Foundation\{closure}(Object(System\ServiceProvider), 23)
#36 C:\wamp64\www\httpdocs\vendor\laravel\framework\src\Illuminate\Foundation\Application.php(840): array_walk(Array, Object(Closure))
#37 C:\wamp64\www\httpdocs\vendor\laravel\framework\src\Illuminate\Foundation\Bootstrap\BootProviders.php(17): Illuminate\Foundation\Application->boot()
#38 C:\wamp64\www\httpdocs\vendor\october\rain\src\Foundation\Application.php(127): Illuminate\Foundation\Bootstrap\BootProviders->bootstrap(Object(October\Rain\Foundation\Application))
#39 C:\wamp64\www\httpdocs\vendor\laravel\framework\src\Illuminate\Foundation\Console\Kernel.php(320): October\Rain\Foundation\Application->bootstrapWith(Array)
#40 C:\wamp64\www\httpdocs\vendor\laravel\framework\src\Illuminate\Foundation\Console\Kernel.php(129): Illuminate\Foundation\Console\Kernel->bootstrap()
#41 C:\wamp64\www\httpdocs\artisan(35): Illuminate\Foundation\Console\Kernel->handle(Object(Symfony\Component\Console\Input\ArgvInput), Object(Symfony\Component\Console\Output\ConsoleOutput))
#42 {main}  
[2023-07-25 23:36:06] dev.ERROR: PDOException: SQLSTATE[42S02]: Base table or view not found: 1146 Table 'dealix_site.general_translate_locales' doesn't exist in C:\wamp64\www\httpdocs\vendor\doctrine\dbal\lib\Doctrine\DBAL\Driver\PDOConnection.php:82
Stack trace:
#0 C:\wamp64\www\httpdocs\vendor\doctrine\dbal\lib\Doctrine\DBAL\Driver\PDOConnection.php(82): PDO->prepare('select `name`, ...', Array)
#1 C:\wamp64\www\httpdocs\vendor\laravel\framework\src\Illuminate\Database\Connection.php(331): Doctrine\DBAL\Driver\PDOConnection->prepare('select `name`, ...')
#2 C:\wamp64\www\httpdocs\vendor\laravel\framework\src\Illuminate\Database\Connection.php(662): Illuminate\Database\Connection->Illuminate\Database\{closure}('select `name`, ...', Array)
#3 C:\wamp64\www\httpdocs\vendor\laravel\framework\src\Illuminate\Database\Connection.php(629): Illuminate\Database\Connection->runQueryCallback('select `name`, ...', Array, Object(Closure))
#4 C:\wamp64\www\httpdocs\vendor\laravel\framework\src\Illuminate\Database\Connection.php(338): Illuminate\Database\Connection->run('select `name`, ...', Array, Object(Closure))
#5 C:\wamp64\www\httpdocs\vendor\laravel\framework\src\Illuminate\Database\Query\Builder.php(2159): Illuminate\Database\Connection->select('select `name`, ...', Array, true)
#6 C:\wamp64\www\httpdocs\vendor\laravel\framework\src\Illuminate\Database\Query\Builder.php(2311): Illuminate\Database\Query\Builder->runSelect()
#7 C:\wamp64\www\httpdocs\vendor\laravel\framework\src\Illuminate\Database\Query\Builder.php(2619): Illuminate\Database\Query\Builder->Illuminate\Database\Query\{closure}()
#8 C:\wamp64\www\httpdocs\vendor\laravel\framework\src\Illuminate\Database\Query\Builder.php(2313): Illuminate\Database\Query\Builder->onceWithColumns(Array, Object(Closure))
#9 C:\wamp64\www\httpdocs\vendor\laravel\framework\src\Illuminate\Database\Eloquent\Builder.php(696): Illuminate\Database\Query\Builder->pluck('name', 'code')
#10 C:\wamp64\www\httpdocs\vendor\october\rain\src\Database\Builder.php(28): Illuminate\Database\Eloquent\Builder->pluck('name', 'code')
#11 C:\wamp64\www\httpdocs\plugins\general\translate\models\Locale.php(172): October\Rain\Database\Builder->lists('name', 'code')
#12 C:\wamp64\www\httpdocs\vendor\laravel\framework\src\Illuminate\Cache\Repository.php(383): General\Translate\Models\Locale::General\Translate\Models\{closure}()
#13 C:\wamp64\www\httpdocs\vendor\laravel\framework\src\Illuminate\Cache\CacheManager.php(390): Illuminate\Cache\Repository->remember('general.transla...', 1440, Object(Closure))
#14 C:\wamp64\www\httpdocs\vendor\laravel\framework\src\Illuminate\Support\Facades\Facade.php(261): Illuminate\Cache\CacheManager->__call('remember', Array)
#15 C:\wamp64\www\httpdocs\plugins\general\translate\models\Locale.php(173): Illuminate\Support\Facades\Facade::__callStatic('remember', Array)
#16 C:\wamp64\www\httpdocs\plugins\general\translate\components\LocalePicker.php(63): General\Translate\Models\Locale::listEnabled()
#17 C:\wamp64\www\httpdocs\modules\cms\classes\CmsCompoundObject.php(178): General\Translate\Components\LocalePicker->onRun()
#18 C:\wamp64\www\httpdocs\modules\cms\classes\Controller.php(485): Cms\Classes\CmsCompoundObject->runComponents()
#19 C:\wamp64\www\httpdocs\modules\cms\classes\Controller.php(394): Cms\Classes\Controller->execPageCycle()
#20 C:\wamp64\www\httpdocs\modules\cms\classes\Controller.php(225): Cms\Classes\Controller->runPage(Object(Cms\Classes\Page))
#21 C:\wamp64\www\httpdocs\modules\cms\classes\CmsController.php(50): Cms\Classes\Controller->run('/')
#22 C:\wamp64\www\httpdocs\vendor\laravel\framework\src\Illuminate\Routing\Controller.php(54): Cms\Classes\CmsController->run('/')
#23 C:\wamp64\www\httpdocs\vendor\laravel\framework\src\Illuminate\Routing\ControllerDispatcher.php(45): Illuminate\Routing\Controller->callAction('run', Array)
#24 C:\wamp64\www\httpdocs\vendor\laravel\framework\src\Illuminate\Routing\Route.php(219): Illuminate\Routing\ControllerDispatcher->dispatch(Object(Illuminate\Routing\Route), Object(Cms\Classes\CmsController), 'run')
#25 C:\wamp64\www\httpdocs\vendor\laravel\framework\src\Illuminate\Routing\Route.php(176): Illuminate\Routing\Route->runController()
#26 C:\wamp64\www\httpdocs\vendor\laravel\framework\src\Illuminate\Routing\Router.php(681): Illuminate\Routing\Route->run()
#27 C:\wamp64\www\httpdocs\vendor\laravel\framework\src\Illuminate\Pipeline\Pipeline.php(130): Illuminate\Routing\Router->Illuminate\Routing\{closure}(Object(Illuminate\Http\Request))
#28 C:\wamp64\www\httpdocs\vendor\laravel\framework\src\Illuminate\Routing\Middleware\SubstituteBindings.php(41): Illuminate\Pipeline\Pipeline->Illuminate\Pipeline\{closure}(Object(Illuminate\Http\Request))
#29 C:\wamp64\www\httpdocs\vendor\laravel\framework\src\Illuminate\Pipeline\Pipeline.php(171): Illuminate\Routing\Middleware\SubstituteBindings->handle(Object(Illuminate\Http\Request), Object(Closure))
#30 C:\wamp64\www\httpdocs\vendor\laravel\framework\src\Illuminate\View\Middleware\ShareErrorsFromSession.php(49): Illuminate\Pipeline\Pipeline->Illuminate\Pipeline\{closure}(Object(Illuminate\Http\Request))
#31 C:\wamp64\www\httpdocs\vendor\laravel\framework\src\Illuminate\Pipeline\Pipeline.php(171): Illuminate\View\Middleware\ShareErrorsFromSession->handle(Object(Illuminate\Http\Request), Object(Closure))
#32 C:\wamp64\www\httpdocs\vendor\laravel\framework\src\Illuminate\Session\Middleware\StartSession.php(56): Illuminate\Pipeline\Pipeline->Illuminate\Pipeline\{closure}(Object(Illuminate\Http\Request))
#33 C:\wamp64\www\httpdocs\vendor\laravel\framework\src\Illuminate\Pipeline\Pipeline.php(171): Illuminate\Session\Middleware\StartSession->handle(Object(Illuminate\Http\Request), Object(Closure))
#34 C:\wamp64\www\httpdocs\vendor\laravel\framework\src\Illuminate\Cookie\Middleware\AddQueuedCookiesToResponse.php(37): Illuminate\Pipeline\Pipeline->Illuminate\Pipeline\{closure}(Object(Illuminate\Http\Request))
#35 C:\wamp64\www\httpdocs\vendor\laravel\framework\src\Illuminate\Pipeline\Pipeline.php(171): Illuminate\Cookie\Middleware\AddQueuedCookiesToResponse->handle(Object(Illuminate\Http\Request), Object(Closure))
#36 C:\wamp64\www\httpdocs\vendor\laravel\framework\src\Illuminate\Cookie\Middleware\EncryptCookies.php(67): Illuminate\Pipeline\Pipeline->Illuminate\Pipeline\{closure}(Object(Illuminate\Http\Request))
#37 C:\wamp64\www\httpdocs\vendor\laravel\framework\src\Illuminate\Pipeline\Pipeline.php(171): Illuminate\Cookie\Middleware\EncryptCookies->handle(Object(Illuminate\Http\Request), Object(Closure))
#38 C:\wamp64\www\httpdocs\vendor\laravel\framework\src\Illuminate\Pipeline\Pipeline.php(105): Illuminate\Pipeline\Pipeline->Illuminate\Pipeline\{closure}(Object(Illuminate\Http\Request))
#39 C:\wamp64\www\httpdocs\vendor\laravel\framework\src\Illuminate\Routing\Router.php(683): Illuminate\Pipeline\Pipeline->then(Object(Closure))
#40 C:\wamp64\www\httpdocs\vendor\laravel\framework\src\Illuminate\Routing\Router.php(658): Illuminate\Routing\Router->runRouteWithinStack(Object(Illuminate\Routing\Route), Object(Illuminate\Http\Request))
#41 C:\wamp64\www\httpdocs\vendor\laravel\framework\src\Illuminate\Routing\Router.php(624): Illuminate\Routing\Router->runRoute(Object(Illuminate\Http\Request), Object(Illuminate\Routing\Route))
#42 C:\wamp64\www\httpdocs\vendor\october\rain\src\Router\CoreRouter.php(20): Illuminate\Routing\Router->dispatchToRoute(Object(Illuminate\Http\Request))
#43 C:\wamp64\www\httpdocs\vendor\laravel\framework\src\Illuminate\Foundation\Http\Kernel.php(170): October\Rain\Router\CoreRouter->dispatch(Object(Illuminate\Http\Request))
#44 C:\wamp64\www\httpdocs\vendor\laravel\framework\src\Illuminate\Pipeline\Pipeline.php(130): Illuminate\Foundation\Http\Kernel->Illuminate\Foundation\Http\{closure}(Object(Illuminate\Http\Request))
#45 C:\wamp64\www\httpdocs\vendor\laravel\framework\src\Illuminate\Foundation\Http\Middleware\CheckForMaintenanceMode.php(63): Illuminate\Pipeline\Pipeline->Illuminate\Pipeline\{closure}(Object(Illuminate\Http\Request))
#46 C:\wamp64\www\httpdocs\vendor\october\rain\src\Foundation\Http\Middleware\CheckForMaintenanceMode.php(25): Illuminate\Foundation\Http\Middleware\CheckForMaintenanceMode->handle(Object(Illuminate\Http\Request), Object(Closure))
#47 C:\wamp64\www\httpdocs\vendor\laravel\framework\src\Illuminate\Pipeline\Pipeline.php(171): October\Rain\Foundation\Http\Middleware\CheckForMaintenanceMode->handle(Object(Illuminate\Http\Request), Object(Closure))
#48 C:\wamp64\www\httpdocs\vendor\october\rain\src\Http\Middleware\TrustHosts.php(46): Illuminate\Pipeline\Pipeline->Illuminate\Pipeline\{closure}(Object(Illuminate\Http\Request))
#49 C:\wamp64\www\httpdocs\vendor\laravel\framework\src\Illuminate\Pipeline\Pipeline.php(171): October\Rain\Http\Middleware\TrustHosts->handle(Object(Illuminate\Http\Request), Object(Closure))
#50 C:\wamp64\www\httpdocs\vendor\laravel\framework\src\Illuminate\Pipeline\Pipeline.php(105): Illuminate\Pipeline\Pipeline->Illuminate\Pipeline\{closure}(Object(Illuminate\Http\Request))
#51 C:\wamp64\www\httpdocs\vendor\laravel\framework\src\Illuminate\Foundation\Http\Kernel.php(145): Illuminate\Pipeline\Pipeline->then(Object(Closure))
#52 C:\wamp64\www\httpdocs\vendor\laravel\framework\src\Illuminate\Foundation\Http\Kernel.php(110): Illuminate\Foundation\Http\Kernel->sendRequestThroughRouter(Object(Illuminate\Http\Request))
#53 C:\wamp64\www\httpdocs\index.php(43): Illuminate\Foundation\Http\Kernel->handle(Object(Illuminate\Http\Request))
#54 {main}

Next Doctrine\DBAL\Driver\PDO\Exception: SQLSTATE[42S02]: Base table or view not found: 1146 Table 'dealix_site.general_translate_locales' doesn't exist in C:\wamp64\www\httpdocs\vendor\doctrine\dbal\lib\Doctrine\DBAL\Driver\PDO\Exception.php:18
Stack trace:
#0 C:\wamp64\www\httpdocs\vendor\doctrine\dbal\lib\Doctrine\DBAL\Driver\PDOConnection.php(87): Doctrine\DBAL\Driver\PDO\Exception::new(Object(PDOException))
#1 C:\wamp64\www\httpdocs\vendor\laravel\framework\src\Illuminate\Database\Connection.php(331): Doctrine\DBAL\Driver\PDOConnection->prepare('select `name`, ...')
#2 C:\wamp64\www\httpdocs\vendor\laravel\framework\src\Illuminate\Database\Connection.php(662): Illuminate\Database\Connection->Illuminate\Database\{closure}('select `name`, ...', Array)
#3 C:\wamp64\www\httpdocs\vendor\laravel\framework\src\Illuminate\Database\Connection.php(629): Illuminate\Database\Connection->runQueryCallback('select `name`, ...', Array, Object(Closure))
#4 C:\wamp64\www\httpdocs\vendor\laravel\framework\src\Illuminate\Database\Connection.php(338): Illuminate\Database\Connection->run('select `name`, ...', Array, Object(Closure))
#5 C:\wamp64\www\httpdocs\vendor\laravel\framework\src\Illuminate\Database\Query\Builder.php(2159): Illuminate\Database\Connection->select('select `name`, ...', Array, true)
#6 C:\wamp64\www\httpdocs\vendor\laravel\framework\src\Illuminate\Database\Query\Builder.php(2311): Illuminate\Database\Query\Builder->runSelect()
#7 C:\wamp64\www\httpdocs\vendor\laravel\framework\src\Illuminate\Database\Query\Builder.php(2619): Illuminate\Database\Query\Builder->Illuminate\Database\Query\{closure}()
#8 C:\wamp64\www\httpdocs\vendor\laravel\framework\src\Illuminate\Database\Query\Builder.php(2313): Illuminate\Database\Query\Builder->onceWithColumns(Array, Object(Closure))
#9 C:\wamp64\www\httpdocs\vendor\laravel\framework\src\Illuminate\Database\Eloquent\Builder.php(696): Illuminate\Database\Query\Builder->pluck('name', 'code')
#10 C:\wamp64\www\httpdocs\vendor\october\rain\src\Database\Builder.php(28): Illuminate\Database\Eloquent\Builder->pluck('name', 'code')
#11 C:\wamp64\www\httpdocs\plugins\general\translate\models\Locale.php(172): October\Rain\Database\Builder->lists('name', 'code')
#12 C:\wamp64\www\httpdocs\vendor\laravel\framework\src\Illuminate\Cache\Repository.php(383): General\Translate\Models\Locale::General\Translate\Models\{closure}()
#13 C:\wamp64\www\httpdocs\vendor\laravel\framework\src\Illuminate\Cache\CacheManager.php(390): Illuminate\Cache\Repository->remember('general.transla...', 1440, Object(Closure))
#14 C:\wamp64\www\httpdocs\vendor\laravel\framework\src\Illuminate\Support\Facades\Facade.php(261): Illuminate\Cache\CacheManager->__call('remember', Array)
#15 C:\wamp64\www\httpdocs\plugins\general\translate\models\Locale.php(173): Illuminate\Support\Facades\Facade::__callStatic('remember', Array)
#16 C:\wamp64\www\httpdocs\plugins\general\translate\components\LocalePicker.php(63): General\Translate\Models\Locale::listEnabled()
#17 C:\wamp64\www\httpdocs\modules\cms\classes\CmsCompoundObject.php(178): General\Translate\Components\LocalePicker->onRun()
#18 C:\wamp64\www\httpdocs\modules\cms\classes\Controller.php(485): Cms\Classes\CmsCompoundObject->runComponents()
#19 C:\wamp64\www\httpdocs\modules\cms\classes\Controller.php(394): Cms\Classes\Controller->execPageCycle()
#20 C:\wamp64\www\httpdocs\modules\cms\classes\Controller.php(225): Cms\Classes\Controller->runPage(Object(Cms\Classes\Page))
#21 C:\wamp64\www\httpdocs\modules\cms\classes\CmsController.php(50): Cms\Classes\Controller->run('/')
#22 C:\wamp64\www\httpdocs\vendor\laravel\framework\src\Illuminate\Routing\Controller.php(54): Cms\Classes\CmsController->run('/')
#23 C:\wamp64\www\httpdocs\vendor\laravel\framework\src\Illuminate\Routing\ControllerDispatcher.php(45): Illuminate\Routing\Controller->callAction('run', Array)
#24 C:\wamp64\www\httpdocs\vendor\laravel\framework\src\Illuminate\Routing\Route.php(219): Illuminate\Routing\ControllerDispatcher->dispatch(Object(Illuminate\Routing\Route), Object(Cms\Classes\CmsController), 'run')
#25 C:\wamp64\www\httpdocs\vendor\laravel\framework\src\Illuminate\Routing\Route.php(176): Illuminate\Routing\Route->runController()
#26 C:\wamp64\www\httpdocs\vendor\laravel\framework\src\Illuminate\Routing\Router.php(681): Illuminate\Routing\Route->run()
#27 C:\wamp64\www\httpdocs\vendor\laravel\framework\src\Illuminate\Pipeline\Pipeline.php(130): Illuminate\Routing\Router->Illuminate\Routing\{closure}(Object(Illuminate\Http\Request))
#28 C:\wamp64\www\httpdocs\vendor\laravel\framework\src\Illuminate\Routing\Middleware\SubstituteBindings.php(41): Illuminate\Pipeline\Pipeline->Illuminate\Pipeline\{closure}(Object(Illuminate\Http\Request))
#29 C:\wamp64\www\httpdocs\vendor\laravel\framework\src\Illuminate\Pipeline\Pipeline.php(171): Illuminate\Routing\Middleware\SubstituteBindings->handle(Object(Illuminate\Http\Request), Object(Closure))
#30 C:\wamp64\www\httpdocs\vendor\laravel\framework\src\Illuminate\View\Middleware\ShareErrorsFromSession.php(49): Illuminate\Pipeline\Pipeline->Illuminate\Pipeline\{closure}(Object(Illuminate\Http\Request))
#31 C:\wamp64\www\httpdocs\vendor\laravel\framework\src\Illuminate\Pipeline\Pipeline.php(171): Illuminate\View\Middleware\ShareErrorsFromSession->handle(Object(Illuminate\Http\Request), Object(Closure))
#32 C:\wamp64\www\httpdocs\vendor\laravel\framework\src\Illuminate\Session\Middleware\StartSession.php(56): Illuminate\Pipeline\Pipeline->Illuminate\Pipeline\{closure}(Object(Illuminate\Http\Request))
#33 C:\wamp64\www\httpdocs\vendor\laravel\framework\src\Illuminate\Pipeline\Pipeline.php(171): Illuminate\Session\Middleware\StartSession->handle(Object(Illuminate\Http\Request), Object(Closure))
#34 C:\wamp64\www\httpdocs\vendor\laravel\framework\src\Illuminate\Cookie\Middleware\AddQueuedCookiesToResponse.php(37): Illuminate\Pipeline\Pipeline->Illuminate\Pipeline\{closure}(Object(Illuminate\Http\Request))
#35 C:\wamp64\www\httpdocs\vendor\laravel\framework\src\Illuminate\Pipeline\Pipeline.php(171): Illuminate\Cookie\Middleware\AddQueuedCookiesToResponse->handle(Object(Illuminate\Http\Request), Object(Closure))
#36 C:\wamp64\www\httpdocs\vendor\laravel\framework\src\Illuminate\Cookie\Middleware\EncryptCookies.php(67): Illuminate\Pipeline\Pipeline->Illuminate\Pipeline\{closure}(Object(Illuminate\Http\Request))
#37 C:\wamp64\www\httpdocs\vendor\laravel\framework\src\Illuminate\Pipeline\Pipeline.php(171): Illuminate\Cookie\Middleware\EncryptCookies->handle(Object(Illuminate\Http\Request), Object(Closure))
#38 C:\wamp64\www\httpdocs\vendor\laravel\framework\src\Illuminate\Pipeline\Pipeline.php(105): Illuminate\Pipeline\Pipeline->Illuminate\Pipeline\{closure}(Object(Illuminate\Http\Request))
#39 C:\wamp64\www\httpdocs\vendor\laravel\framework\src\Illuminate\Routing\Router.php(683): Illuminate\Pipeline\Pipeline->then(Object(Closure))
#40 C:\wamp64\www\httpdocs\vendor\laravel\framework\src\Illuminate\Routing\Router.php(658): Illuminate\Routing\Router->runRouteWithinStack(Object(Illuminate\Routing\Route), Object(Illuminate\Http\Request))
#41 C:\wamp64\www\httpdocs\vendor\laravel\framework\src\Illuminate\Routing\Router.php(624): Illuminate\Routing\Router->runRoute(Object(Illuminate\Http\Request), Object(Illuminate\Routing\Route))
#42 C:\wamp64\www\httpdocs\vendor\october\rain\src\Router\CoreRouter.php(20): Illuminate\Routing\Router->dispatchToRoute(Object(Illuminate\Http\Request))
#43 C:\wamp64\www\httpdocs\vendor\laravel\framework\src\Illuminate\Foundation\Http\Kernel.php(170): October\Rain\Router\CoreRouter->dispatch(Object(Illuminate\Http\Request))
#44 C:\wamp64\www\httpdocs\vendor\laravel\framework\src\Illuminate\Pipeline\Pipeline.php(130): Illuminate\Foundation\Http\Kernel->Illuminate\Foundation\Http\{closure}(Object(Illuminate\Http\Request))
#45 C:\wamp64\www\httpdocs\vendor\laravel\framework\src\Illuminate\Foundation\Http\Middleware\CheckForMaintenanceMode.php(63): Illuminate\Pipeline\Pipeline->Illuminate\Pipeline\{closure}(Object(Illuminate\Http\Request))
#46 C:\wamp64\www\httpdocs\vendor\october\rain\src\Foundation\Http\Middleware\CheckForMaintenanceMode.php(25): Illuminate\Foundation\Http\Middleware\CheckForMaintenanceMode->handle(Object(Illuminate\Http\Request), Object(Closure))
#47 C:\wamp64\www\httpdocs\vendor\laravel\framework\src\Illuminate\Pipeline\Pipeline.php(171): October\Rain\Foundation\Http\Middleware\CheckForMaintenanceMode->handle(Object(Illuminate\Http\Request), Object(Closure))
#48 C:\wamp64\www\httpdocs\vendor\october\rain\src\Http\Middleware\TrustHosts.php(46): Illuminate\Pipeline\Pipeline->Illuminate\Pipeline\{closure}(Object(Illuminate\Http\Request))
#49 C:\wamp64\www\httpdocs\vendor\laravel\framework\src\Illuminate\Pipeline\Pipeline.php(171): October\Rain\Http\Middleware\TrustHosts->handle(Object(Illuminate\Http\Request), Object(Closure))
#50 C:\wamp64\www\httpdocs\vendor\laravel\framework\src\Illuminate\Pipeline\Pipeline.php(105): Illuminate\Pipeline\Pipeline->Illuminate\Pipeline\{closure}(Object(Illuminate\Http\Request))
#51 C:\wamp64\www\httpdocs\vendor\laravel\framework\src\Illuminate\Foundation\Http\Kernel.php(145): Illuminate\Pipeline\Pipeline->then(Object(Closure))
#52 C:\wamp64\www\httpdocs\vendor\laravel\framework\src\Illuminate\Foundation\Http\Kernel.php(110): Illuminate\Foundation\Http\Kernel->sendRequestThroughRouter(Object(Illuminate\Http\Request))
#53 C:\wamp64\www\httpdocs\index.php(43): Illuminate\Foundation\Http\Kernel->handle(Object(Illuminate\Http\Request))
#54 {main}

Next Illuminate\Database\QueryException: SQLSTATE[42S02]: Base table or view not found: 1146 Table 'dealix_site.general_translate_locales' doesn't exist (SQL: select `name`, `code` from `general_translate_locales` where `is_enabled` is not null and `is_enabled` = 1) in C:\wamp64\www\httpdocs\vendor\laravel\framework\src\Illuminate\Database\Connection.php:669
Stack trace:
#0 C:\wamp64\www\httpdocs\vendor\laravel\framework\src\Illuminate\Database\Connection.php(629): Illuminate\Database\Connection->runQueryCallback('select `name`, ...', Array, Object(Closure))
#1 C:\wamp64\www\httpdocs\vendor\laravel\framework\src\Illuminate\Database\Connection.php(338): Illuminate\Database\Connection->run('select `name`, ...', Array, Object(Closure))
#2 C:\wamp64\www\httpdocs\vendor\laravel\framework\src\Illuminate\Database\Query\Builder.php(2159): Illuminate\Database\Connection->select('select `name`, ...', Array, true)
#3 C:\wamp64\www\httpdocs\vendor\laravel\framework\src\Illuminate\Database\Query\Builder.php(2311): Illuminate\Database\Query\Builder->runSelect()
#4 C:\wamp64\www\httpdocs\vendor\laravel\framework\src\Illuminate\Database\Query\Builder.php(2619): Illuminate\Database\Query\Builder->Illuminate\Database\Query\{closure}()
#5 C:\wamp64\www\httpdocs\vendor\laravel\framework\src\Illuminate\Database\Query\Builder.php(2313): Illuminate\Database\Query\Builder->onceWithColumns(Array, Object(Closure))
#6 C:\wamp64\www\httpdocs\vendor\laravel\framework\src\Illuminate\Database\Eloquent\Builder.php(696): Illuminate\Database\Query\Builder->pluck('name', 'code')
#7 C:\wamp64\www\httpdocs\vendor\october\rain\src\Database\Builder.php(28): Illuminate\Database\Eloquent\Builder->pluck('name', 'code')
#8 C:\wamp64\www\httpdocs\plugins\general\translate\models\Locale.php(172): October\Rain\Database\Builder->lists('name', 'code')
#9 C:\wamp64\www\httpdocs\vendor\laravel\framework\src\Illuminate\Cache\Repository.php(383): General\Translate\Models\Locale::General\Translate\Models\{closure}()
#10 C:\wamp64\www\httpdocs\vendor\laravel\framework\src\Illuminate\Cache\CacheManager.php(390): Illuminate\Cache\Repository->remember('general.transla...', 1440, Object(Closure))
#11 C:\wamp64\www\httpdocs\vendor\laravel\framework\src\Illuminate\Support\Facades\Facade.php(261): Illuminate\Cache\CacheManager->__call('remember', Array)
#12 C:\wamp64\www\httpdocs\plugins\general\translate\models\Locale.php(173): Illuminate\Support\Facades\Facade::__callStatic('remember', Array)
#13 C:\wamp64\www\httpdocs\plugins\general\translate\components\LocalePicker.php(63): General\Translate\Models\Locale::listEnabled()
#14 C:\wamp64\www\httpdocs\modules\cms\classes\CmsCompoundObject.php(178): General\Translate\Components\LocalePicker->onRun()
#15 C:\wamp64\www\httpdocs\modules\cms\classes\Controller.php(485): Cms\Classes\CmsCompoundObject->runComponents()
#16 C:\wamp64\www\httpdocs\modules\cms\classes\Controller.php(394): Cms\Classes\Controller->execPageCycle()
#17 C:\wamp64\www\httpdocs\modules\cms\classes\Controller.php(225): Cms\Classes\Controller->runPage(Object(Cms\Classes\Page))
#18 C:\wamp64\www\httpdocs\modules\cms\classes\CmsController.php(50): Cms\Classes\Controller->run('/')
#19 C:\wamp64\www\httpdocs\vendor\laravel\framework\src\Illuminate\Routing\Controller.php(54): Cms\Classes\CmsController->run('/')
#20 C:\wamp64\www\httpdocs\vendor\laravel\framework\src\Illuminate\Routing\ControllerDispatcher.php(45): Illuminate\Routing\Controller->callAction('run', Array)
#21 C:\wamp64\www\httpdocs\vendor\laravel\framework\src\Illuminate\Routing\Route.php(219): Illuminate\Routing\ControllerDispatcher->dispatch(Object(Illuminate\Routing\Route), Object(Cms\Classes\CmsController), 'run')
#22 C:\wamp64\www\httpdocs\vendor\laravel\framework\src\Illuminate\Routing\Route.php(176): Illuminate\Routing\Route->runController()
#23 C:\wamp64\www\httpdocs\vendor\laravel\framework\src\Illuminate\Routing\Router.php(681): Illuminate\Routing\Route->run()
#24 C:\wamp64\www\httpdocs\vendor\laravel\framework\src\Illuminate\Pipeline\Pipeline.php(130): Illuminate\Routing\Router->Illuminate\Routing\{closure}(Object(Illuminate\Http\Request))
#25 C:\wamp64\www\httpdocs\vendor\laravel\framework\src\Illuminate\Routing\Middleware\SubstituteBindings.php(41): Illuminate\Pipeline\Pipeline->Illuminate\Pipeline\{closure}(Object(Illuminate\Http\Request))
#26 C:\wamp64\www\httpdocs\vendor\laravel\framework\src\Illuminate\Pipeline\Pipeline.php(171): Illuminate\Routing\Middleware\SubstituteBindings->handle(Object(Illuminate\Http\Request), Object(Closure))
#27 C:\wamp64\www\httpdocs\vendor\laravel\framework\src\Illuminate\View\Middleware\ShareErrorsFromSession.php(49): Illuminate\Pipeline\Pipeline->Illuminate\Pipeline\{closure}(Object(Illuminate\Http\Request))
#28 C:\wamp64\www\httpdocs\vendor\laravel\framework\src\Illuminate\Pipeline\Pipeline.php(171): Illuminate\View\Middleware\ShareErrorsFromSession->handle(Object(Illuminate\Http\Request), Object(Closure))
#29 C:\wamp64\www\httpdocs\vendor\laravel\framework\src\Illuminate\Session\Middleware\StartSession.php(56): Illuminate\Pipeline\Pipeline->Illuminate\Pipeline\{closure}(Object(Illuminate\Http\Request))
#30 C:\wamp64\www\httpdocs\vendor\laravel\framework\src\Illuminate\Pipeline\Pipeline.php(171): Illuminate\Session\Middleware\StartSession->handle(Object(Illuminate\Http\Request), Object(Closure))
#31 C:\wamp64\www\httpdocs\vendor\laravel\framework\src\Illuminate\Cookie\Middleware\AddQueuedCookiesToResponse.php(37): Illuminate\Pipeline\Pipeline->Illuminate\Pipeline\{closure}(Object(Illuminate\Http\Request))
#32 C:\wamp64\www\httpdocs\vendor\laravel\framework\src\Illuminate\Pipeline\Pipeline.php(171): Illuminate\Cookie\Middleware\AddQueuedCookiesToResponse->handle(Object(Illuminate\Http\Request), Object(Closure))
#33 C:\wamp64\www\httpdocs\vendor\laravel\framework\src\Illuminate\Cookie\Middleware\EncryptCookies.php(67): Illuminate\Pipeline\Pipeline->Illuminate\Pipeline\{closure}(Object(Illuminate\Http\Request))
#34 C:\wamp64\www\httpdocs\vendor\laravel\framework\src\Illuminate\Pipeline\Pipeline.php(171): Illuminate\Cookie\Middleware\EncryptCookies->handle(Object(Illuminate\Http\Request), Object(Closure))
#35 C:\wamp64\www\httpdocs\vendor\laravel\framework\src\Illuminate\Pipeline\Pipeline.php(105): Illuminate\Pipeline\Pipeline->Illuminate\Pipeline\{closure}(Object(Illuminate\Http\Request))
#36 C:\wamp64\www\httpdocs\vendor\laravel\framework\src\Illuminate\Routing\Router.php(683): Illuminate\Pipeline\Pipeline->then(Object(Closure))
#37 C:\wamp64\www\httpdocs\vendor\laravel\framework\src\Illuminate\Routing\Router.php(658): Illuminate\Routing\Router->runRouteWithinStack(Object(Illuminate\Routing\Route), Object(Illuminate\Http\Request))
#38 C:\wamp64\www\httpdocs\vendor\laravel\framework\src\Illuminate\Routing\Router.php(624): Illuminate\Routing\Router->runRoute(Object(Illuminate\Http\Request), Object(Illuminate\Routing\Route))
#39 C:\wamp64\www\httpdocs\vendor\october\rain\src\Router\CoreRouter.php(20): Illuminate\Routing\Router->dispatchToRoute(Object(Illuminate\Http\Request))
#40 C:\wamp64\www\httpdocs\vendor\laravel\framework\src\Illuminate\Foundation\Http\Kernel.php(170): October\Rain\Router\CoreRouter->dispatch(Object(Illuminate\Http\Request))
#41 C:\wamp64\www\httpdocs\vendor\laravel\framework\src\Illuminate\Pipeline\Pipeline.php(130): Illuminate\Foundation\Http\Kernel->Illuminate\Foundation\Http\{closure}(Object(Illuminate\Http\Request))
#42 C:\wamp64\www\httpdocs\vendor\laravel\framework\src\Illuminate\Foundation\Http\Middleware\CheckForMaintenanceMode.php(63): Illuminate\Pipeline\Pipeline->Illuminate\Pipeline\{closure}(Object(Illuminate\Http\Request))
#43 C:\wamp64\www\httpdocs\vendor\october\rain\src\Foundation\Http\Middleware\CheckForMaintenanceMode.php(25): Illuminate\Foundation\Http\Middleware\CheckForMaintenanceMode->handle(Object(Illuminate\Http\Request), Object(Closure))
#44 C:\wamp64\www\httpdocs\vendor\laravel\framework\src\Illuminate\Pipeline\Pipeline.php(171): October\Rain\Foundation\Http\Middleware\CheckForMaintenanceMode->handle(Object(Illuminate\Http\Request), Object(Closure))
#45 C:\wamp64\www\httpdocs\vendor\october\rain\src\Http\Middleware\TrustHosts.php(46): Illuminate\Pipeline\Pipeline->Illuminate\Pipeline\{closure}(Object(Illuminate\Http\Request))
#46 C:\wamp64\www\httpdocs\vendor\laravel\framework\src\Illuminate\Pipeline\Pipeline.php(171): October\Rain\Http\Middleware\TrustHosts->handle(Object(Illuminate\Http\Request), Object(Closure))
#47 C:\wamp64\www\httpdocs\vendor\laravel\framework\src\Illuminate\Pipeline\Pipeline.php(105): Illuminate\Pipeline\Pipeline->Illuminate\Pipeline\{closure}(Object(Illuminate\Http\Request))
#48 C:\wamp64\www\httpdocs\vendor\laravel\framework\src\Illuminate\Foundation\Http\Kernel.php(145): Illuminate\Pipeline\Pipeline->then(Object(Closure))
#49 C:\wamp64\www\httpdocs\vendor\laravel\framework\src\Illuminate\Foundation\Http\Kernel.php(110): Illuminate\Foundation\Http\Kernel->sendRequestThroughRouter(Object(Illuminate\Http\Request))
#50 C:\wamp64\www\httpdocs\index.php(43): Illuminate\Foundation\Http\Kernel->handle(Object(Illuminate\Http\Request))
#51 {main}  
