[2023-04-06 10:36:36] development.ERROR: Symfony\Component\Debug\Exception\FatalThrowableError: Attempt to assign property "api_token" on null in /var/www/vhosts/dealix.com.br/httpdocs/plugins/rainlab/user/components/Account.php:292
Stack trace:
#0 /var/www/vhosts/dealix.com.br/httpdocs/plugins/rainlab/user/components/Account.php(248): RainLab\User\Components\Account->generateApiToken()
#1 /var/www/vhosts/dealix.com.br/httpdocs/modules/cms/classes/ComponentBase.php(187): RainLab\User\Components\Account->onSignin()
#2 /var/www/vhosts/dealix.com.br/httpdocs/modules/cms/classes/Controller.php(874): Cms\Classes\ComponentBase->runAjaxHandler()
#3 /var/www/vhosts/dealix.com.br/httpdocs/modules/cms/classes/Controller.php(742): Cms\Classes\Controller->runAjaxHandler()
#4 /var/www/vhosts/dealix.com.br/httpdocs/modules/cms/classes/Controller.php(374): Cms\Classes\Controller->execAjaxHandlers()
#5 /var/www/vhosts/dealix.com.br/httpdocs/modules/cms/classes/Controller.php(225): Cms\Classes\Controller->runPage()
#6 /var/www/vhosts/dealix.com.br/httpdocs/modules/cms/classes/CmsController.php(50): Cms\Classes\Controller->run()
#7 /var/www/vhosts/dealix.com.br/httpdocs/vendor/laravel/framework/src/Illuminate/Routing/Controller.php(54): Cms\Classes\CmsController->run()
#8 /var/www/vhosts/dealix.com.br/httpdocs/vendor/laravel/framework/src/Illuminate/Routing/ControllerDispatcher.php(45): Illuminate\Routing\Controller->callAction()
#9 /var/www/vhosts/dealix.com.br/httpdocs/vendor/laravel/framework/src/Illuminate/Routing/Route.php(219): Illuminate\Routing\ControllerDispatcher->dispatch()
#10 /var/www/vhosts/dealix.com.br/httpdocs/vendor/laravel/framework/src/Illuminate/Routing/Route.php(176): Illuminate\Routing\Route->runController()
#11 /var/www/vhosts/dealix.com.br/httpdocs/vendor/laravel/framework/src/Illuminate/Routing/Router.php(681): Illuminate\Routing\Route->run()
#12 /var/www/vhosts/dealix.com.br/httpdocs/vendor/laravel/framework/src/Illuminate/Pipeline/Pipeline.php(130): Illuminate\Routing\Router->Illuminate\Routing\{closure}()
#13 /var/www/vhosts/dealix.com.br/httpdocs/vendor/laravel/framework/src/Illuminate/Routing/Middleware/SubstituteBindings.php(41): Illuminate\Pipeline\Pipeline->Illuminate\Pipeline\{closure}()
#14 /var/www/vhosts/dealix.com.br/httpdocs/vendor/laravel/framework/src/Illuminate/Pipeline/Pipeline.php(171): Illuminate\Routing\Middleware\SubstituteBindings->handle()
#15 /var/www/vhosts/dealix.com.br/httpdocs/vendor/laravel/framework/src/Illuminate/View/Middleware/ShareErrorsFromSession.php(49): Illuminate\Pipeline\Pipeline->Illuminate\Pipeline\{closure}()
#16 /var/www/vhosts/dealix.com.br/httpdocs/vendor/laravel/framework/src/Illuminate/Pipeline/Pipeline.php(171): Illuminate\View\Middleware\ShareErrorsFromSession->handle()
#17 /var/www/vhosts/dealix.com.br/httpdocs/vendor/laravel/framework/src/Illuminate/Session/Middleware/StartSession.php(56): Illuminate\Pipeline\Pipeline->Illuminate\Pipeline\{closure}()
#18 /var/www/vhosts/dealix.com.br/httpdocs/vendor/laravel/framework/src/Illuminate/Pipeline/Pipeline.php(171): Illuminate\Session\Middleware\StartSession->handle()
#19 /var/www/vhosts/dealix.com.br/httpdocs/vendor/laravel/framework/src/Illuminate/Cookie/Middleware/AddQueuedCookiesToResponse.php(37): Illuminate\Pipeline\Pipeline->Illuminate\Pipeline\{closure}()
#20 /var/www/vhosts/dealix.com.br/httpdocs/vendor/laravel/framework/src/Illuminate/Pipeline/Pipeline.php(171): Illuminate\Cookie\Middleware\AddQueuedCookiesToResponse->handle()
#21 /var/www/vhosts/dealix.com.br/httpdocs/vendor/laravel/framework/src/Illuminate/Cookie/Middleware/EncryptCookies.php(67): Illuminate\Pipeline\Pipeline->Illuminate\Pipeline\{closure}()
#22 /var/www/vhosts/dealix.com.br/httpdocs/vendor/laravel/framework/src/Illuminate/Pipeline/Pipeline.php(171): Illuminate\Cookie\Middleware\EncryptCookies->handle()
#23 /var/www/vhosts/dealix.com.br/httpdocs/vendor/laravel/framework/src/Illuminate/Pipeline/Pipeline.php(105): Illuminate\Pipeline\Pipeline->Illuminate\Pipeline\{closure}()
#24 /var/www/vhosts/dealix.com.br/httpdocs/vendor/laravel/framework/src/Illuminate/Routing/Router.php(683): Illuminate\Pipeline\Pipeline->then()
#25 /var/www/vhosts/dealix.com.br/httpdocs/vendor/laravel/framework/src/Illuminate/Routing/Router.php(658): Illuminate\Routing\Router->runRouteWithinStack()
#26 /var/www/vhosts/dealix.com.br/httpdocs/vendor/laravel/framework/src/Illuminate/Routing/Router.php(624): Illuminate\Routing\Router->runRoute()
#27 /var/www/vhosts/dealix.com.br/httpdocs/vendor/october/rain/src/Router/CoreRouter.php(20): Illuminate\Routing\Router->dispatchToRoute()
#28 /var/www/vhosts/dealix.com.br/httpdocs/vendor/laravel/framework/src/Illuminate/Foundation/Http/Kernel.php(170): October\Rain\Router\CoreRouter->dispatch()
#29 /var/www/vhosts/dealix.com.br/httpdocs/vendor/laravel/framework/src/Illuminate/Pipeline/Pipeline.php(130): Illuminate\Foundation\Http\Kernel->Illuminate\Foundation\Http\{closure}()
#30 /var/www/vhosts/dealix.com.br/httpdocs/vendor/laravel/framework/src/Illuminate/Foundation/Http/Middleware/CheckForMaintenanceMode.php(63): Illuminate\Pipeline\Pipeline->Illuminate\Pipeline\{closure}()
#31 /var/www/vhosts/dealix.com.br/httpdocs/vendor/october/rain/src/Foundation/Http/Middleware/CheckForMaintenanceMode.php(25): Illuminate\Foundation\Http\Middleware\CheckForMaintenanceMode->handle()
#32 /var/www/vhosts/dealix.com.br/httpdocs/vendor/laravel/framework/src/Illuminate/Pipeline/Pipeline.php(171): October\Rain\Foundation\Http\Middleware\CheckForMaintenanceMode->handle()
#33 /var/www/vhosts/dealix.com.br/httpdocs/vendor/october/rain/src/Http/Middleware/TrustHosts.php(46): Illuminate\Pipeline\Pipeline->Illuminate\Pipeline\{closure}()
#34 /var/www/vhosts/dealix.com.br/httpdocs/vendor/laravel/framework/src/Illuminate/Pipeline/Pipeline.php(171): October\Rain\Http\Middleware\TrustHosts->handle()
#35 /var/www/vhosts/dealix.com.br/httpdocs/vendor/laravel/framework/src/Illuminate/Pipeline/Pipeline.php(105): Illuminate\Pipeline\Pipeline->Illuminate\Pipeline\{closure}()
#36 /var/www/vhosts/dealix.com.br/httpdocs/vendor/laravel/framework/src/Illuminate/Foundation/Http/Kernel.php(145): Illuminate\Pipeline\Pipeline->then()
#37 /var/www/vhosts/dealix.com.br/httpdocs/vendor/laravel/framework/src/Illuminate/Foundation/Http/Kernel.php(110): Illuminate\Foundation\Http\Kernel->sendRequestThroughRouter()
#38 /var/www/vhosts/dealix.com.br/httpdocs/index.php(43): Illuminate\Foundation\Http\Kernel->handle()
#39 {main}  
[2023-04-06 10:36:40] development.ERROR: Symfony\Component\Debug\Exception\FatalThrowableError: Attempt to assign property "api_token" on null in /var/www/vhosts/dealix.com.br/httpdocs/plugins/rainlab/user/components/Account.php:292
Stack trace:
#0 /var/www/vhosts/dealix.com.br/httpdocs/plugins/rainlab/user/components/Account.php(248): RainLab\User\Components\Account->generateApiToken()
#1 /var/www/vhosts/dealix.com.br/httpdocs/modules/cms/classes/ComponentBase.php(187): RainLab\User\Components\Account->onSignin()
#2 /var/www/vhosts/dealix.com.br/httpdocs/modules/cms/classes/Controller.php(874): Cms\Classes\ComponentBase->runAjaxHandler()
#3 /var/www/vhosts/dealix.com.br/httpdocs/modules/cms/classes/Controller.php(742): Cms\Classes\Controller->runAjaxHandler()
#4 /var/www/vhosts/dealix.com.br/httpdocs/modules/cms/classes/Controller.php(374): Cms\Classes\Controller->execAjaxHandlers()
#5 /var/www/vhosts/dealix.com.br/httpdocs/modules/cms/classes/Controller.php(225): Cms\Classes\Controller->runPage()
#6 /var/www/vhosts/dealix.com.br/httpdocs/modules/cms/classes/CmsController.php(50): Cms\Classes\Controller->run()
#7 /var/www/vhosts/dealix.com.br/httpdocs/vendor/laravel/framework/src/Illuminate/Routing/Controller.php(54): Cms\Classes\CmsController->run()
#8 /var/www/vhosts/dealix.com.br/httpdocs/vendor/laravel/framework/src/Illuminate/Routing/ControllerDispatcher.php(45): Illuminate\Routing\Controller->callAction()
#9 /var/www/vhosts/dealix.com.br/httpdocs/vendor/laravel/framework/src/Illuminate/Routing/Route.php(219): Illuminate\Routing\ControllerDispatcher->dispatch()
#10 /var/www/vhosts/dealix.com.br/httpdocs/vendor/laravel/framework/src/Illuminate/Routing/Route.php(176): Illuminate\Routing\Route->runController()
#11 /var/www/vhosts/dealix.com.br/httpdocs/vendor/laravel/framework/src/Illuminate/Routing/Router.php(681): Illuminate\Routing\Route->run()
#12 /var/www/vhosts/dealix.com.br/httpdocs/vendor/laravel/framework/src/Illuminate/Pipeline/Pipeline.php(130): Illuminate\Routing\Router->Illuminate\Routing\{closure}()
#13 /var/www/vhosts/dealix.com.br/httpdocs/vendor/laravel/framework/src/Illuminate/Routing/Middleware/SubstituteBindings.php(41): Illuminate\Pipeline\Pipeline->Illuminate\Pipeline\{closure}()
#14 /var/www/vhosts/dealix.com.br/httpdocs/vendor/laravel/framework/src/Illuminate/Pipeline/Pipeline.php(171): Illuminate\Routing\Middleware\SubstituteBindings->handle()
#15 /var/www/vhosts/dealix.com.br/httpdocs/vendor/laravel/framework/src/Illuminate/View/Middleware/ShareErrorsFromSession.php(49): Illuminate\Pipeline\Pipeline->Illuminate\Pipeline\{closure}()
#16 /var/www/vhosts/dealix.com.br/httpdocs/vendor/laravel/framework/src/Illuminate/Pipeline/Pipeline.php(171): Illuminate\View\Middleware\ShareErrorsFromSession->handle()
#17 /var/www/vhosts/dealix.com.br/httpdocs/vendor/laravel/framework/src/Illuminate/Session/Middleware/StartSession.php(56): Illuminate\Pipeline\Pipeline->Illuminate\Pipeline\{closure}()
#18 /var/www/vhosts/dealix.com.br/httpdocs/vendor/laravel/framework/src/Illuminate/Pipeline/Pipeline.php(171): Illuminate\Session\Middleware\StartSession->handle()
#19 /var/www/vhosts/dealix.com.br/httpdocs/vendor/laravel/framework/src/Illuminate/Cookie/Middleware/AddQueuedCookiesToResponse.php(37): Illuminate\Pipeline\Pipeline->Illuminate\Pipeline\{closure}()
#20 /var/www/vhosts/dealix.com.br/httpdocs/vendor/laravel/framework/src/Illuminate/Pipeline/Pipeline.php(171): Illuminate\Cookie\Middleware\AddQueuedCookiesToResponse->handle()
#21 /var/www/vhosts/dealix.com.br/httpdocs/vendor/laravel/framework/src/Illuminate/Cookie/Middleware/EncryptCookies.php(67): Illuminate\Pipeline\Pipeline->Illuminate\Pipeline\{closure}()
#22 /var/www/vhosts/dealix.com.br/httpdocs/vendor/laravel/framework/src/Illuminate/Pipeline/Pipeline.php(171): Illuminate\Cookie\Middleware\EncryptCookies->handle()
#23 /var/www/vhosts/dealix.com.br/httpdocs/vendor/laravel/framework/src/Illuminate/Pipeline/Pipeline.php(105): Illuminate\Pipeline\Pipeline->Illuminate\Pipeline\{closure}()
#24 /var/www/vhosts/dealix.com.br/httpdocs/vendor/laravel/framework/src/Illuminate/Routing/Router.php(683): Illuminate\Pipeline\Pipeline->then()
#25 /var/www/vhosts/dealix.com.br/httpdocs/vendor/laravel/framework/src/Illuminate/Routing/Router.php(658): Illuminate\Routing\Router->runRouteWithinStack()
#26 /var/www/vhosts/dealix.com.br/httpdocs/vendor/laravel/framework/src/Illuminate/Routing/Router.php(624): Illuminate\Routing\Router->runRoute()
#27 /var/www/vhosts/dealix.com.br/httpdocs/vendor/october/rain/src/Router/CoreRouter.php(20): Illuminate\Routing\Router->dispatchToRoute()
#28 /var/www/vhosts/dealix.com.br/httpdocs/vendor/laravel/framework/src/Illuminate/Foundation/Http/Kernel.php(170): October\Rain\Router\CoreRouter->dispatch()
#29 /var/www/vhosts/dealix.com.br/httpdocs/vendor/laravel/framework/src/Illuminate/Pipeline/Pipeline.php(130): Illuminate\Foundation\Http\Kernel->Illuminate\Foundation\Http\{closure}()
#30 /var/www/vhosts/dealix.com.br/httpdocs/vendor/laravel/framework/src/Illuminate/Foundation/Http/Middleware/CheckForMaintenanceMode.php(63): Illuminate\Pipeline\Pipeline->Illuminate\Pipeline\{closure}()
#31 /var/www/vhosts/dealix.com.br/httpdocs/vendor/october/rain/src/Foundation/Http/Middleware/CheckForMaintenanceMode.php(25): Illuminate\Foundation\Http\Middleware\CheckForMaintenanceMode->handle()
#32 /var/www/vhosts/dealix.com.br/httpdocs/vendor/laravel/framework/src/Illuminate/Pipeline/Pipeline.php(171): October\Rain\Foundation\Http\Middleware\CheckForMaintenanceMode->handle()
#33 /var/www/vhosts/dealix.com.br/httpdocs/vendor/october/rain/src/Http/Middleware/TrustHosts.php(46): Illuminate\Pipeline\Pipeline->Illuminate\Pipeline\{closure}()
#34 /var/www/vhosts/dealix.com.br/httpdocs/vendor/laravel/framework/src/Illuminate/Pipeline/Pipeline.php(171): October\Rain\Http\Middleware\TrustHosts->handle()
#35 /var/www/vhosts/dealix.com.br/httpdocs/vendor/laravel/framework/src/Illuminate/Pipeline/Pipeline.php(105): Illuminate\Pipeline\Pipeline->Illuminate\Pipeline\{closure}()
#36 /var/www/vhosts/dealix.com.br/httpdocs/vendor/laravel/framework/src/Illuminate/Foundation/Http/Kernel.php(145): Illuminate\Pipeline\Pipeline->then()
#37 /var/www/vhosts/dealix.com.br/httpdocs/vendor/laravel/framework/src/Illuminate/Foundation/Http/Kernel.php(110): Illuminate\Foundation\Http\Kernel->sendRequestThroughRouter()
#38 /var/www/vhosts/dealix.com.br/httpdocs/index.php(43): Illuminate\Foundation\Http\Kernel->handle()
#39 {main}  
[2023-04-06 10:37:26] development.ERROR: Symfony\Component\Debug\Exception\FatalThrowableError: Attempt to assign property "api_token" on null in /var/www/vhosts/dealix.com.br/httpdocs/plugins/rainlab/user/components/Account.php:292
Stack trace:
#0 /var/www/vhosts/dealix.com.br/httpdocs/plugins/rainlab/user/components/Account.php(248): RainLab\User\Components\Account->generateApiToken()
#1 /var/www/vhosts/dealix.com.br/httpdocs/modules/cms/classes/ComponentBase.php(187): RainLab\User\Components\Account->onSignin()
#2 /var/www/vhosts/dealix.com.br/httpdocs/modules/cms/classes/Controller.php(874): Cms\Classes\ComponentBase->runAjaxHandler()
#3 /var/www/vhosts/dealix.com.br/httpdocs/modules/cms/classes/Controller.php(742): Cms\Classes\Controller->runAjaxHandler()
#4 /var/www/vhosts/dealix.com.br/httpdocs/modules/cms/classes/Controller.php(374): Cms\Classes\Controller->execAjaxHandlers()
#5 /var/www/vhosts/dealix.com.br/httpdocs/modules/cms/classes/Controller.php(225): Cms\Classes\Controller->runPage()
#6 /var/www/vhosts/dealix.com.br/httpdocs/modules/cms/classes/CmsController.php(50): Cms\Classes\Controller->run()
#7 /var/www/vhosts/dealix.com.br/httpdocs/vendor/laravel/framework/src/Illuminate/Routing/Controller.php(54): Cms\Classes\CmsController->run()
#8 /var/www/vhosts/dealix.com.br/httpdocs/vendor/laravel/framework/src/Illuminate/Routing/ControllerDispatcher.php(45): Illuminate\Routing\Controller->callAction()
#9 /var/www/vhosts/dealix.com.br/httpdocs/vendor/laravel/framework/src/Illuminate/Routing/Route.php(219): Illuminate\Routing\ControllerDispatcher->dispatch()
#10 /var/www/vhosts/dealix.com.br/httpdocs/vendor/laravel/framework/src/Illuminate/Routing/Route.php(176): Illuminate\Routing\Route->runController()
#11 /var/www/vhosts/dealix.com.br/httpdocs/vendor/laravel/framework/src/Illuminate/Routing/Router.php(681): Illuminate\Routing\Route->run()
#12 /var/www/vhosts/dealix.com.br/httpdocs/vendor/laravel/framework/src/Illuminate/Pipeline/Pipeline.php(130): Illuminate\Routing\Router->Illuminate\Routing\{closure}()
#13 /var/www/vhosts/dealix.com.br/httpdocs/vendor/laravel/framework/src/Illuminate/Routing/Middleware/SubstituteBindings.php(41): Illuminate\Pipeline\Pipeline->Illuminate\Pipeline\{closure}()
#14 /var/www/vhosts/dealix.com.br/httpdocs/vendor/laravel/framework/src/Illuminate/Pipeline/Pipeline.php(171): Illuminate\Routing\Middleware\SubstituteBindings->handle()
#15 /var/www/vhosts/dealix.com.br/httpdocs/vendor/laravel/framework/src/Illuminate/View/Middleware/ShareErrorsFromSession.php(49): Illuminate\Pipeline\Pipeline->Illuminate\Pipeline\{closure}()
#16 /var/www/vhosts/dealix.com.br/httpdocs/vendor/laravel/framework/src/Illuminate/Pipeline/Pipeline.php(171): Illuminate\View\Middleware\ShareErrorsFromSession->handle()
#17 /var/www/vhosts/dealix.com.br/httpdocs/vendor/laravel/framework/src/Illuminate/Session/Middleware/StartSession.php(56): Illuminate\Pipeline\Pipeline->Illuminate\Pipeline\{closure}()
#18 /var/www/vhosts/dealix.com.br/httpdocs/vendor/laravel/framework/src/Illuminate/Pipeline/Pipeline.php(171): Illuminate\Session\Middleware\StartSession->handle()
#19 /var/www/vhosts/dealix.com.br/httpdocs/vendor/laravel/framework/src/Illuminate/Cookie/Middleware/AddQueuedCookiesToResponse.php(37): Illuminate\Pipeline\Pipeline->Illuminate\Pipeline\{closure}()
#20 /var/www/vhosts/dealix.com.br/httpdocs/vendor/laravel/framework/src/Illuminate/Pipeline/Pipeline.php(171): Illuminate\Cookie\Middleware\AddQueuedCookiesToResponse->handle()
#21 /var/www/vhosts/dealix.com.br/httpdocs/vendor/laravel/framework/src/Illuminate/Cookie/Middleware/EncryptCookies.php(67): Illuminate\Pipeline\Pipeline->Illuminate\Pipeline\{closure}()
#22 /var/www/vhosts/dealix.com.br/httpdocs/vendor/laravel/framework/src/Illuminate/Pipeline/Pipeline.php(171): Illuminate\Cookie\Middleware\EncryptCookies->handle()
#23 /var/www/vhosts/dealix.com.br/httpdocs/vendor/laravel/framework/src/Illuminate/Pipeline/Pipeline.php(105): Illuminate\Pipeline\Pipeline->Illuminate\Pipeline\{closure}()
#24 /var/www/vhosts/dealix.com.br/httpdocs/vendor/laravel/framework/src/Illuminate/Routing/Router.php(683): Illuminate\Pipeline\Pipeline->then()
#25 /var/www/vhosts/dealix.com.br/httpdocs/vendor/laravel/framework/src/Illuminate/Routing/Router.php(658): Illuminate\Routing\Router->runRouteWithinStack()
#26 /var/www/vhosts/dealix.com.br/httpdocs/vendor/laravel/framework/src/Illuminate/Routing/Router.php(624): Illuminate\Routing\Router->runRoute()
#27 /var/www/vhosts/dealix.com.br/httpdocs/vendor/october/rain/src/Router/CoreRouter.php(20): Illuminate\Routing\Router->dispatchToRoute()
#28 /var/www/vhosts/dealix.com.br/httpdocs/vendor/laravel/framework/src/Illuminate/Foundation/Http/Kernel.php(170): October\Rain\Router\CoreRouter->dispatch()
#29 /var/www/vhosts/dealix.com.br/httpdocs/vendor/laravel/framework/src/Illuminate/Pipeline/Pipeline.php(130): Illuminate\Foundation\Http\Kernel->Illuminate\Foundation\Http\{closure}()
#30 /var/www/vhosts/dealix.com.br/httpdocs/vendor/laravel/framework/src/Illuminate/Foundation/Http/Middleware/CheckForMaintenanceMode.php(63): Illuminate\Pipeline\Pipeline->Illuminate\Pipeline\{closure}()
#31 /var/www/vhosts/dealix.com.br/httpdocs/vendor/october/rain/src/Foundation/Http/Middleware/CheckForMaintenanceMode.php(25): Illuminate\Foundation\Http\Middleware\CheckForMaintenanceMode->handle()
#32 /var/www/vhosts/dealix.com.br/httpdocs/vendor/laravel/framework/src/Illuminate/Pipeline/Pipeline.php(171): October\Rain\Foundation\Http\Middleware\CheckForMaintenanceMode->handle()
#33 /var/www/vhosts/dealix.com.br/httpdocs/vendor/october/rain/src/Http/Middleware/TrustHosts.php(46): Illuminate\Pipeline\Pipeline->Illuminate\Pipeline\{closure}()
#34 /var/www/vhosts/dealix.com.br/httpdocs/vendor/laravel/framework/src/Illuminate/Pipeline/Pipeline.php(171): October\Rain\Http\Middleware\TrustHosts->handle()
#35 /var/www/vhosts/dealix.com.br/httpdocs/vendor/laravel/framework/src/Illuminate/Pipeline/Pipeline.php(105): Illuminate\Pipeline\Pipeline->Illuminate\Pipeline\{closure}()
#36 /var/www/vhosts/dealix.com.br/httpdocs/vendor/laravel/framework/src/Illuminate/Foundation/Http/Kernel.php(145): Illuminate\Pipeline\Pipeline->then()
#37 /var/www/vhosts/dealix.com.br/httpdocs/vendor/laravel/framework/src/Illuminate/Foundation/Http/Kernel.php(110): Illuminate\Foundation\Http\Kernel->sendRequestThroughRouter()
#38 /var/www/vhosts/dealix.com.br/httpdocs/index.php(43): Illuminate\Foundation\Http\Kernel->handle()
#39 {main}  
[2023-04-06 10:49:08] development.ERROR: Symfony\Component\Debug\Exception\FatalThrowableError: Attempt to assign property "api_token" on null in /var/www/vhosts/dealix.com.br/httpdocs/plugins/rainlab/user/components/Account.php:292
Stack trace:
#0 /var/www/vhosts/dealix.com.br/httpdocs/plugins/rainlab/user/components/Account.php(248): RainLab\User\Components\Account->generateApiToken()
#1 /var/www/vhosts/dealix.com.br/httpdocs/modules/cms/classes/ComponentBase.php(187): RainLab\User\Components\Account->onSignin()
#2 /var/www/vhosts/dealix.com.br/httpdocs/modules/cms/classes/Controller.php(874): Cms\Classes\ComponentBase->runAjaxHandler()
#3 /var/www/vhosts/dealix.com.br/httpdocs/modules/cms/classes/Controller.php(742): Cms\Classes\Controller->runAjaxHandler()
#4 /var/www/vhosts/dealix.com.br/httpdocs/modules/cms/classes/Controller.php(374): Cms\Classes\Controller->execAjaxHandlers()
#5 /var/www/vhosts/dealix.com.br/httpdocs/modules/cms/classes/Controller.php(225): Cms\Classes\Controller->runPage()
#6 /var/www/vhosts/dealix.com.br/httpdocs/modules/cms/classes/CmsController.php(50): Cms\Classes\Controller->run()
#7 /var/www/vhosts/dealix.com.br/httpdocs/vendor/laravel/framework/src/Illuminate/Routing/Controller.php(54): Cms\Classes\CmsController->run()
#8 /var/www/vhosts/dealix.com.br/httpdocs/vendor/laravel/framework/src/Illuminate/Routing/ControllerDispatcher.php(45): Illuminate\Routing\Controller->callAction()
#9 /var/www/vhosts/dealix.com.br/httpdocs/vendor/laravel/framework/src/Illuminate/Routing/Route.php(219): Illuminate\Routing\ControllerDispatcher->dispatch()
#10 /var/www/vhosts/dealix.com.br/httpdocs/vendor/laravel/framework/src/Illuminate/Routing/Route.php(176): Illuminate\Routing\Route->runController()
#11 /var/www/vhosts/dealix.com.br/httpdocs/vendor/laravel/framework/src/Illuminate/Routing/Router.php(681): Illuminate\Routing\Route->run()
#12 /var/www/vhosts/dealix.com.br/httpdocs/vendor/laravel/framework/src/Illuminate/Pipeline/Pipeline.php(130): Illuminate\Routing\Router->Illuminate\Routing\{closure}()
#13 /var/www/vhosts/dealix.com.br/httpdocs/vendor/laravel/framework/src/Illuminate/Routing/Middleware/SubstituteBindings.php(41): Illuminate\Pipeline\Pipeline->Illuminate\Pipeline\{closure}()
#14 /var/www/vhosts/dealix.com.br/httpdocs/vendor/laravel/framework/src/Illuminate/Pipeline/Pipeline.php(171): Illuminate\Routing\Middleware\SubstituteBindings->handle()
#15 /var/www/vhosts/dealix.com.br/httpdocs/vendor/laravel/framework/src/Illuminate/View/Middleware/ShareErrorsFromSession.php(49): Illuminate\Pipeline\Pipeline->Illuminate\Pipeline\{closure}()
#16 /var/www/vhosts/dealix.com.br/httpdocs/vendor/laravel/framework/src/Illuminate/Pipeline/Pipeline.php(171): Illuminate\View\Middleware\ShareErrorsFromSession->handle()
#17 /var/www/vhosts/dealix.com.br/httpdocs/vendor/laravel/framework/src/Illuminate/Session/Middleware/StartSession.php(56): Illuminate\Pipeline\Pipeline->Illuminate\Pipeline\{closure}()
#18 /var/www/vhosts/dealix.com.br/httpdocs/vendor/laravel/framework/src/Illuminate/Pipeline/Pipeline.php(171): Illuminate\Session\Middleware\StartSession->handle()
#19 /var/www/vhosts/dealix.com.br/httpdocs/vendor/laravel/framework/src/Illuminate/Cookie/Middleware/AddQueuedCookiesToResponse.php(37): Illuminate\Pipeline\Pipeline->Illuminate\Pipeline\{closure}()
#20 /var/www/vhosts/dealix.com.br/httpdocs/vendor/laravel/framework/src/Illuminate/Pipeline/Pipeline.php(171): Illuminate\Cookie\Middleware\AddQueuedCookiesToResponse->handle()
#21 /var/www/vhosts/dealix.com.br/httpdocs/vendor/laravel/framework/src/Illuminate/Cookie/Middleware/EncryptCookies.php(67): Illuminate\Pipeline\Pipeline->Illuminate\Pipeline\{closure}()
#22 /var/www/vhosts/dealix.com.br/httpdocs/vendor/laravel/framework/src/Illuminate/Pipeline/Pipeline.php(171): Illuminate\Cookie\Middleware\EncryptCookies->handle()
#23 /var/www/vhosts/dealix.com.br/httpdocs/vendor/laravel/framework/src/Illuminate/Pipeline/Pipeline.php(105): Illuminate\Pipeline\Pipeline->Illuminate\Pipeline\{closure}()
#24 /var/www/vhosts/dealix.com.br/httpdocs/vendor/laravel/framework/src/Illuminate/Routing/Router.php(683): Illuminate\Pipeline\Pipeline->then()
#25 /var/www/vhosts/dealix.com.br/httpdocs/vendor/laravel/framework/src/Illuminate/Routing/Router.php(658): Illuminate\Routing\Router->runRouteWithinStack()
#26 /var/www/vhosts/dealix.com.br/httpdocs/vendor/laravel/framework/src/Illuminate/Routing/Router.php(624): Illuminate\Routing\Router->runRoute()
#27 /var/www/vhosts/dealix.com.br/httpdocs/vendor/october/rain/src/Router/CoreRouter.php(20): Illuminate\Routing\Router->dispatchToRoute()
#28 /var/www/vhosts/dealix.com.br/httpdocs/vendor/laravel/framework/src/Illuminate/Foundation/Http/Kernel.php(170): October\Rain\Router\CoreRouter->dispatch()
#29 /var/www/vhosts/dealix.com.br/httpdocs/vendor/laravel/framework/src/Illuminate/Pipeline/Pipeline.php(130): Illuminate\Foundation\Http\Kernel->Illuminate\Foundation\Http\{closure}()
#30 /var/www/vhosts/dealix.com.br/httpdocs/vendor/laravel/framework/src/Illuminate/Foundation/Http/Middleware/CheckForMaintenanceMode.php(63): Illuminate\Pipeline\Pipeline->Illuminate\Pipeline\{closure}()
#31 /var/www/vhosts/dealix.com.br/httpdocs/vendor/october/rain/src/Foundation/Http/Middleware/CheckForMaintenanceMode.php(25): Illuminate\Foundation\Http\Middleware\CheckForMaintenanceMode->handle()
#32 /var/www/vhosts/dealix.com.br/httpdocs/vendor/laravel/framework/src/Illuminate/Pipeline/Pipeline.php(171): October\Rain\Foundation\Http\Middleware\CheckForMaintenanceMode->handle()
#33 /var/www/vhosts/dealix.com.br/httpdocs/vendor/october/rain/src/Http/Middleware/TrustHosts.php(46): Illuminate\Pipeline\Pipeline->Illuminate\Pipeline\{closure}()
#34 /var/www/vhosts/dealix.com.br/httpdocs/vendor/laravel/framework/src/Illuminate/Pipeline/Pipeline.php(171): October\Rain\Http\Middleware\TrustHosts->handle()
#35 /var/www/vhosts/dealix.com.br/httpdocs/vendor/laravel/framework/src/Illuminate/Pipeline/Pipeline.php(105): Illuminate\Pipeline\Pipeline->Illuminate\Pipeline\{closure}()
#36 /var/www/vhosts/dealix.com.br/httpdocs/vendor/laravel/framework/src/Illuminate/Foundation/Http/Kernel.php(145): Illuminate\Pipeline\Pipeline->then()
#37 /var/www/vhosts/dealix.com.br/httpdocs/vendor/laravel/framework/src/Illuminate/Foundation/Http/Kernel.php(110): Illuminate\Foundation\Http\Kernel->sendRequestThroughRouter()
#38 /var/www/vhosts/dealix.com.br/httpdocs/index.php(43): Illuminate\Foundation\Http\Kernel->handle()
#39 {main}  
