[2023-12-20 20:25:35] dev.ERROR: ErrorException: Required parameter $message follows optional parameter $locale in C:\xampp\htdocs\new_gebit\httpdocs\plugins\general\translate\models\Message.php:76
Stack trace:
#0 C:\xampp\htdocs\new_gebit\httpdocs\vendor\october\rain\src\Support\ClassLoader.php(91): Illuminate\Foundation\Bootstrap\HandleExceptions->handleError(8192, 'Required parame...', 'C:\\xampp\\htdocs...', 76)
#1 C:\xampp\htdocs\new_gebit\httpdocs\vendor\october\rain\src\Support\ClassLoader.php(91): require_once()
#2 C:\xampp\htdocs\new_gebit\httpdocs\plugins\general\translate\classes\EventRegistry.php(187): October\Rain\Support\ClassLoader->load('General\\Transla...')
#3 C:\xampp\htdocs\new_gebit\httpdocs\plugins\general\translate\Plugin.php(56): General\Translate\Classes\EventRegistry->setMessageContext(Object(Cms\Classes\Page))
#4 C:\xampp\htdocs\new_gebit\httpdocs\vendor\october\rain\src\Events\Dispatcher.php(417): General\Translate\Plugin->General\Translate\{closure}(Object(Cms\Classes\Controller), '/', Object(Cms\Classes\Page))
#5 C:\xampp\htdocs\new_gebit\httpdocs\vendor\october\rain\src\Events\Dispatcher.php(260): October\Rain\Events\Dispatcher->October\Rain\Events\{closure}('cms.page.before...', Array)
#6 C:\xampp\htdocs\new_gebit\httpdocs\vendor\october\rain\src\Events\Dispatcher.php(226): October\Rain\Events\Dispatcher->dispatch('cms.page.before...', Array, true)
#7 C:\xampp\htdocs\new_gebit\httpdocs\vendor\laravel\framework\src\Illuminate\Support\Facades\Facade.php(261): October\Rain\Events\Dispatcher->fire('cms.page.before...', Array, true)
#8 C:\xampp\htdocs\new_gebit\httpdocs\modules\system\traits\EventEmitter.php(58): Illuminate\Support\Facades\Facade::__callStatic('fire', Array)
#9 C:\xampp\htdocs\new_gebit\httpdocs\modules\cms\classes\Controller.php(196): Cms\Classes\Controller->fireSystemEvent('cms.page.before...', Array)
#10 C:\xampp\htdocs\new_gebit\httpdocs\modules\cms\classes\CmsController.php(50): Cms\Classes\Controller->run('/')
#11 C:\xampp\htdocs\new_gebit\httpdocs\vendor\laravel\framework\src\Illuminate\Routing\Controller.php(54): Cms\Classes\CmsController->run('/')
#12 C:\xampp\htdocs\new_gebit\httpdocs\vendor\laravel\framework\src\Illuminate\Routing\ControllerDispatcher.php(45): Illuminate\Routing\Controller->callAction('run', Array)
#13 C:\xampp\htdocs\new_gebit\httpdocs\vendor\laravel\framework\src\Illuminate\Routing\Route.php(219): Illuminate\Routing\ControllerDispatcher->dispatch(Object(Illuminate\Routing\Route), Object(Cms\Classes\CmsController), 'run')
#14 C:\xampp\htdocs\new_gebit\httpdocs\vendor\laravel\framework\src\Illuminate\Routing\Route.php(176): Illuminate\Routing\Route->runController()
#15 C:\xampp\htdocs\new_gebit\httpdocs\vendor\laravel\framework\src\Illuminate\Routing\Router.php(681): Illuminate\Routing\Route->run()
#16 C:\xampp\htdocs\new_gebit\httpdocs\vendor\laravel\framework\src\Illuminate\Pipeline\Pipeline.php(130): Illuminate\Routing\Router->Illuminate\Routing\{closure}(Object(Illuminate\Http\Request))
#17 C:\xampp\htdocs\new_gebit\httpdocs\vendor\laravel\framework\src\Illuminate\Routing\Middleware\SubstituteBindings.php(41): Illuminate\Pipeline\Pipeline->Illuminate\Pipeline\{closure}(Object(Illuminate\Http\Request))
#18 C:\xampp\htdocs\new_gebit\httpdocs\vendor\laravel\framework\src\Illuminate\Pipeline\Pipeline.php(171): Illuminate\Routing\Middleware\SubstituteBindings->handle(Object(Illuminate\Http\Request), Object(Closure))
#19 C:\xampp\htdocs\new_gebit\httpdocs\vendor\laravel\framework\src\Illuminate\View\Middleware\ShareErrorsFromSession.php(49): Illuminate\Pipeline\Pipeline->Illuminate\Pipeline\{closure}(Object(Illuminate\Http\Request))
#20 C:\xampp\htdocs\new_gebit\httpdocs\vendor\laravel\framework\src\Illuminate\Pipeline\Pipeline.php(171): Illuminate\View\Middleware\ShareErrorsFromSession->handle(Object(Illuminate\Http\Request), Object(Closure))
#21 C:\xampp\htdocs\new_gebit\httpdocs\vendor\laravel\framework\src\Illuminate\Session\Middleware\StartSession.php(56): Illuminate\Pipeline\Pipeline->Illuminate\Pipeline\{closure}(Object(Illuminate\Http\Request))
#22 C:\xampp\htdocs\new_gebit\httpdocs\vendor\laravel\framework\src\Illuminate\Pipeline\Pipeline.php(171): Illuminate\Session\Middleware\StartSession->handle(Object(Illuminate\Http\Request), Object(Closure))
#23 C:\xampp\htdocs\new_gebit\httpdocs\vendor\laravel\framework\src\Illuminate\Cookie\Middleware\AddQueuedCookiesToResponse.php(37): Illuminate\Pipeline\Pipeline->Illuminate\Pipeline\{closure}(Object(Illuminate\Http\Request))
#24 C:\xampp\htdocs\new_gebit\httpdocs\vendor\laravel\framework\src\Illuminate\Pipeline\Pipeline.php(171): Illuminate\Cookie\Middleware\AddQueuedCookiesToResponse->handle(Object(Illuminate\Http\Request), Object(Closure))
#25 C:\xampp\htdocs\new_gebit\httpdocs\vendor\laravel\framework\src\Illuminate\Cookie\Middleware\EncryptCookies.php(67): Illuminate\Pipeline\Pipeline->Illuminate\Pipeline\{closure}(Object(Illuminate\Http\Request))
#26 C:\xampp\htdocs\new_gebit\httpdocs\vendor\laravel\framework\src\Illuminate\Pipeline\Pipeline.php(171): Illuminate\Cookie\Middleware\EncryptCookies->handle(Object(Illuminate\Http\Request), Object(Closure))
#27 C:\xampp\htdocs\new_gebit\httpdocs\vendor\laravel\framework\src\Illuminate\Pipeline\Pipeline.php(105): Illuminate\Pipeline\Pipeline->Illuminate\Pipeline\{closure}(Object(Illuminate\Http\Request))
#28 C:\xampp\htdocs\new_gebit\httpdocs\vendor\laravel\framework\src\Illuminate\Routing\Router.php(683): Illuminate\Pipeline\Pipeline->then(Object(Closure))
#29 C:\xampp\htdocs\new_gebit\httpdocs\vendor\laravel\framework\src\Illuminate\Routing\Router.php(658): Illuminate\Routing\Router->runRouteWithinStack(Object(Illuminate\Routing\Route), Object(Illuminate\Http\Request))
#30 C:\xampp\htdocs\new_gebit\httpdocs\vendor\laravel\framework\src\Illuminate\Routing\Router.php(624): Illuminate\Routing\Router->runRoute(Object(Illuminate\Http\Request), Object(Illuminate\Routing\Route))
#31 C:\xampp\htdocs\new_gebit\httpdocs\vendor\october\rain\src\Router\CoreRouter.php(20): Illuminate\Routing\Router->dispatchToRoute(Object(Illuminate\Http\Request))
#32 C:\xampp\htdocs\new_gebit\httpdocs\vendor\laravel\framework\src\Illuminate\Foundation\Http\Kernel.php(170): October\Rain\Router\CoreRouter->dispatch(Object(Illuminate\Http\Request))
#33 C:\xampp\htdocs\new_gebit\httpdocs\vendor\laravel\framework\src\Illuminate\Pipeline\Pipeline.php(130): Illuminate\Foundation\Http\Kernel->Illuminate\Foundation\Http\{closure}(Object(Illuminate\Http\Request))
#34 C:\xampp\htdocs\new_gebit\httpdocs\vendor\laravel\framework\src\Illuminate\Foundation\Http\Middleware\CheckForMaintenanceMode.php(63): Illuminate\Pipeline\Pipeline->Illuminate\Pipeline\{closure}(Object(Illuminate\Http\Request))
#35 C:\xampp\htdocs\new_gebit\httpdocs\vendor\october\rain\src\Foundation\Http\Middleware\CheckForMaintenanceMode.php(25): Illuminate\Foundation\Http\Middleware\CheckForMaintenanceMode->handle(Object(Illuminate\Http\Request), Object(Closure))
#36 C:\xampp\htdocs\new_gebit\httpdocs\vendor\laravel\framework\src\Illuminate\Pipeline\Pipeline.php(171): October\Rain\Foundation\Http\Middleware\CheckForMaintenanceMode->handle(Object(Illuminate\Http\Request), Object(Closure))
#37 C:\xampp\htdocs\new_gebit\httpdocs\vendor\october\rain\src\Http\Middleware\TrustHosts.php(46): Illuminate\Pipeline\Pipeline->Illuminate\Pipeline\{closure}(Object(Illuminate\Http\Request))
#38 C:\xampp\htdocs\new_gebit\httpdocs\vendor\laravel\framework\src\Illuminate\Pipeline\Pipeline.php(171): October\Rain\Http\Middleware\TrustHosts->handle(Object(Illuminate\Http\Request), Object(Closure))
#39 C:\xampp\htdocs\new_gebit\httpdocs\vendor\laravel\framework\src\Illuminate\Pipeline\Pipeline.php(105): Illuminate\Pipeline\Pipeline->Illuminate\Pipeline\{closure}(Object(Illuminate\Http\Request))
#40 C:\xampp\htdocs\new_gebit\httpdocs\vendor\laravel\framework\src\Illuminate\Foundation\Http\Kernel.php(145): Illuminate\Pipeline\Pipeline->then(Object(Closure))
#41 C:\xampp\htdocs\new_gebit\httpdocs\vendor\laravel\framework\src\Illuminate\Foundation\Http\Kernel.php(110): Illuminate\Foundation\Http\Kernel->sendRequestThroughRouter(Object(Illuminate\Http\Request))
#42 C:\xampp\htdocs\new_gebit\httpdocs\index.php(43): Illuminate\Foundation\Http\Kernel->handle(Object(Illuminate\Http\Request))
#43 {main}  
[2023-12-20 20:26:31] dev.ERROR: ErrorException: Required parameter $page follows optional parameter $content in C:\xampp\htdocs\new_gebit\httpdocs\plugins\general\paginas\models\Conteudo.php:66
Stack trace:
#0 C:\xampp\htdocs\new_gebit\httpdocs\vendor\october\rain\src\Support\ClassLoader.php(91): Illuminate\Foundation\Bootstrap\HandleExceptions->handleError(8192, 'Required parame...', 'C:\\xampp\\htdocs...', 66)
#1 C:\xampp\htdocs\new_gebit\httpdocs\vendor\october\rain\src\Support\ClassLoader.php(91): require_once()
#2 C:\xampp\htdocs\new_gebit\httpdocs\plugins\general\paginas\classes\PageRender.php(69): October\Rain\Support\ClassLoader->load('General\\Paginas...')
#3 C:\xampp\htdocs\new_gebit\httpdocs\plugins\general\paginas\classes\PageRender.php(35): General\Paginas\Classes\PageRender->loadPageVars('<!-- Funcionali...')
#4 C:\xampp\htdocs\new_gebit\httpdocs\plugins\general\paginas\Plugin.php(82): General\Paginas\Classes\PageRender->render()
#5 C:\xampp\htdocs\new_gebit\httpdocs\vendor\october\rain\src\Events\Dispatcher.php(417): General\Paginas\Plugin->General\Paginas\{closure}(Object(Cms\Classes\Controller), Object(Cms\Classes\Page))
#6 C:\xampp\htdocs\new_gebit\httpdocs\vendor\october\rain\src\Events\Dispatcher.php(260): October\Rain\Events\Dispatcher->October\Rain\Events\{closure}('cms.page.before...', Array)
#7 C:\xampp\htdocs\new_gebit\httpdocs\vendor\october\rain\src\Events\Dispatcher.php(226): October\Rain\Events\Dispatcher->dispatch('cms.page.before...', Array, true)
#8 C:\xampp\htdocs\new_gebit\httpdocs\vendor\laravel\framework\src\Illuminate\Support\Facades\Facade.php(261): October\Rain\Events\Dispatcher->fire('cms.page.before...', Array, true)
#9 C:\xampp\htdocs\new_gebit\httpdocs\modules\system\traits\EventEmitter.php(58): Illuminate\Support\Facades\Facade::__callStatic('fire', Array)
#10 C:\xampp\htdocs\new_gebit\httpdocs\modules\cms\classes\Controller.php(415): Cms\Classes\Controller->fireSystemEvent('cms.page.before...', Array)
#11 C:\xampp\htdocs\new_gebit\httpdocs\modules\cms\classes\Controller.php(225): Cms\Classes\Controller->runPage(Object(Cms\Classes\Page))
#12 C:\xampp\htdocs\new_gebit\httpdocs\modules\cms\classes\CmsController.php(50): Cms\Classes\Controller->run('/')
#13 C:\xampp\htdocs\new_gebit\httpdocs\vendor\laravel\framework\src\Illuminate\Routing\Controller.php(54): Cms\Classes\CmsController->run('/')
#14 C:\xampp\htdocs\new_gebit\httpdocs\vendor\laravel\framework\src\Illuminate\Routing\ControllerDispatcher.php(45): Illuminate\Routing\Controller->callAction('run', Array)
#15 C:\xampp\htdocs\new_gebit\httpdocs\vendor\laravel\framework\src\Illuminate\Routing\Route.php(219): Illuminate\Routing\ControllerDispatcher->dispatch(Object(Illuminate\Routing\Route), Object(Cms\Classes\CmsController), 'run')
#16 C:\xampp\htdocs\new_gebit\httpdocs\vendor\laravel\framework\src\Illuminate\Routing\Route.php(176): Illuminate\Routing\Route->runController()
#17 C:\xampp\htdocs\new_gebit\httpdocs\vendor\laravel\framework\src\Illuminate\Routing\Router.php(681): Illuminate\Routing\Route->run()
#18 C:\xampp\htdocs\new_gebit\httpdocs\vendor\laravel\framework\src\Illuminate\Pipeline\Pipeline.php(130): Illuminate\Routing\Router->Illuminate\Routing\{closure}(Object(Illuminate\Http\Request))
#19 C:\xampp\htdocs\new_gebit\httpdocs\vendor\laravel\framework\src\Illuminate\Routing\Middleware\SubstituteBindings.php(41): Illuminate\Pipeline\Pipeline->Illuminate\Pipeline\{closure}(Object(Illuminate\Http\Request))
#20 C:\xampp\htdocs\new_gebit\httpdocs\vendor\laravel\framework\src\Illuminate\Pipeline\Pipeline.php(171): Illuminate\Routing\Middleware\SubstituteBindings->handle(Object(Illuminate\Http\Request), Object(Closure))
#21 C:\xampp\htdocs\new_gebit\httpdocs\vendor\laravel\framework\src\Illuminate\View\Middleware\ShareErrorsFromSession.php(49): Illuminate\Pipeline\Pipeline->Illuminate\Pipeline\{closure}(Object(Illuminate\Http\Request))
#22 C:\xampp\htdocs\new_gebit\httpdocs\vendor\laravel\framework\src\Illuminate\Pipeline\Pipeline.php(171): Illuminate\View\Middleware\ShareErrorsFromSession->handle(Object(Illuminate\Http\Request), Object(Closure))
#23 C:\xampp\htdocs\new_gebit\httpdocs\vendor\laravel\framework\src\Illuminate\Session\Middleware\StartSession.php(56): Illuminate\Pipeline\Pipeline->Illuminate\Pipeline\{closure}(Object(Illuminate\Http\Request))
#24 C:\xampp\htdocs\new_gebit\httpdocs\vendor\laravel\framework\src\Illuminate\Pipeline\Pipeline.php(171): Illuminate\Session\Middleware\StartSession->handle(Object(Illuminate\Http\Request), Object(Closure))
#25 C:\xampp\htdocs\new_gebit\httpdocs\vendor\laravel\framework\src\Illuminate\Cookie\Middleware\AddQueuedCookiesToResponse.php(37): Illuminate\Pipeline\Pipeline->Illuminate\Pipeline\{closure}(Object(Illuminate\Http\Request))
#26 C:\xampp\htdocs\new_gebit\httpdocs\vendor\laravel\framework\src\Illuminate\Pipeline\Pipeline.php(171): Illuminate\Cookie\Middleware\AddQueuedCookiesToResponse->handle(Object(Illuminate\Http\Request), Object(Closure))
#27 C:\xampp\htdocs\new_gebit\httpdocs\vendor\laravel\framework\src\Illuminate\Cookie\Middleware\EncryptCookies.php(67): Illuminate\Pipeline\Pipeline->Illuminate\Pipeline\{closure}(Object(Illuminate\Http\Request))
#28 C:\xampp\htdocs\new_gebit\httpdocs\vendor\laravel\framework\src\Illuminate\Pipeline\Pipeline.php(171): Illuminate\Cookie\Middleware\EncryptCookies->handle(Object(Illuminate\Http\Request), Object(Closure))
#29 C:\xampp\htdocs\new_gebit\httpdocs\vendor\laravel\framework\src\Illuminate\Pipeline\Pipeline.php(105): Illuminate\Pipeline\Pipeline->Illuminate\Pipeline\{closure}(Object(Illuminate\Http\Request))
#30 C:\xampp\htdocs\new_gebit\httpdocs\vendor\laravel\framework\src\Illuminate\Routing\Router.php(683): Illuminate\Pipeline\Pipeline->then(Object(Closure))
#31 C:\xampp\htdocs\new_gebit\httpdocs\vendor\laravel\framework\src\Illuminate\Routing\Router.php(658): Illuminate\Routing\Router->runRouteWithinStack(Object(Illuminate\Routing\Route), Object(Illuminate\Http\Request))
#32 C:\xampp\htdocs\new_gebit\httpdocs\vendor\laravel\framework\src\Illuminate\Routing\Router.php(624): Illuminate\Routing\Router->runRoute(Object(Illuminate\Http\Request), Object(Illuminate\Routing\Route))
#33 C:\xampp\htdocs\new_gebit\httpdocs\vendor\october\rain\src\Router\CoreRouter.php(20): Illuminate\Routing\Router->dispatchToRoute(Object(Illuminate\Http\Request))
#34 C:\xampp\htdocs\new_gebit\httpdocs\vendor\laravel\framework\src\Illuminate\Foundation\Http\Kernel.php(170): October\Rain\Router\CoreRouter->dispatch(Object(Illuminate\Http\Request))
#35 C:\xampp\htdocs\new_gebit\httpdocs\vendor\laravel\framework\src\Illuminate\Pipeline\Pipeline.php(130): Illuminate\Foundation\Http\Kernel->Illuminate\Foundation\Http\{closure}(Object(Illuminate\Http\Request))
#36 C:\xampp\htdocs\new_gebit\httpdocs\vendor\laravel\framework\src\Illuminate\Foundation\Http\Middleware\CheckForMaintenanceMode.php(63): Illuminate\Pipeline\Pipeline->Illuminate\Pipeline\{closure}(Object(Illuminate\Http\Request))
#37 C:\xampp\htdocs\new_gebit\httpdocs\vendor\october\rain\src\Foundation\Http\Middleware\CheckForMaintenanceMode.php(25): Illuminate\Foundation\Http\Middleware\CheckForMaintenanceMode->handle(Object(Illuminate\Http\Request), Object(Closure))
#38 C:\xampp\htdocs\new_gebit\httpdocs\vendor\laravel\framework\src\Illuminate\Pipeline\Pipeline.php(171): October\Rain\Foundation\Http\Middleware\CheckForMaintenanceMode->handle(Object(Illuminate\Http\Request), Object(Closure))
#39 C:\xampp\htdocs\new_gebit\httpdocs\vendor\october\rain\src\Http\Middleware\TrustHosts.php(46): Illuminate\Pipeline\Pipeline->Illuminate\Pipeline\{closure}(Object(Illuminate\Http\Request))
#40 C:\xampp\htdocs\new_gebit\httpdocs\vendor\laravel\framework\src\Illuminate\Pipeline\Pipeline.php(171): October\Rain\Http\Middleware\TrustHosts->handle(Object(Illuminate\Http\Request), Object(Closure))
#41 C:\xampp\htdocs\new_gebit\httpdocs\vendor\laravel\framework\src\Illuminate\Pipeline\Pipeline.php(105): Illuminate\Pipeline\Pipeline->Illuminate\Pipeline\{closure}(Object(Illuminate\Http\Request))
#42 C:\xampp\htdocs\new_gebit\httpdocs\vendor\laravel\framework\src\Illuminate\Foundation\Http\Kernel.php(145): Illuminate\Pipeline\Pipeline->then(Object(Closure))
#43 C:\xampp\htdocs\new_gebit\httpdocs\vendor\laravel\framework\src\Illuminate\Foundation\Http\Kernel.php(110): Illuminate\Foundation\Http\Kernel->sendRequestThroughRouter(Object(Illuminate\Http\Request))
#44 C:\xampp\htdocs\new_gebit\httpdocs\index.php(43): Illuminate\Foundation\Http\Kernel->handle(Object(Illuminate\Http\Request))
#45 {main}  
