[2023-06-26 16:28:12] development.ERROR: PDOException: Packets out of order. Expected 0 received 1. Packet size=23 in /var/www/vhosts/dealix.com.br/httpdocs/vendor/doctrine/dbal/lib/Doctrine/DBAL/Driver/PDOConnection.php:40
Stack trace:
#0 /var/www/vhosts/dealix.com.br/httpdocs/vendor/doctrine/dbal/lib/Doctrine/DBAL/Driver/PDOConnection.php(40): PDO->__construct()
#1 /var/www/vhosts/dealix.com.br/httpdocs/vendor/laravel/framework/src/Illuminate/Database/Connectors/Connector.php(67): Doctrine\DBAL\Driver\PDOConnection->__construct()
#2 /var/www/vhosts/dealix.com.br/httpdocs/vendor/laravel/framework/src/Illuminate/Database/Connectors/Connector.php(100): Illuminate\Database\Connectors\Connector->createPdoConnection()
#3 /var/www/vhosts/dealix.com.br/httpdocs/vendor/laravel/framework/src/Illuminate/Database/Connectors/Connector.php(50): Illuminate\Database\Connectors\Connector->tryAgainIfCausedByLostConnection()
#4 /var/www/vhosts/dealix.com.br/httpdocs/vendor/laravel/framework/src/Illuminate/Database/Connectors/MySqlConnector.php(24): Illuminate\Database\Connectors\Connector->createConnection()
#5 /var/www/vhosts/dealix.com.br/httpdocs/vendor/october/rain/src/Database/Connectors/ConnectionFactory.php(29): Illuminate\Database\Connectors\MySqlConnector->connect()
#6 [internal function]: October\Rain\Database\Connectors\ConnectionFactory->October\Rain\Database\Connectors\{closure}()
#7 /var/www/vhosts/dealix.com.br/httpdocs/vendor/laravel/framework/src/Illuminate/Database/Connection.php(924): call_user_func()
#8 /var/www/vhosts/dealix.com.br/httpdocs/vendor/laravel/framework/src/Illuminate/Database/Connection.php(959): Illuminate\Database\Connection->getPdo()
#9 /var/www/vhosts/dealix.com.br/httpdocs/vendor/laravel/framework/src/Illuminate/Database/Connection.php(404): Illuminate\Database\Connection->getReadPdo()
#10 /var/www/vhosts/dealix.com.br/httpdocs/vendor/laravel/framework/src/Illuminate/Database/Connection.php(330): Illuminate\Database\Connection->getPdoForSelect()
#11 /var/www/vhosts/dealix.com.br/httpdocs/vendor/laravel/framework/src/Illuminate/Database/Connection.php(662): Illuminate\Database\Connection->Illuminate\Database\{closure}()
#12 /var/www/vhosts/dealix.com.br/httpdocs/vendor/laravel/framework/src/Illuminate/Database/Connection.php(743): Illuminate\Database\Connection->runQueryCallback()
#13 /var/www/vhosts/dealix.com.br/httpdocs/vendor/laravel/framework/src/Illuminate/Database/Connection.php(723): Illuminate\Database\Connection->tryAgainIfCausedByLostConnection()
#14 /var/www/vhosts/dealix.com.br/httpdocs/vendor/laravel/framework/src/Illuminate/Database/Connection.php(632): Illuminate\Database\Connection->handleQueryException()
#15 /var/www/vhosts/dealix.com.br/httpdocs/vendor/laravel/framework/src/Illuminate/Database/Connection.php(338): Illuminate\Database\Connection->run()
#16 /var/www/vhosts/dealix.com.br/httpdocs/vendor/laravel/framework/src/Illuminate/Database/Query/Builder.php(2159): Illuminate\Database\Connection->select()
#17 /var/www/vhosts/dealix.com.br/httpdocs/vendor/laravel/framework/src/Illuminate/Database/Query/Builder.php(2147): Illuminate\Database\Query\Builder->runSelect()
#18 /var/www/vhosts/dealix.com.br/httpdocs/vendor/laravel/framework/src/Illuminate/Database/Query/Builder.php(2619): Illuminate\Database\Query\Builder->Illuminate\Database\Query\{closure}()
#19 /var/www/vhosts/dealix.com.br/httpdocs/vendor/laravel/framework/src/Illuminate/Database/Query/Builder.php(2148): Illuminate\Database\Query\Builder->onceWithColumns()
#20 /var/www/vhosts/dealix.com.br/httpdocs/vendor/october/rain/src/Database/QueryBuilder.php(130): Illuminate\Database\Query\Builder->get()
#21 /var/www/vhosts/dealix.com.br/httpdocs/vendor/october/rain/src/Database/QueryBuilder.php(100): October\Rain\Database\QueryBuilder->getDuplicateCached()
#22 /var/www/vhosts/dealix.com.br/httpdocs/vendor/laravel/framework/src/Illuminate/Database/Eloquent/Builder.php(546): October\Rain\Database\QueryBuilder->get()
#23 /var/www/vhosts/dealix.com.br/httpdocs/vendor/laravel/framework/src/Illuminate/Database/Eloquent/Builder.php(530): Illuminate\Database\Eloquent\Builder->getModels()
#24 /var/www/vhosts/dealix.com.br/httpdocs/vendor/laravel/framework/src/Illuminate/Database/Concerns/BuildsQueries.php(143): Illuminate\Database\Eloquent\Builder->get()
#25 /var/www/vhosts/dealix.com.br/httpdocs/plugins/offline/sentry/models/Settings.php(22): Illuminate\Database\Eloquent\Builder->first()
#26 /var/www/vhosts/dealix.com.br/httpdocs/plugins/offline/sentry/Plugin.php(107): OFFLINE\Sentry\Models\Settings::getConfigArray()
#27 /var/www/vhosts/dealix.com.br/httpdocs/vendor/laravel/framework/src/Illuminate/Container/Container.php(799): OFFLINE\Sentry\Plugin->OFFLINE\Sentry\{closure}()
#28 /var/www/vhosts/dealix.com.br/httpdocs/vendor/laravel/framework/src/Illuminate/Container/Container.php(681): Illuminate\Container\Container->build()
#29 /var/www/vhosts/dealix.com.br/httpdocs/vendor/laravel/framework/src/Illuminate/Foundation/Application.php(785): Illuminate\Container\Container->resolve()
#30 /var/www/vhosts/dealix.com.br/httpdocs/vendor/laravel/framework/src/Illuminate/Container/Container.php(629): Illuminate\Foundation\Application->resolve()
#31 /var/www/vhosts/dealix.com.br/httpdocs/vendor/laravel/framework/src/Illuminate/Foundation/Application.php(770): Illuminate\Container\Container->make()
#32 /var/www/vhosts/dealix.com.br/httpdocs/vendor/october/rain/src/Foundation/Application.php(293): Illuminate\Foundation\Application->make()
#33 /var/www/vhosts/dealix.com.br/httpdocs/vendor/laravel/framework/src/Illuminate/Container/Container.php(1244): October\Rain\Foundation\Application->make()
#34 /var/www/vhosts/dealix.com.br/httpdocs/plugins/offline/sentry/Plugin.php(202): Illuminate\Container\Container->offsetGet()
#35 /var/www/vhosts/dealix.com.br/httpdocs/plugins/offline/sentry/Plugin.php(52): OFFLINE\Sentry\Plugin->registerSentryEvents()
#36 /var/www/vhosts/dealix.com.br/httpdocs/modules/system/classes/PluginManager.php(317): OFFLINE\Sentry\Plugin->boot()
#37 /var/www/vhosts/dealix.com.br/httpdocs/modules/system/classes/PluginManager.php(299): System\Classes\PluginManager->bootPlugin()
#38 /var/www/vhosts/dealix.com.br/httpdocs/modules/system/ServiceProvider.php(113): System\Classes\PluginManager->bootAll()
#39 /var/www/vhosts/dealix.com.br/httpdocs/vendor/laravel/framework/src/Illuminate/Container/BoundMethod.php(36): System\ServiceProvider->boot()
#40 /var/www/vhosts/dealix.com.br/httpdocs/vendor/laravel/framework/src/Illuminate/Container/Util.php(37): Illuminate\Container\BoundMethod::Illuminate\Container\{closure}()
#41 /var/www/vhosts/dealix.com.br/httpdocs/vendor/laravel/framework/src/Illuminate/Container/BoundMethod.php(93): Illuminate\Container\Util::unwrapIfClosure()
#42 /var/www/vhosts/dealix.com.br/httpdocs/vendor/laravel/framework/src/Illuminate/Container/BoundMethod.php(37): Illuminate\Container\BoundMethod::callBoundMethod()
#43 /var/www/vhosts/dealix.com.br/httpdocs/vendor/laravel/framework/src/Illuminate/Container/Container.php(590): Illuminate\Container\BoundMethod::call()
#44 /var/www/vhosts/dealix.com.br/httpdocs/vendor/laravel/framework/src/Illuminate/Foundation/Application.php(856): Illuminate\Container\Container->call()
#45 /var/www/vhosts/dealix.com.br/httpdocs/vendor/laravel/framework/src/Illuminate/Foundation/Application.php(839): Illuminate\Foundation\Application->bootProvider()
#46 [internal function]: Illuminate\Foundation\Application->Illuminate\Foundation\{closure}()
#47 /var/www/vhosts/dealix.com.br/httpdocs/vendor/laravel/framework/src/Illuminate/Foundation/Application.php(840): array_walk()
#48 /var/www/vhosts/dealix.com.br/httpdocs/vendor/laravel/framework/src/Illuminate/Foundation/Bootstrap/BootProviders.php(17): Illuminate\Foundation\Application->boot()
#49 /var/www/vhosts/dealix.com.br/httpdocs/vendor/october/rain/src/Foundation/Application.php(127): Illuminate\Foundation\Bootstrap\BootProviders->bootstrap()
#50 /var/www/vhosts/dealix.com.br/httpdocs/vendor/laravel/framework/src/Illuminate/Foundation/Http/Kernel.php(156): October\Rain\Foundation\Application->bootstrapWith()
#51 /var/www/vhosts/dealix.com.br/httpdocs/vendor/laravel/framework/src/Illuminate/Foundation/Http/Kernel.php(140): Illuminate\Foundation\Http\Kernel->bootstrap()
#52 /var/www/vhosts/dealix.com.br/httpdocs/vendor/laravel/framework/src/Illuminate/Foundation/Http/Kernel.php(110): Illuminate\Foundation\Http\Kernel->sendRequestThroughRouter()
#53 /var/www/vhosts/dealix.com.br/httpdocs/index.php(43): Illuminate\Foundation\Http\Kernel->handle()
#54 {main}

Next PDOException: SQLSTATE[HY000] [2006] MySQL server has gone away in /var/www/vhosts/dealix.com.br/httpdocs/vendor/doctrine/dbal/lib/Doctrine/DBAL/Driver/PDOConnection.php:40
Stack trace:
#0 /var/www/vhosts/dealix.com.br/httpdocs/vendor/doctrine/dbal/lib/Doctrine/DBAL/Driver/PDOConnection.php(40): PDO->__construct()
#1 /var/www/vhosts/dealix.com.br/httpdocs/vendor/laravel/framework/src/Illuminate/Database/Connectors/Connector.php(67): Doctrine\DBAL\Driver\PDOConnection->__construct()
#2 /var/www/vhosts/dealix.com.br/httpdocs/vendor/laravel/framework/src/Illuminate/Database/Connectors/Connector.php(100): Illuminate\Database\Connectors\Connector->createPdoConnection()
#3 /var/www/vhosts/dealix.com.br/httpdocs/vendor/laravel/framework/src/Illuminate/Database/Connectors/Connector.php(50): Illuminate\Database\Connectors\Connector->tryAgainIfCausedByLostConnection()
#4 /var/www/vhosts/dealix.com.br/httpdocs/vendor/laravel/framework/src/Illuminate/Database/Connectors/MySqlConnector.php(24): Illuminate\Database\Connectors\Connector->createConnection()
#5 /var/www/vhosts/dealix.com.br/httpdocs/vendor/october/rain/src/Database/Connectors/ConnectionFactory.php(29): Illuminate\Database\Connectors\MySqlConnector->connect()
#6 [internal function]: October\Rain\Database\Connectors\ConnectionFactory->October\Rain\Database\Connectors\{closure}()
#7 /var/www/vhosts/dealix.com.br/httpdocs/vendor/laravel/framework/src/Illuminate/Database/Connection.php(924): call_user_func()
#8 /var/www/vhosts/dealix.com.br/httpdocs/vendor/laravel/framework/src/Illuminate/Database/Connection.php(959): Illuminate\Database\Connection->getPdo()
#9 /var/www/vhosts/dealix.com.br/httpdocs/vendor/laravel/framework/src/Illuminate/Database/Connection.php(404): Illuminate\Database\Connection->getReadPdo()
#10 /var/www/vhosts/dealix.com.br/httpdocs/vendor/laravel/framework/src/Illuminate/Database/Connection.php(330): Illuminate\Database\Connection->getPdoForSelect()
#11 /var/www/vhosts/dealix.com.br/httpdocs/vendor/laravel/framework/src/Illuminate/Database/Connection.php(662): Illuminate\Database\Connection->Illuminate\Database\{closure}()
#12 /var/www/vhosts/dealix.com.br/httpdocs/vendor/laravel/framework/src/Illuminate/Database/Connection.php(743): Illuminate\Database\Connection->runQueryCallback()
#13 /var/www/vhosts/dealix.com.br/httpdocs/vendor/laravel/framework/src/Illuminate/Database/Connection.php(723): Illuminate\Database\Connection->tryAgainIfCausedByLostConnection()
#14 /var/www/vhosts/dealix.com.br/httpdocs/vendor/laravel/framework/src/Illuminate/Database/Connection.php(632): Illuminate\Database\Connection->handleQueryException()
#15 /var/www/vhosts/dealix.com.br/httpdocs/vendor/laravel/framework/src/Illuminate/Database/Connection.php(338): Illuminate\Database\Connection->run()
#16 /var/www/vhosts/dealix.com.br/httpdocs/vendor/laravel/framework/src/Illuminate/Database/Query/Builder.php(2159): Illuminate\Database\Connection->select()
#17 /var/www/vhosts/dealix.com.br/httpdocs/vendor/laravel/framework/src/Illuminate/Database/Query/Builder.php(2147): Illuminate\Database\Query\Builder->runSelect()
#18 /var/www/vhosts/dealix.com.br/httpdocs/vendor/laravel/framework/src/Illuminate/Database/Query/Builder.php(2619): Illuminate\Database\Query\Builder->Illuminate\Database\Query\{closure}()
#19 /var/www/vhosts/dealix.com.br/httpdocs/vendor/laravel/framework/src/Illuminate/Database/Query/Builder.php(2148): Illuminate\Database\Query\Builder->onceWithColumns()
#20 /var/www/vhosts/dealix.com.br/httpdocs/vendor/october/rain/src/Database/QueryBuilder.php(130): Illuminate\Database\Query\Builder->get()
#21 /var/www/vhosts/dealix.com.br/httpdocs/vendor/october/rain/src/Database/QueryBuilder.php(100): October\Rain\Database\QueryBuilder->getDuplicateCached()
#22 /var/www/vhosts/dealix.com.br/httpdocs/vendor/laravel/framework/src/Illuminate/Database/Eloquent/Builder.php(546): October\Rain\Database\QueryBuilder->get()
#23 /var/www/vhosts/dealix.com.br/httpdocs/vendor/laravel/framework/src/Illuminate/Database/Eloquent/Builder.php(530): Illuminate\Database\Eloquent\Builder->getModels()
#24 /var/www/vhosts/dealix.com.br/httpdocs/vendor/laravel/framework/src/Illuminate/Database/Concerns/BuildsQueries.php(143): Illuminate\Database\Eloquent\Builder->get()
#25 /var/www/vhosts/dealix.com.br/httpdocs/plugins/offline/sentry/models/Settings.php(22): Illuminate\Database\Eloquent\Builder->first()
#26 /var/www/vhosts/dealix.com.br/httpdocs/plugins/offline/sentry/Plugin.php(107): OFFLINE\Sentry\Models\Settings::getConfigArray()
#27 /var/www/vhosts/dealix.com.br/httpdocs/vendor/laravel/framework/src/Illuminate/Container/Container.php(799): OFFLINE\Sentry\Plugin->OFFLINE\Sentry\{closure}()
#28 /var/www/vhosts/dealix.com.br/httpdocs/vendor/laravel/framework/src/Illuminate/Container/Container.php(681): Illuminate\Container\Container->build()
#29 /var/www/vhosts/dealix.com.br/httpdocs/vendor/laravel/framework/src/Illuminate/Foundation/Application.php(785): Illuminate\Container\Container->resolve()
#30 /var/www/vhosts/dealix.com.br/httpdocs/vendor/laravel/framework/src/Illuminate/Container/Container.php(629): Illuminate\Foundation\Application->resolve()
#31 /var/www/vhosts/dealix.com.br/httpdocs/vendor/laravel/framework/src/Illuminate/Foundation/Application.php(770): Illuminate\Container\Container->make()
#32 /var/www/vhosts/dealix.com.br/httpdocs/vendor/october/rain/src/Foundation/Application.php(293): Illuminate\Foundation\Application->make()
#33 /var/www/vhosts/dealix.com.br/httpdocs/vendor/laravel/framework/src/Illuminate/Container/Container.php(1244): October\Rain\Foundation\Application->make()
#34 /var/www/vhosts/dealix.com.br/httpdocs/plugins/offline/sentry/Plugin.php(202): Illuminate\Container\Container->offsetGet()
#35 /var/www/vhosts/dealix.com.br/httpdocs/plugins/offline/sentry/Plugin.php(52): OFFLINE\Sentry\Plugin->registerSentryEvents()
#36 /var/www/vhosts/dealix.com.br/httpdocs/modules/system/classes/PluginManager.php(317): OFFLINE\Sentry\Plugin->boot()
#37 /var/www/vhosts/dealix.com.br/httpdocs/modules/system/classes/PluginManager.php(299): System\Classes\PluginManager->bootPlugin()
#38 /var/www/vhosts/dealix.com.br/httpdocs/modules/system/ServiceProvider.php(113): System\Classes\PluginManager->bootAll()
#39 /var/www/vhosts/dealix.com.br/httpdocs/vendor/laravel/framework/src/Illuminate/Container/BoundMethod.php(36): System\ServiceProvider->boot()
#40 /var/www/vhosts/dealix.com.br/httpdocs/vendor/laravel/framework/src/Illuminate/Container/Util.php(37): Illuminate\Container\BoundMethod::Illuminate\Container\{closure}()
#41 /var/www/vhosts/dealix.com.br/httpdocs/vendor/laravel/framework/src/Illuminate/Container/BoundMethod.php(93): Illuminate\Container\Util::unwrapIfClosure()
#42 /var/www/vhosts/dealix.com.br/httpdocs/vendor/laravel/framework/src/Illuminate/Container/BoundMethod.php(37): Illuminate\Container\BoundMethod::callBoundMethod()
#43 /var/www/vhosts/dealix.com.br/httpdocs/vendor/laravel/framework/src/Illuminate/Container/Container.php(590): Illuminate\Container\BoundMethod::call()
#44 /var/www/vhosts/dealix.com.br/httpdocs/vendor/laravel/framework/src/Illuminate/Foundation/Application.php(856): Illuminate\Container\Container->call()
#45 /var/www/vhosts/dealix.com.br/httpdocs/vendor/laravel/framework/src/Illuminate/Foundation/Application.php(839): Illuminate\Foundation\Application->bootProvider()
#46 [internal function]: Illuminate\Foundation\Application->Illuminate\Foundation\{closure}()
#47 /var/www/vhosts/dealix.com.br/httpdocs/vendor/laravel/framework/src/Illuminate/Foundation/Application.php(840): array_walk()
#48 /var/www/vhosts/dealix.com.br/httpdocs/vendor/laravel/framework/src/Illuminate/Foundation/Bootstrap/BootProviders.php(17): Illuminate\Foundation\Application->boot()
#49 /var/www/vhosts/dealix.com.br/httpdocs/vendor/october/rain/src/Foundation/Application.php(127): Illuminate\Foundation\Bootstrap\BootProviders->bootstrap()
#50 /var/www/vhosts/dealix.com.br/httpdocs/vendor/laravel/framework/src/Illuminate/Foundation/Http/Kernel.php(156): October\Rain\Foundation\Application->bootstrapWith()
#51 /var/www/vhosts/dealix.com.br/httpdocs/vendor/laravel/framework/src/Illuminate/Foundation/Http/Kernel.php(140): Illuminate\Foundation\Http\Kernel->bootstrap()
#52 /var/www/vhosts/dealix.com.br/httpdocs/vendor/laravel/framework/src/Illuminate/Foundation/Http/Kernel.php(110): Illuminate\Foundation\Http\Kernel->sendRequestThroughRouter()
#53 /var/www/vhosts/dealix.com.br/httpdocs/index.php(43): Illuminate\Foundation\Http\Kernel->handle()
#54 {main}

Next Doctrine\DBAL\Driver\PDO\Exception: SQLSTATE[HY000] [2006] MySQL server has gone away in /var/www/vhosts/dealix.com.br/httpdocs/vendor/doctrine/dbal/lib/Doctrine/DBAL/Driver/PDO/Exception.php:18
Stack trace:
#0 /var/www/vhosts/dealix.com.br/httpdocs/vendor/doctrine/dbal/lib/Doctrine/DBAL/Driver/PDOConnection.php(44): Doctrine\DBAL\Driver\PDO\Exception::new()
#1 /var/www/vhosts/dealix.com.br/httpdocs/vendor/laravel/framework/src/Illuminate/Database/Connectors/Connector.php(67): Doctrine\DBAL\Driver\PDOConnection->__construct()
#2 /var/www/vhosts/dealix.com.br/httpdocs/vendor/laravel/framework/src/Illuminate/Database/Connectors/Connector.php(100): Illuminate\Database\Connectors\Connector->createPdoConnection()
#3 /var/www/vhosts/dealix.com.br/httpdocs/vendor/laravel/framework/src/Illuminate/Database/Connectors/Connector.php(50): Illuminate\Database\Connectors\Connector->tryAgainIfCausedByLostConnection()
#4 /var/www/vhosts/dealix.com.br/httpdocs/vendor/laravel/framework/src/Illuminate/Database/Connectors/MySqlConnector.php(24): Illuminate\Database\Connectors\Connector->createConnection()
#5 /var/www/vhosts/dealix.com.br/httpdocs/vendor/october/rain/src/Database/Connectors/ConnectionFactory.php(29): Illuminate\Database\Connectors\MySqlConnector->connect()
#6 [internal function]: October\Rain\Database\Connectors\ConnectionFactory->October\Rain\Database\Connectors\{closure}()
#7 /var/www/vhosts/dealix.com.br/httpdocs/vendor/laravel/framework/src/Illuminate/Database/Connection.php(924): call_user_func()
#8 /var/www/vhosts/dealix.com.br/httpdocs/vendor/laravel/framework/src/Illuminate/Database/Connection.php(959): Illuminate\Database\Connection->getPdo()
#9 /var/www/vhosts/dealix.com.br/httpdocs/vendor/laravel/framework/src/Illuminate/Database/Connection.php(404): Illuminate\Database\Connection->getReadPdo()
#10 /var/www/vhosts/dealix.com.br/httpdocs/vendor/laravel/framework/src/Illuminate/Database/Connection.php(330): Illuminate\Database\Connection->getPdoForSelect()
#11 /var/www/vhosts/dealix.com.br/httpdocs/vendor/laravel/framework/src/Illuminate/Database/Connection.php(662): Illuminate\Database\Connection->Illuminate\Database\{closure}()
#12 /var/www/vhosts/dealix.com.br/httpdocs/vendor/laravel/framework/src/Illuminate/Database/Connection.php(743): Illuminate\Database\Connection->runQueryCallback()
#13 /var/www/vhosts/dealix.com.br/httpdocs/vendor/laravel/framework/src/Illuminate/Database/Connection.php(723): Illuminate\Database\Connection->tryAgainIfCausedByLostConnection()
#14 /var/www/vhosts/dealix.com.br/httpdocs/vendor/laravel/framework/src/Illuminate/Database/Connection.php(632): Illuminate\Database\Connection->handleQueryException()
#15 /var/www/vhosts/dealix.com.br/httpdocs/vendor/laravel/framework/src/Illuminate/Database/Connection.php(338): Illuminate\Database\Connection->run()
#16 /var/www/vhosts/dealix.com.br/httpdocs/vendor/laravel/framework/src/Illuminate/Database/Query/Builder.php(2159): Illuminate\Database\Connection->select()
#17 /var/www/vhosts/dealix.com.br/httpdocs/vendor/laravel/framework/src/Illuminate/Database/Query/Builder.php(2147): Illuminate\Database\Query\Builder->runSelect()
#18 /var/www/vhosts/dealix.com.br/httpdocs/vendor/laravel/framework/src/Illuminate/Database/Query/Builder.php(2619): Illuminate\Database\Query\Builder->Illuminate\Database\Query\{closure}()
#19 /var/www/vhosts/dealix.com.br/httpdocs/vendor/laravel/framework/src/Illuminate/Database/Query/Builder.php(2148): Illuminate\Database\Query\Builder->onceWithColumns()
#20 /var/www/vhosts/dealix.com.br/httpdocs/vendor/october/rain/src/Database/QueryBuilder.php(130): Illuminate\Database\Query\Builder->get()
#21 /var/www/vhosts/dealix.com.br/httpdocs/vendor/october/rain/src/Database/QueryBuilder.php(100): October\Rain\Database\QueryBuilder->getDuplicateCached()
#22 /var/www/vhosts/dealix.com.br/httpdocs/vendor/laravel/framework/src/Illuminate/Database/Eloquent/Builder.php(546): October\Rain\Database\QueryBuilder->get()
#23 /var/www/vhosts/dealix.com.br/httpdocs/vendor/laravel/framework/src/Illuminate/Database/Eloquent/Builder.php(530): Illuminate\Database\Eloquent\Builder->getModels()
#24 /var/www/vhosts/dealix.com.br/httpdocs/vendor/laravel/framework/src/Illuminate/Database/Concerns/BuildsQueries.php(143): Illuminate\Database\Eloquent\Builder->get()
#25 /var/www/vhosts/dealix.com.br/httpdocs/plugins/offline/sentry/models/Settings.php(22): Illuminate\Database\Eloquent\Builder->first()
#26 /var/www/vhosts/dealix.com.br/httpdocs/plugins/offline/sentry/Plugin.php(107): OFFLINE\Sentry\Models\Settings::getConfigArray()
#27 /var/www/vhosts/dealix.com.br/httpdocs/vendor/laravel/framework/src/Illuminate/Container/Container.php(799): OFFLINE\Sentry\Plugin->OFFLINE\Sentry\{closure}()
#28 /var/www/vhosts/dealix.com.br/httpdocs/vendor/laravel/framework/src/Illuminate/Container/Container.php(681): Illuminate\Container\Container->build()
#29 /var/www/vhosts/dealix.com.br/httpdocs/vendor/laravel/framework/src/Illuminate/Foundation/Application.php(785): Illuminate\Container\Container->resolve()
#30 /var/www/vhosts/dealix.com.br/httpdocs/vendor/laravel/framework/src/Illuminate/Container/Container.php(629): Illuminate\Foundation\Application->resolve()
#31 /var/www/vhosts/dealix.com.br/httpdocs/vendor/laravel/framework/src/Illuminate/Foundation/Application.php(770): Illuminate\Container\Container->make()
#32 /var/www/vhosts/dealix.com.br/httpdocs/vendor/october/rain/src/Foundation/Application.php(293): Illuminate\Foundation\Application->make()
#33 /var/www/vhosts/dealix.com.br/httpdocs/vendor/laravel/framework/src/Illuminate/Container/Container.php(1244): October\Rain\Foundation\Application->make()
#34 /var/www/vhosts/dealix.com.br/httpdocs/plugins/offline/sentry/Plugin.php(202): Illuminate\Container\Container->offsetGet()
#35 /var/www/vhosts/dealix.com.br/httpdocs/plugins/offline/sentry/Plugin.php(52): OFFLINE\Sentry\Plugin->registerSentryEvents()
#36 /var/www/vhosts/dealix.com.br/httpdocs/modules/system/classes/PluginManager.php(317): OFFLINE\Sentry\Plugin->boot()
#37 /var/www/vhosts/dealix.com.br/httpdocs/modules/system/classes/PluginManager.php(299): System\Classes\PluginManager->bootPlugin()
#38 /var/www/vhosts/dealix.com.br/httpdocs/modules/system/ServiceProvider.php(113): System\Classes\PluginManager->bootAll()
#39 /var/www/vhosts/dealix.com.br/httpdocs/vendor/laravel/framework/src/Illuminate/Container/BoundMethod.php(36): System\ServiceProvider->boot()
#40 /var/www/vhosts/dealix.com.br/httpdocs/vendor/laravel/framework/src/Illuminate/Container/Util.php(37): Illuminate\Container\BoundMethod::Illuminate\Container\{closure}()
#41 /var/www/vhosts/dealix.com.br/httpdocs/vendor/laravel/framework/src/Illuminate/Container/BoundMethod.php(93): Illuminate\Container\Util::unwrapIfClosure()
#42 /var/www/vhosts/dealix.com.br/httpdocs/vendor/laravel/framework/src/Illuminate/Container/BoundMethod.php(37): Illuminate\Container\BoundMethod::callBoundMethod()
#43 /var/www/vhosts/dealix.com.br/httpdocs/vendor/laravel/framework/src/Illuminate/Container/Container.php(590): Illuminate\Container\BoundMethod::call()
#44 /var/www/vhosts/dealix.com.br/httpdocs/vendor/laravel/framework/src/Illuminate/Foundation/Application.php(856): Illuminate\Container\Container->call()
#45 /var/www/vhosts/dealix.com.br/httpdocs/vendor/laravel/framework/src/Illuminate/Foundation/Application.php(839): Illuminate\Foundation\Application->bootProvider()
#46 [internal function]: Illuminate\Foundation\Application->Illuminate\Foundation\{closure}()
#47 /var/www/vhosts/dealix.com.br/httpdocs/vendor/laravel/framework/src/Illuminate/Foundation/Application.php(840): array_walk()
#48 /var/www/vhosts/dealix.com.br/httpdocs/vendor/laravel/framework/src/Illuminate/Foundation/Bootstrap/BootProviders.php(17): Illuminate\Foundation\Application->boot()
#49 /var/www/vhosts/dealix.com.br/httpdocs/vendor/october/rain/src/Foundation/Application.php(127): Illuminate\Foundation\Bootstrap\BootProviders->bootstrap()
#50 /var/www/vhosts/dealix.com.br/httpdocs/vendor/laravel/framework/src/Illuminate/Foundation/Http/Kernel.php(156): October\Rain\Foundation\Application->bootstrapWith()
#51 /var/www/vhosts/dealix.com.br/httpdocs/vendor/laravel/framework/src/Illuminate/Foundation/Http/Kernel.php(140): Illuminate\Foundation\Http\Kernel->bootstrap()
#52 /var/www/vhosts/dealix.com.br/httpdocs/vendor/laravel/framework/src/Illuminate/Foundation/Http/Kernel.php(110): Illuminate\Foundation\Http\Kernel->sendRequestThroughRouter()
#53 /var/www/vhosts/dealix.com.br/httpdocs/index.php(43): Illuminate\Foundation\Http\Kernel->handle()
#54 {main}

Next Illuminate\Database\QueryException: SQLSTATE[HY000] [2006] MySQL server has gone away (SQL: select `value` from `system_settings` where `item` = offline_sentry_settings limit 1) in /var/www/vhosts/dealix.com.br/httpdocs/vendor/laravel/framework/src/Illuminate/Database/Connection.php:669
Stack trace:
#0 /var/www/vhosts/dealix.com.br/httpdocs/vendor/laravel/framework/src/Illuminate/Database/Connection.php(743): Illuminate\Database\Connection->runQueryCallback()
#1 /var/www/vhosts/dealix.com.br/httpdocs/vendor/laravel/framework/src/Illuminate/Database/Connection.php(723): Illuminate\Database\Connection->tryAgainIfCausedByLostConnection()
#2 /var/www/vhosts/dealix.com.br/httpdocs/vendor/laravel/framework/src/Illuminate/Database/Connection.php(632): Illuminate\Database\Connection->handleQueryException()
#3 /var/www/vhosts/dealix.com.br/httpdocs/vendor/laravel/framework/src/Illuminate/Database/Connection.php(338): Illuminate\Database\Connection->run()
#4 /var/www/vhosts/dealix.com.br/httpdocs/vendor/laravel/framework/src/Illuminate/Database/Query/Builder.php(2159): Illuminate\Database\Connection->select()
#5 /var/www/vhosts/dealix.com.br/httpdocs/vendor/laravel/framework/src/Illuminate/Database/Query/Builder.php(2147): Illuminate\Database\Query\Builder->runSelect()
#6 /var/www/vhosts/dealix.com.br/httpdocs/vendor/laravel/framework/src/Illuminate/Database/Query/Builder.php(2619): Illuminate\Database\Query\Builder->Illuminate\Database\Query\{closure}()
#7 /var/www/vhosts/dealix.com.br/httpdocs/vendor/laravel/framework/src/Illuminate/Database/Query/Builder.php(2148): Illuminate\Database\Query\Builder->onceWithColumns()
#8 /var/www/vhosts/dealix.com.br/httpdocs/vendor/october/rain/src/Database/QueryBuilder.php(130): Illuminate\Database\Query\Builder->get()
#9 /var/www/vhosts/dealix.com.br/httpdocs/vendor/october/rain/src/Database/QueryBuilder.php(100): October\Rain\Database\QueryBuilder->getDuplicateCached()
#10 /var/www/vhosts/dealix.com.br/httpdocs/vendor/laravel/framework/src/Illuminate/Database/Eloquent/Builder.php(546): October\Rain\Database\QueryBuilder->get()
#11 /var/www/vhosts/dealix.com.br/httpdocs/vendor/laravel/framework/src/Illuminate/Database/Eloquent/Builder.php(530): Illuminate\Database\Eloquent\Builder->getModels()
#12 /var/www/vhosts/dealix.com.br/httpdocs/vendor/laravel/framework/src/Illuminate/Database/Concerns/BuildsQueries.php(143): Illuminate\Database\Eloquent\Builder->get()
#13 /var/www/vhosts/dealix.com.br/httpdocs/plugins/offline/sentry/models/Settings.php(22): Illuminate\Database\Eloquent\Builder->first()
#14 /var/www/vhosts/dealix.com.br/httpdocs/plugins/offline/sentry/Plugin.php(107): OFFLINE\Sentry\Models\Settings::getConfigArray()
#15 /var/www/vhosts/dealix.com.br/httpdocs/vendor/laravel/framework/src/Illuminate/Container/Container.php(799): OFFLINE\Sentry\Plugin->OFFLINE\Sentry\{closure}()
#16 /var/www/vhosts/dealix.com.br/httpdocs/vendor/laravel/framework/src/Illuminate/Container/Container.php(681): Illuminate\Container\Container->build()
#17 /var/www/vhosts/dealix.com.br/httpdocs/vendor/laravel/framework/src/Illuminate/Foundation/Application.php(785): Illuminate\Container\Container->resolve()
#18 /var/www/vhosts/dealix.com.br/httpdocs/vendor/laravel/framework/src/Illuminate/Container/Container.php(629): Illuminate\Foundation\Application->resolve()
#19 /var/www/vhosts/dealix.com.br/httpdocs/vendor/laravel/framework/src/Illuminate/Foundation/Application.php(770): Illuminate\Container\Container->make()
#20 /var/www/vhosts/dealix.com.br/httpdocs/vendor/october/rain/src/Foundation/Application.php(293): Illuminate\Foundation\Application->make()
#21 /var/www/vhosts/dealix.com.br/httpdocs/vendor/laravel/framework/src/Illuminate/Container/Container.php(1244): October\Rain\Foundation\Application->make()
#22 /var/www/vhosts/dealix.com.br/httpdocs/plugins/offline/sentry/Plugin.php(202): Illuminate\Container\Container->offsetGet()
#23 /var/www/vhosts/dealix.com.br/httpdocs/plugins/offline/sentry/Plugin.php(52): OFFLINE\Sentry\Plugin->registerSentryEvents()
#24 /var/www/vhosts/dealix.com.br/httpdocs/modules/system/classes/PluginManager.php(317): OFFLINE\Sentry\Plugin->boot()
#25 /var/www/vhosts/dealix.com.br/httpdocs/modules/system/classes/PluginManager.php(299): System\Classes\PluginManager->bootPlugin()
#26 /var/www/vhosts/dealix.com.br/httpdocs/modules/system/ServiceProvider.php(113): System\Classes\PluginManager->bootAll()
#27 /var/www/vhosts/dealix.com.br/httpdocs/vendor/laravel/framework/src/Illuminate/Container/BoundMethod.php(36): System\ServiceProvider->boot()
#28 /var/www/vhosts/dealix.com.br/httpdocs/vendor/laravel/framework/src/Illuminate/Container/Util.php(37): Illuminate\Container\BoundMethod::Illuminate\Container\{closure}()
#29 /var/www/vhosts/dealix.com.br/httpdocs/vendor/laravel/framework/src/Illuminate/Container/BoundMethod.php(93): Illuminate\Container\Util::unwrapIfClosure()
#30 /var/www/vhosts/dealix.com.br/httpdocs/vendor/laravel/framework/src/Illuminate/Container/BoundMethod.php(37): Illuminate\Container\BoundMethod::callBoundMethod()
#31 /var/www/vhosts/dealix.com.br/httpdocs/vendor/laravel/framework/src/Illuminate/Container/Container.php(590): Illuminate\Container\BoundMethod::call()
#32 /var/www/vhosts/dealix.com.br/httpdocs/vendor/laravel/framework/src/Illuminate/Foundation/Application.php(856): Illuminate\Container\Container->call()
#33 /var/www/vhosts/dealix.com.br/httpdocs/vendor/laravel/framework/src/Illuminate/Foundation/Application.php(839): Illuminate\Foundation\Application->bootProvider()
#34 [internal function]: Illuminate\Foundation\Application->Illuminate\Foundation\{closure}()
#35 /var/www/vhosts/dealix.com.br/httpdocs/vendor/laravel/framework/src/Illuminate/Foundation/Application.php(840): array_walk()
#36 /var/www/vhosts/dealix.com.br/httpdocs/vendor/laravel/framework/src/Illuminate/Foundation/Bootstrap/BootProviders.php(17): Illuminate\Foundation\Application->boot()
#37 /var/www/vhosts/dealix.com.br/httpdocs/vendor/october/rain/src/Foundation/Application.php(127): Illuminate\Foundation\Bootstrap\BootProviders->bootstrap()
#38 /var/www/vhosts/dealix.com.br/httpdocs/vendor/laravel/framework/src/Illuminate/Foundation/Http/Kernel.php(156): October\Rain\Foundation\Application->bootstrapWith()
#39 /var/www/vhosts/dealix.com.br/httpdocs/vendor/laravel/framework/src/Illuminate/Foundation/Http/Kernel.php(140): Illuminate\Foundation\Http\Kernel->bootstrap()
#40 /var/www/vhosts/dealix.com.br/httpdocs/vendor/laravel/framework/src/Illuminate/Foundation/Http/Kernel.php(110): Illuminate\Foundation\Http\Kernel->sendRequestThroughRouter()
#41 /var/www/vhosts/dealix.com.br/httpdocs/index.php(43): Illuminate\Foundation\Http\Kernel->handle()
#42 {main}  
